<?xml version="1.0" encoding="utf-8"?>
<!DOCTYPE coverage SYSTEM "http://cobertura.sourceforge.net/xml/coverage-04.dtd">
<coverage line-rate="0.819587628865979" branch-rate="1" lines-covered="795" lines-valid="970" branches-covered="0" branches-valid="0" complexity="298" version="0" timestamp="1704236754">
  <sources />
  <packages>
    <package name="Assembly-CSharp" line-rate="0.823834196891192" branch-rate="1" complexity="294">
      <classes>
        <class name="AudioManager" filename="D:/Projects/Unity/Avalon/Assets/Scripts/Managers/AudioManager.cs" line-rate="0.6" branch-rate="1" complexity="3">
          <methods>
            <method name="Awake" signature="()" line-rate="1" branch-rate="1" complexity="1">
              <lines>
                <line number="11" hits="6" branch="false" />
                <line number="12" hits="6" branch="false" />
                <line number="13" hits="6" branch="false" />
              </lines>
            </method>
            <method name="playSound" signature="(UnityEngine.AudioClip)" line-rate="1" branch-rate="1" complexity="NaN">
              <lines>
                <line number="16" hits="128" branch="false" />
                <line number="17" hits="128" branch="false" />
                <line number="18" hits="128" branch="false" />
              </lines>
            </method>
            <method name="pauseMusic" signature="()" line-rate="1" branch-rate="1" complexity="1">
              <lines>
                <line number="21" hits="2" branch="false" />
                <line number="22" hits="2" branch="false" />
                <line number="23" hits="2" branch="false" />
              </lines>
            </method>
            <method name="playMusic" signature="()" line-rate="0" branch-rate="1" complexity="1">
              <lines>
                <line number="26" hits="0" branch="false" />
                <line number="27" hits="0" branch="false" />
                <line number="28" hits="0" branch="false" />
              </lines>
            </method>
            <method name="setEffectsVolume" signature="(System.Single)" line-rate="0" branch-rate="1" complexity="NaN">
              <lines>
                <line number="31" hits="0" branch="false" />
                <line number="32" hits="0" branch="false" />
                <line number="33" hits="0" branch="false" />
              </lines>
            </method>
          </methods>
          <lines>
            <line number="11" hits="6" branch="false" />
            <line number="12" hits="6" branch="false" />
            <line number="13" hits="6" branch="false" />
            <line number="16" hits="128" branch="false" />
            <line number="17" hits="128" branch="false" />
            <line number="18" hits="128" branch="false" />
            <line number="21" hits="2" branch="false" />
            <line number="22" hits="2" branch="false" />
            <line number="23" hits="2" branch="false" />
            <line number="26" hits="0" branch="false" />
            <line number="27" hits="0" branch="false" />
            <line number="28" hits="0" branch="false" />
            <line number="31" hits="0" branch="false" />
            <line number="32" hits="0" branch="false" />
            <line number="33" hits="0" branch="false" />
          </lines>
        </class>
        <class name="BaseEnemy" filename="D:/Projects/Unity/Avalon/Assets/Scripts/Units/Enemies/BaseEnemy.cs" line-rate="0.966666666666667" branch-rate="1" complexity="16">
          <methods>
            <method name="newAI" signature="()" line-rate="0.966666666666667" branch-rate="1" complexity="16">
              <lines>
                <line number="88" hits="39" branch="false" />
                <line number="89" hits="39" branch="false" />
                <line number="91" hits="39" branch="false" />
                <line number="93" hits="581" branch="false" />
                <line number="94" hits="232" branch="false" />
                <line number="95" hits="232" branch="false" />
                <line number="96" hits="154" branch="false" />
                <line number="97" hits="154" branch="false" />
                <line number="100" hits="78" branch="false" />
                <line number="101" hits="78" branch="false" />
                <line number="103" hits="78" branch="false" />
                <line number="105" hits="78" branch="false" />
                <line number="106" hits="78" branch="false" />
                <line number="108" hits="78" branch="false" />
                <line number="109" hits="76" branch="false" />
                <line number="110" hits="76" branch="false" />
                <line number="111" hits="76" branch="false" />
                <line number="112" hits="78" branch="false" />
                <line number="114" hits="39" branch="false" />
                <line number="115" hits="16" branch="false" />
                <line number="116" hits="16" branch="false" />
                <line number="119" hits="23" branch="false" />
                <line number="120" hits="23" branch="false" />
                <line number="122" hits="198" branch="false" />
                <line number="123" hits="76" branch="false" />
                <line number="124" hits="76" branch="false" />
                <line number="125" hits="10" branch="false" />
                <line number="126" hits="10" branch="false" />
                <line number="127" hits="10" branch="false" />
                <line number="128" hits="10" branch="false" />
                <line number="129" hits="76" branch="false" />
                <line number="131" hits="23" branch="false" />
                <line number="133" hits="325" branch="false" />
                <line number="134" hits="128" branch="false" />
                <line number="135" hits="128" branch="false" />
                <line number="136" hits="56" branch="false" />
                <line number="137" hits="56" branch="false" />
                <line number="138" hits="56" branch="false" />
                <line number="139" hits="128" branch="false" />
                <line number="141" hits="23" branch="false" />
                <line number="143" hits="23" branch="false" />
                <line number="144" hits="23" branch="false" />
                <line number="146" hits="23" branch="false" />
                <line number="147" hits="23" branch="false" />
                <line number="149" hits="333" branch="false" />
                <line number="150" hits="132" branch="false" />
                <line number="151" hits="132" branch="false" />
                <line number="152" hits="14" branch="false" />
                <line number="153" hits="14" branch="false" />
                <line number="154" hits="14" branch="false" />
                <line number="155" hits="132" branch="false" />
                <line number="157" hits="23" branch="false" />
                <line number="158" hits="11" branch="false" />
                <line number="159" hits="11" branch="false" />
                <line number="160" hits="11" branch="false" />
                <line number="161" hits="11" branch="false" />
                <line number="162" hits="0" branch="false" />
                <line number="163" hits="0" branch="false" />
                <line number="165" hits="11" branch="false" />
                <line number="166" hits="23" branch="false" />
              </lines>
            </method>
          </methods>
          <lines>
            <line number="88" hits="39" branch="false" />
            <line number="89" hits="39" branch="false" />
            <line number="91" hits="39" branch="false" />
            <line number="93" hits="581" branch="false" />
            <line number="94" hits="232" branch="false" />
            <line number="95" hits="232" branch="false" />
            <line number="96" hits="154" branch="false" />
            <line number="97" hits="154" branch="false" />
            <line number="100" hits="78" branch="false" />
            <line number="101" hits="78" branch="false" />
            <line number="103" hits="78" branch="false" />
            <line number="105" hits="78" branch="false" />
            <line number="106" hits="78" branch="false" />
            <line number="108" hits="78" branch="false" />
            <line number="109" hits="76" branch="false" />
            <line number="110" hits="76" branch="false" />
            <line number="111" hits="76" branch="false" />
            <line number="112" hits="78" branch="false" />
            <line number="114" hits="39" branch="false" />
            <line number="115" hits="16" branch="false" />
            <line number="116" hits="16" branch="false" />
            <line number="119" hits="23" branch="false" />
            <line number="120" hits="23" branch="false" />
            <line number="122" hits="198" branch="false" />
            <line number="123" hits="76" branch="false" />
            <line number="124" hits="76" branch="false" />
            <line number="125" hits="10" branch="false" />
            <line number="126" hits="10" branch="false" />
            <line number="127" hits="10" branch="false" />
            <line number="128" hits="10" branch="false" />
            <line number="129" hits="76" branch="false" />
            <line number="131" hits="23" branch="false" />
            <line number="133" hits="325" branch="false" />
            <line number="134" hits="128" branch="false" />
            <line number="135" hits="128" branch="false" />
            <line number="136" hits="56" branch="false" />
            <line number="137" hits="56" branch="false" />
            <line number="138" hits="56" branch="false" />
            <line number="139" hits="128" branch="false" />
            <line number="141" hits="23" branch="false" />
            <line number="143" hits="23" branch="false" />
            <line number="144" hits="23" branch="false" />
            <line number="146" hits="23" branch="false" />
            <line number="147" hits="23" branch="false" />
            <line number="149" hits="333" branch="false" />
            <line number="150" hits="132" branch="false" />
            <line number="151" hits="132" branch="false" />
            <line number="152" hits="14" branch="false" />
            <line number="153" hits="14" branch="false" />
            <line number="154" hits="14" branch="false" />
            <line number="155" hits="132" branch="false" />
            <line number="157" hits="23" branch="false" />
            <line number="158" hits="11" branch="false" />
            <line number="159" hits="11" branch="false" />
            <line number="160" hits="11" branch="false" />
            <line number="161" hits="11" branch="false" />
            <line number="162" hits="0" branch="false" />
            <line number="163" hits="0" branch="false" />
            <line number="165" hits="11" branch="false" />
            <line number="166" hits="23" branch="false" />
          </lines>
        </class>
        <class name="BaseHero" filename="D:/Projects/Unity/Avalon/Assets/Scripts/Units/Heroes/BaseHero.cs" line-rate="1" branch-rate="1" complexity="2">
          <methods>
            <method name="Start" signature="()" line-rate="1" branch-rate="1" complexity="1">
              <lines>
                <line number="9" hits="11" branch="false" />
                <line number="11" hits="11" branch="false" />
              </lines>
            </method>
            <method name="Update" signature="()" line-rate="1" branch-rate="1" complexity="1">
              <lines>
                <line number="15" hits="412871" branch="false" />
                <line number="17" hits="412871" branch="false" />
              </lines>
            </method>
          </methods>
          <lines>
            <line number="9" hits="11" branch="false" />
            <line number="11" hits="11" branch="false" />
            <line number="15" hits="412871" branch="false" />
            <line number="17" hits="412871" branch="false" />
          </lines>
        </class>
        <class name="BaseUnit" filename="D:/Projects/Unity/Avalon/Assets/Scripts/Units/BaseUnit.cs" line-rate="0.977011494252874" branch-rate="1" complexity="17">
          <methods>
            <method name="Awake" signature="()" line-rate="1" branch-rate="1" complexity="2">
              <lines>
                <line number="29" hits="25" branch="false" />
                <line number="30" hits="25" branch="false" />
                <line number="31" hits="25" branch="false" />
                <line number="32" hits="11" branch="false" />
                <line number="33" hits="11" branch="false" />
                <line number="34" hits="11" branch="false" />
                <line number="35" hits="25" branch="false" />
              </lines>
            </method>
            <method name="Attack" signature="(BaseUnit)" line-rate="1" branch-rate="1" complexity="NaN">
              <lines>
                <line number="38" hits="31" branch="false" />
                <line number="39" hits="31" branch="false" />
                <line number="40" hits="31" branch="false" />
                <line number="41" hits="31" branch="false" />
                <line number="42" hits="31" branch="false" />
                <line number="43" hits="31" branch="false" />
                <line number="44" hits="31" branch="false" />
              </lines>
            </method>
            <method name="attackValue" signature="(BaseUnit)" line-rate="1" branch-rate="1" complexity="NaN">
              <lines>
                <line number="47" hits="43" branch="false" />
                <line number="48" hits="43" branch="false" />
                <line number="49" hits="43" branch="false" />
                <line number="50" hits="3" branch="false" />
                <line number="51" hits="3" branch="false" />
                <line number="52" hits="3" branch="false" />
                <line number="53" hits="43" branch="false" />
                <line number="54" hits="43" branch="false" />
                <line number="55" hits="43" branch="false" />
                <line number="56" hits="43" branch="false" />
              </lines>
            </method>
            <method name="modifyHealth" signature="(System.Single)" line-rate="1" branch-rate="1" complexity="NaN">
              <lines>
                <line number="59" hits="43" branch="false" />
                <line number="60" hits="43" branch="false" />
                <line number="61" hits="43" branch="false" />
                <line number="62" hits="15" branch="false" />
                <line number="63" hits="15" branch="false" />
                <line number="64" hits="14" branch="false" />
                <line number="65" hits="14" branch="false" />
                <line number="66" hits="14" branch="false" />
                <line number="68" hits="1" branch="false" />
                <line number="69" hits="1" branch="false" />
                <line number="70" hits="1" branch="false" />
                <line number="71" hits="15" branch="false" />
                <line number="72" hits="15" branch="false" />
                <line number="73" hits="43" branch="false" />
              </lines>
            </method>
            <method name="findValidMovement" signature="()" line-rate="1" branch-rate="1" complexity="12">
              <lines>
                <line number="76" hits="96" branch="false" />
                <line number="77" hits="1536" branch="false" />
                <line number="78" hits="672" branch="false" />
                <line number="79" hits="10752" branch="false" />
                <line number="80" hits="4704" branch="false" />
                <line number="81" hits="4704" branch="false" />
                <line number="82" hits="662" branch="false" />
                <line number="83" hits="662" branch="false" />
                <line number="86" hits="4042" branch="false" />
                <line number="87" hits="4042" branch="false" />
                <line number="88" hits="579" branch="false" />
                <line number="89" hits="579" branch="false" />
                <line number="92" hits="3463" branch="false" />
                <line number="94" hits="3463" branch="false" />
                <line number="95" hits="73" branch="false" />
                <line number="96" hits="73" branch="false" />
                <line number="97" hits="73" branch="false" />
                <line number="98" hits="73" branch="false" />
                <line number="100" hits="3463" branch="false" />
                <line number="101" hits="1376" branch="false" />
                <line number="102" hits="1376" branch="false" />
                <line number="103" hits="747" branch="false" />
                <line number="104" hits="747" branch="false" />
                <line number="105" hits="747" branch="false" />
                <line number="106" hits="1376" branch="false" />
                <line number="107" hits="1376" branch="false" />
                <line number="109" hits="3463" branch="false" />
                <line number="110" hits="2089" branch="false" />
                <line number="111" hits="2089" branch="false" />
                <line number="112" hits="2089" branch="false" />
                <line number="113" hits="3463" branch="false" />
                <line number="114" hits="672" branch="false" />
                <line number="115" hits="96" branch="false" />
              </lines>
            </method>
            <method name="setUnitMovementHighlight" signature="(System.Boolean)" line-rate="1" branch-rate="1" complexity="NaN">
              <lines>
                <line number="118" hits="2089" branch="false" />
                <line number="119" hits="36367" branch="false" />
                <line number="120" hits="15050" branch="false" />
                <line number="121" hits="15050" branch="false" />
                <line number="122" hits="15050" branch="false" />
                <line number="123" hits="2089" branch="false" />
              </lines>
            </method>
            <method name="calculateBuffs" signature="()" line-rate="1" branch-rate="1" complexity="1">
              <lines>
                <line number="126" hits="90" branch="false" />
                <line number="127" hits="90" branch="false" />
                <line number="128" hits="90" branch="false" />
                <line number="129" hits="90" branch="false" />
              </lines>
            </method>
            <method name="deactivateUnit" signature="()" line-rate="0" branch-rate="1" complexity="1">
              <lines>
                <line number="132" hits="0" branch="false" />
                <line number="134" hits="0" branch="false" />
              </lines>
            </method>
            <method name="BaseUnit" signature="()" line-rate="1" branch-rate="1" complexity="1">
              <lines>
                <line number="18" hits="33" branch="false" />
                <line number="19" hits="33" branch="false" />
                <line number="20" hits="33" branch="false" />
                <line number="21" hits="33" branch="false" />
              </lines>
            </method>
          </methods>
          <lines>
            <line number="18" hits="33" branch="false" />
            <line number="19" hits="33" branch="false" />
            <line number="20" hits="33" branch="false" />
            <line number="21" hits="33" branch="false" />
            <line number="29" hits="25" branch="false" />
            <line number="30" hits="25" branch="false" />
            <line number="31" hits="25" branch="false" />
            <line number="32" hits="11" branch="false" />
            <line number="33" hits="11" branch="false" />
            <line number="34" hits="11" branch="false" />
            <line number="35" hits="25" branch="false" />
            <line number="38" hits="31" branch="false" />
            <line number="39" hits="31" branch="false" />
            <line number="40" hits="31" branch="false" />
            <line number="41" hits="31" branch="false" />
            <line number="42" hits="31" branch="false" />
            <line number="43" hits="31" branch="false" />
            <line number="44" hits="31" branch="false" />
            <line number="47" hits="43" branch="false" />
            <line number="48" hits="43" branch="false" />
            <line number="49" hits="43" branch="false" />
            <line number="50" hits="3" branch="false" />
            <line number="51" hits="3" branch="false" />
            <line number="52" hits="3" branch="false" />
            <line number="53" hits="43" branch="false" />
            <line number="54" hits="43" branch="false" />
            <line number="55" hits="43" branch="false" />
            <line number="56" hits="43" branch="false" />
            <line number="59" hits="43" branch="false" />
            <line number="60" hits="43" branch="false" />
            <line number="61" hits="43" branch="false" />
            <line number="62" hits="15" branch="false" />
            <line number="63" hits="15" branch="false" />
            <line number="64" hits="14" branch="false" />
            <line number="65" hits="14" branch="false" />
            <line number="66" hits="14" branch="false" />
            <line number="68" hits="1" branch="false" />
            <line number="69" hits="1" branch="false" />
            <line number="70" hits="1" branch="false" />
            <line number="71" hits="15" branch="false" />
            <line number="72" hits="15" branch="false" />
            <line number="73" hits="43" branch="false" />
            <line number="76" hits="96" branch="false" />
            <line number="77" hits="1536" branch="false" />
            <line number="78" hits="672" branch="false" />
            <line number="79" hits="10752" branch="false" />
            <line number="80" hits="4704" branch="false" />
            <line number="81" hits="4704" branch="false" />
            <line number="82" hits="662" branch="false" />
            <line number="83" hits="662" branch="false" />
            <line number="86" hits="4042" branch="false" />
            <line number="87" hits="4042" branch="false" />
            <line number="88" hits="579" branch="false" />
            <line number="89" hits="579" branch="false" />
            <line number="92" hits="3463" branch="false" />
            <line number="94" hits="3463" branch="false" />
            <line number="95" hits="73" branch="false" />
            <line number="96" hits="73" branch="false" />
            <line number="97" hits="73" branch="false" />
            <line number="98" hits="73" branch="false" />
            <line number="100" hits="3463" branch="false" />
            <line number="101" hits="1376" branch="false" />
            <line number="102" hits="1376" branch="false" />
            <line number="103" hits="747" branch="false" />
            <line number="104" hits="747" branch="false" />
            <line number="105" hits="747" branch="false" />
            <line number="106" hits="1376" branch="false" />
            <line number="107" hits="1376" branch="false" />
            <line number="109" hits="3463" branch="false" />
            <line number="110" hits="2089" branch="false" />
            <line number="111" hits="2089" branch="false" />
            <line number="112" hits="2089" branch="false" />
            <line number="113" hits="3463" branch="false" />
            <line number="114" hits="672" branch="false" />
            <line number="115" hits="96" branch="false" />
            <line number="118" hits="2089" branch="false" />
            <line number="119" hits="36367" branch="false" />
            <line number="120" hits="15050" branch="false" />
            <line number="121" hits="15050" branch="false" />
            <line number="122" hits="15050" branch="false" />
            <line number="123" hits="2089" branch="false" />
            <line number="126" hits="90" branch="false" />
            <line number="127" hits="90" branch="false" />
            <line number="128" hits="90" branch="false" />
            <line number="129" hits="90" branch="false" />
            <line number="132" hits="0" branch="false" />
            <line number="134" hits="0" branch="false" />
          </lines>
        </class>
        <class name="ColorBlindFilter" filename="D:/Projects/Unity/Avalon/Assets/Colorblind/ColorBlindFilter.cs" line-rate="0.666666666666667" branch-rate="1" complexity="3">
          <methods>
            <method name="Awake" signature="()" line-rate="1" branch-rate="1" complexity="1">
              <lines>
                <line number="42" hits="2" branch="false" />
                <line number="43" hits="2" branch="false" />
                <line number="44" hits="2" branch="false" />
                <line number="45" hits="2" branch="false" />
                <line number="46" hits="2" branch="false" />
                <line number="47" hits="2" branch="false" />
              </lines>
            </method>
            <method name="OnRenderImage" signature="(UnityEngine.RenderTexture, UnityEngine.RenderTexture)" line-rate="0.428571428571429" branch-rate="1" complexity="NaN">
              <lines>
                <line number="50" hits="71055" branch="false" />
                <line number="52" hits="71055" branch="false" />
                <line number="53" hits="71055" branch="false" />
                <line number="54" hits="71055" branch="false" />
                <line number="55" hits="71055" branch="false" />
                <line number="59" hits="0" branch="false" />
                <line number="60" hits="0" branch="false" />
                <line number="61" hits="0" branch="false" />
                <line number="62" hits="0" branch="false" />
                <line number="63" hits="0" branch="false" />
                <line number="64" hits="0" branch="false" />
                <line number="65" hits="0" branch="false" />
                <line number="68" hits="0" branch="false" />
                <line number="69" hits="71055" branch="false" />
              </lines>
            </method>
            <method name="ColorBlindFilter" signature="()" line-rate="1" branch-rate="1" complexity="1">
              <lines>
                <line number="21" hits="2" branch="false" />
                <line number="22" hits="2" branch="false" />
                <line number="24" hits="2" branch="false" />
              </lines>
            </method>
            <method name="ColorBlindFilter" signature="()" line-rate="1" branch-rate="1" complexity="1">
              <lines>
                <line number="28" hits="1" branch="false" />
              </lines>
            </method>
          </methods>
          <lines>
            <line number="21" hits="2" branch="false" />
            <line number="22" hits="2" branch="false" />
            <line number="24" hits="2" branch="false" />
            <line number="28" hits="1" branch="false" />
            <line number="42" hits="2" branch="false" />
            <line number="43" hits="2" branch="false" />
            <line number="44" hits="2" branch="false" />
            <line number="45" hits="2" branch="false" />
            <line number="46" hits="2" branch="false" />
            <line number="47" hits="2" branch="false" />
            <line number="50" hits="71055" branch="false" />
            <line number="52" hits="71055" branch="false" />
            <line number="53" hits="71055" branch="false" />
            <line number="54" hits="71055" branch="false" />
            <line number="55" hits="71055" branch="false" />
            <line number="59" hits="0" branch="false" />
            <line number="60" hits="0" branch="false" />
            <line number="61" hits="0" branch="false" />
            <line number="62" hits="0" branch="false" />
            <line number="63" hits="0" branch="false" />
            <line number="64" hits="0" branch="false" />
            <line number="65" hits="0" branch="false" />
            <line number="68" hits="0" branch="false" />
            <line number="69" hits="71055" branch="false" />
          </lines>
        </class>
        <class name="Debilitate" filename="D:/Projects/Unity/Avalon/Assets/Scripts/Skills/Debilitate.cs" line-rate="1" branch-rate="1" complexity="NaN">
          <methods>
            <method name="Activate" signature="(BaseUnit, BaseUnit)" line-rate="1" branch-rate="1" complexity="NaN">
              <lines>
                <line number="11" hits="12" branch="false" />
                <line number="12" hits="12" branch="false" />
                <line number="13" hits="12" branch="false" />
                <line number="14" hits="10" branch="false" />
                <line number="15" hits="10" branch="false" />
                <line number="16" hits="10" branch="false" />
                <line number="17" hits="10" branch="false" />
                <line number="18" hits="12" branch="false" />
              </lines>
            </method>
          </methods>
          <lines>
            <line number="11" hits="12" branch="false" />
            <line number="12" hits="12" branch="false" />
            <line number="13" hits="12" branch="false" />
            <line number="14" hits="10" branch="false" />
            <line number="15" hits="10" branch="false" />
            <line number="16" hits="10" branch="false" />
            <line number="17" hits="10" branch="false" />
            <line number="18" hits="12" branch="false" />
          </lines>
        </class>
        <class name="EnemyOne" filename="D:/Projects/Unity/Avalon/Assets/Scripts/Units/Enemies/EnemyOne.cs" line-rate="1" branch-rate="1" complexity="2">
          <methods>
            <method name="Start" signature="()" line-rate="1" branch-rate="1" complexity="1">
              <lines>
                <line number="9" hits="14" branch="false" />
                <line number="11" hits="14" branch="false" />
              </lines>
            </method>
            <method name="Update" signature="()" line-rate="1" branch-rate="1" complexity="1">
              <lines>
                <line number="15" hits="353045" branch="false" />
                <line number="17" hits="353045" branch="false" />
              </lines>
            </method>
          </methods>
          <lines>
            <line number="9" hits="14" branch="false" />
            <line number="11" hits="14" branch="false" />
            <line number="15" hits="353045" branch="false" />
            <line number="17" hits="353045" branch="false" />
          </lines>
        </class>
        <class name="GameManager" filename="D:/Projects/Unity/Avalon/Assets/Scripts/Managers/GameManager.cs" line-rate="0.615384615384615" branch-rate="1" complexity="13">
          <methods>
            <method name="Awake" signature="()" line-rate="1" branch-rate="1" complexity="1">
              <lines>
                <line number="16" hits="2" branch="false" />
                <line number="17" hits="2" branch="false" />
                <line number="18" hits="2" branch="false" />
              </lines>
            </method>
            <method name="Start" signature="()" line-rate="1" branch-rate="1" complexity="1">
              <lines>
                <line number="22" hits="2" branch="false" />
                <line number="23" hits="2" branch="false" />
                <line number="24" hits="2" branch="false" />
              </lines>
            </method>
            <method name="Update" signature="()" line-rate="0.230769230769231" branch-rate="1" complexity="3">
              <lines>
                <line number="27" hits="71055" branch="false" />
                <line number="28" hits="71055" branch="false" />
                <line number="29" hits="0" branch="false" />
                <line number="30" hits="0" branch="false" />
                <line number="31" hits="0" branch="false" />
                <line number="32" hits="0" branch="false" />
                <line number="33" hits="0" branch="false" />
                <line number="35" hits="0" branch="false" />
                <line number="36" hits="0" branch="false" />
                <line number="37" hits="0" branch="false" />
                <line number="38" hits="0" branch="false" />
                <line number="39" hits="0" branch="false" />
                <line number="40" hits="71055" branch="false" />
              </lines>
            </method>
            <method name="ChangeState" signature="(GameState)" line-rate="0.714285714285714" branch-rate="1" complexity="NaN">
              <lines>
                <line number="43" hits="37" branch="false" />
                <line number="44" hits="37" branch="false" />
                <line number="45" hits="0" branch="false" />
                <line number="46" hits="0" branch="false" />
                <line number="47" hits="0" branch="false" />
                <line number="50" hits="37" branch="false" />
                <line number="52" hits="37" branch="false" />
                <line number="55" hits="2" branch="false" />
                <line number="56" hits="2" branch="false" />
                <line number="58" hits="2" branch="false" />
                <line number="59" hits="2" branch="false" />
                <line number="61" hits="2" branch="false" />
                <line number="62" hits="2" branch="false" />
                <line number="64" hits="11" branch="false" />
                <line number="65" hits="11" branch="false" />
                <line number="67" hits="9" branch="false" />
                <line number="68" hits="9" branch="false" />
                <line number="69" hits="9" branch="false" />
                <line number="71" hits="9" branch="false" />
                <line number="72" hits="9" branch="false" />
                <line number="74" hits="2" branch="false" />
                <line number="75" hits="2" branch="false" />
                <line number="77" hits="0" branch="false" />
                <line number="78" hits="0" branch="false" />
                <line number="80" hits="0" branch="false" />
                <line number="81" hits="0" branch="false" />
                <line number="83" hits="0" branch="false" />
                <line number="85" hits="37" branch="false" />
              </lines>
            </method>
            <method name="turnChange" signature="()" line-rate="1" branch-rate="1" complexity="3">
              <lines>
                <line number="88" hits="9" branch="false" />
                <line number="89" hits="125" branch="false" />
                <line number="90" hits="49" branch="false" />
                <line number="91" hits="49" branch="false" />
                <line number="92" hits="49" branch="false" />
                <line number="93" hits="105" branch="false" />
                <line number="94" hits="39" branch="false" />
                <line number="95" hits="39" branch="false" />
                <line number="96" hits="39" branch="false" />
                <line number="98" hits="9" branch="false" />
                <line number="100" hits="9" branch="false" />
                <line number="102" hits="9" branch="false" />
                <line number="103" hits="9" branch="false" />
              </lines>
            </method>
            <method name="victory" signature="()" line-rate="1" branch-rate="1" complexity="1">
              <lines>
                <line number="106" hits="2" branch="false" />
                <line number="107" hits="2" branch="false" />
                <line number="108" hits="2" branch="false" />
                <line number="109" hits="2" branch="false" />
                <line number="110" hits="2" branch="false" />
              </lines>
            </method>
            <method name="gameOver" signature="()" line-rate="0" branch-rate="1" complexity="1">
              <lines>
                <line number="113" hits="0" branch="false" />
                <line number="114" hits="0" branch="false" />
                <line number="115" hits="0" branch="false" />
                <line number="116" hits="0" branch="false" />
                <line number="117" hits="0" branch="false" />
              </lines>
            </method>
            <method name="pauseGame" signature="()" line-rate="0" branch-rate="1" complexity="1">
              <lines>
                <line number="120" hits="0" branch="false" />
                <line number="121" hits="0" branch="false" />
                <line number="122" hits="0" branch="false" />
              </lines>
            </method>
            <method name="unpauseGame" signature="()" line-rate="0" branch-rate="1" complexity="1">
              <lines>
                <line number="125" hits="0" branch="false" />
                <line number="126" hits="0" branch="false" />
                <line number="127" hits="0" branch="false" />
                <line number="128" hits="0" branch="false" />
              </lines>
            </method>
            <method name="GameManager" signature="()" line-rate="1" branch-rate="1" complexity="1">
              <lines>
                <line number="11" hits="2" branch="false" />
              </lines>
            </method>
          </methods>
          <lines>
            <line number="11" hits="2" branch="false" />
            <line number="16" hits="2" branch="false" />
            <line number="17" hits="2" branch="false" />
            <line number="18" hits="2" branch="false" />
            <line number="22" hits="2" branch="false" />
            <line number="23" hits="2" branch="false" />
            <line number="24" hits="2" branch="false" />
            <line number="27" hits="71055" branch="false" />
            <line number="28" hits="71055" branch="false" />
            <line number="29" hits="0" branch="false" />
            <line number="30" hits="0" branch="false" />
            <line number="31" hits="0" branch="false" />
            <line number="32" hits="0" branch="false" />
            <line number="33" hits="0" branch="false" />
            <line number="35" hits="0" branch="false" />
            <line number="36" hits="0" branch="false" />
            <line number="37" hits="0" branch="false" />
            <line number="38" hits="0" branch="false" />
            <line number="39" hits="0" branch="false" />
            <line number="40" hits="71055" branch="false" />
            <line number="43" hits="37" branch="false" />
            <line number="44" hits="37" branch="false" />
            <line number="45" hits="0" branch="false" />
            <line number="46" hits="0" branch="false" />
            <line number="47" hits="0" branch="false" />
            <line number="50" hits="37" branch="false" />
            <line number="52" hits="37" branch="false" />
            <line number="55" hits="2" branch="false" />
            <line number="56" hits="2" branch="false" />
            <line number="58" hits="2" branch="false" />
            <line number="59" hits="2" branch="false" />
            <line number="61" hits="2" branch="false" />
            <line number="62" hits="2" branch="false" />
            <line number="64" hits="11" branch="false" />
            <line number="65" hits="11" branch="false" />
            <line number="67" hits="9" branch="false" />
            <line number="68" hits="9" branch="false" />
            <line number="69" hits="9" branch="false" />
            <line number="71" hits="9" branch="false" />
            <line number="72" hits="9" branch="false" />
            <line number="74" hits="2" branch="false" />
            <line number="75" hits="2" branch="false" />
            <line number="77" hits="0" branch="false" />
            <line number="78" hits="0" branch="false" />
            <line number="80" hits="0" branch="false" />
            <line number="81" hits="0" branch="false" />
            <line number="83" hits="0" branch="false" />
            <line number="85" hits="37" branch="false" />
            <line number="88" hits="9" branch="false" />
            <line number="89" hits="125" branch="false" />
            <line number="90" hits="49" branch="false" />
            <line number="91" hits="49" branch="false" />
            <line number="92" hits="49" branch="false" />
            <line number="93" hits="105" branch="false" />
            <line number="94" hits="39" branch="false" />
            <line number="95" hits="39" branch="false" />
            <line number="96" hits="39" branch="false" />
            <line number="98" hits="9" branch="false" />
            <line number="100" hits="9" branch="false" />
            <line number="102" hits="9" branch="false" />
            <line number="103" hits="9" branch="false" />
            <line number="106" hits="2" branch="false" />
            <line number="107" hits="2" branch="false" />
            <line number="108" hits="2" branch="false" />
            <line number="109" hits="2" branch="false" />
            <line number="110" hits="2" branch="false" />
            <line number="113" hits="0" branch="false" />
            <line number="114" hits="0" branch="false" />
            <line number="115" hits="0" branch="false" />
            <line number="116" hits="0" branch="false" />
            <line number="117" hits="0" branch="false" />
            <line number="120" hits="0" branch="false" />
            <line number="121" hits="0" branch="false" />
            <line number="122" hits="0" branch="false" />
            <line number="125" hits="0" branch="false" />
            <line number="126" hits="0" branch="false" />
            <line number="127" hits="0" branch="false" />
            <line number="128" hits="0" branch="false" />
          </lines>
        </class>
        <class name="GrassTile" filename="D:/Projects/Unity/Avalon/Assets/Scripts/Tiles/GrassTile.cs" line-rate="0" branch-rate="1" complexity="NaN">
          <methods>
            <method name="Init" signature="(System.Int32, System.Int32)" line-rate="0" branch-rate="1" complexity="NaN">
              <lines>
                <line number="10" hits="0" branch="false" />
                <line number="11" hits="0" branch="false" />
                <line number="12" hits="0" branch="false" />
                <line number="13" hits="0" branch="false" />
              </lines>
            </method>
          </methods>
          <lines>
            <line number="10" hits="0" branch="false" />
            <line number="11" hits="0" branch="false" />
            <line number="12" hits="0" branch="false" />
            <line number="13" hits="0" branch="false" />
          </lines>
        </class>
        <class name="GridManager" filename="D:/Projects/Unity/Avalon/Assets/Scripts/Managers/GridManager.cs" line-rate="0.869565217391304" branch-rate="1" complexity="7">
          <methods>
            <method name="Awake" signature="()" line-rate="1" branch-rate="1" complexity="1">
              <lines>
                <line number="19" hits="2" branch="false" />
                <line number="20" hits="2" branch="false" />
                <line number="21" hits="2" branch="false" />
              </lines>
            </method>
            <method name="generateGrid" signature="()" line-rate="1" branch-rate="1" complexity="5">
              <lines>
                <line number="24" hits="2" branch="false" />
                <line number="25" hits="2" branch="false" />
                <line number="26" hits="2" branch="false" />
                <line number="28" hits="56" branch="false" />
                <line number="29" hits="26" branch="false" />
                <line number="30" hits="520" branch="false" />
                <line number="31" hits="234" branch="false" />
                <line number="32" hits="234" branch="false" />
                <line number="33" hits="234" branch="false" />
                <line number="35" hits="234" branch="false" />
                <line number="36" hits="234" branch="false" />
                <line number="37" hits="234" branch="false" />
                <line number="38" hits="26" branch="false" />
                <line number="40" hits="106" branch="false" />
                <line number="41" hits="50" branch="false" />
                <line number="42" hits="50" branch="false" />
                <line number="43" hits="50" branch="false" />
                <line number="44" hits="50" branch="false" />
                <line number="45" hits="50" branch="false" />
                <line number="46" hits="50" branch="false" />
                <line number="47" hits="50" branch="false" />
                <line number="48" hits="50" branch="false" />
                <line number="49" hits="50" branch="false" />
                <line number="50" hits="50" branch="false" />
                <line number="51" hits="50" branch="false" />
                <line number="52" hits="50" branch="false" />
                <line number="53" hits="50" branch="false" />
                <line number="55" hits="2" branch="false" />
                <line number="57" hits="2" branch="false" />
                <line number="58" hits="2" branch="false" />
              </lines>
            </method>
            <method name="GetTileAtPoint" signature="(UnityEngine.Vector2)" line-rate="1" branch-rate="1" complexity="NaN">
              <lines>
                <line number="61" hits="105716" branch="false" />
                <line number="62" hits="105716" branch="false" />
                <line number="63" hits="103319" branch="false" />
                <line number="64" hits="103319" branch="false" />
                <line number="67" hits="2397" branch="false" />
                <line number="68" hits="105716" branch="false" />
              </lines>
            </method>
            <method name="GetAiPathTileAtPoint" signature="(UnityEngine.Vector2)" line-rate="0" branch-rate="1" complexity="NaN">
              <lines>
                <line number="71" hits="0" branch="false" />
                <line number="72" hits="0" branch="false" />
                <line number="73" hits="0" branch="false" />
                <line number="74" hits="0" branch="false" />
                <line number="77" hits="0" branch="false" />
                <line number="78" hits="0" branch="false" />
              </lines>
            </method>
            <method name="GridManager" signature="()" line-rate="1" branch-rate="1" complexity="1">
              <lines>
                <line number="14" hits="2" branch="false" />
              </lines>
            </method>
          </methods>
          <lines>
            <line number="14" hits="2" branch="false" />
            <line number="19" hits="2" branch="false" />
            <line number="20" hits="2" branch="false" />
            <line number="21" hits="2" branch="false" />
            <line number="24" hits="2" branch="false" />
            <line number="25" hits="2" branch="false" />
            <line number="26" hits="2" branch="false" />
            <line number="28" hits="56" branch="false" />
            <line number="29" hits="26" branch="false" />
            <line number="30" hits="520" branch="false" />
            <line number="31" hits="234" branch="false" />
            <line number="32" hits="234" branch="false" />
            <line number="33" hits="234" branch="false" />
            <line number="35" hits="234" branch="false" />
            <line number="36" hits="234" branch="false" />
            <line number="37" hits="234" branch="false" />
            <line number="38" hits="26" branch="false" />
            <line number="40" hits="106" branch="false" />
            <line number="41" hits="50" branch="false" />
            <line number="42" hits="50" branch="false" />
            <line number="43" hits="50" branch="false" />
            <line number="44" hits="50" branch="false" />
            <line number="45" hits="50" branch="false" />
            <line number="46" hits="50" branch="false" />
            <line number="47" hits="50" branch="false" />
            <line number="48" hits="50" branch="false" />
            <line number="49" hits="50" branch="false" />
            <line number="50" hits="50" branch="false" />
            <line number="51" hits="50" branch="false" />
            <line number="52" hits="50" branch="false" />
            <line number="53" hits="50" branch="false" />
            <line number="55" hits="2" branch="false" />
            <line number="57" hits="2" branch="false" />
            <line number="58" hits="2" branch="false" />
            <line number="61" hits="105716" branch="false" />
            <line number="62" hits="105716" branch="false" />
            <line number="63" hits="103319" branch="false" />
            <line number="64" hits="103319" branch="false" />
            <line number="67" hits="2397" branch="false" />
            <line number="68" hits="105716" branch="false" />
            <line number="71" hits="0" branch="false" />
            <line number="72" hits="0" branch="false" />
            <line number="73" hits="0" branch="false" />
            <line number="74" hits="0" branch="false" />
            <line number="77" hits="0" branch="false" />
            <line number="78" hits="0" branch="false" />
          </lines>
        </class>
        <class name="Heal" filename="D:/Projects/Unity/Avalon/Assets/Scripts/Skills/Heal.cs" line-rate="0.939393939393939" branch-rate="1" complexity="NaN">
          <methods>
            <method name="Activate" signature="(BaseUnit, BaseUnit)" line-rate="0.939393939393939" branch-rate="1" complexity="NaN">
              <lines>
                <line number="10" hits="2" branch="false" />
                <line number="11" hits="2" branch="false" />
                <line number="12" hits="2" branch="false" />
                <line number="14" hits="24" branch="false" />
                <line number="15" hits="10" branch="false" />
                <line number="16" hits="120" branch="false" />
                <line number="17" hits="50" branch="false" />
                <line number="18" hits="50" branch="false" />
                <line number="19" hits="50" branch="false" />
                <line number="20" hits="0" branch="false" />
                <line number="21" hits="0" branch="false" />
                <line number="24" hits="50" branch="false" />
                <line number="26" hits="50" branch="false" />
                <line number="27" hits="50" branch="false" />
                <line number="28" hits="50" branch="false" />
                <line number="29" hits="9" branch="false" />
                <line number="30" hits="9" branch="false" />
                <line number="31" hits="9" branch="false" />
                <line number="32" hits="5" branch="false" />
                <line number="33" hits="5" branch="false" />
                <line number="34" hits="5" branch="false" />
                <line number="35" hits="9" branch="false" />
                <line number="36" hits="9" branch="false" />
                <line number="37" hits="50" branch="false" />
                <line number="38" hits="10" branch="false" />
                <line number="40" hits="2" branch="false" />
                <line number="42" hits="2" branch="false" />
                <line number="43" hits="2" branch="false" />
                <line number="44" hits="2" branch="false" />
                <line number="45" hits="2" branch="false" />
                <line number="47" hits="2" branch="false" />
                <line number="48" hits="2" branch="false" />
                <line number="49" hits="2" branch="false" />
              </lines>
            </method>
          </methods>
          <lines>
            <line number="10" hits="2" branch="false" />
            <line number="11" hits="2" branch="false" />
            <line number="12" hits="2" branch="false" />
            <line number="14" hits="24" branch="false" />
            <line number="15" hits="10" branch="false" />
            <line number="16" hits="120" branch="false" />
            <line number="17" hits="50" branch="false" />
            <line number="18" hits="50" branch="false" />
            <line number="19" hits="50" branch="false" />
            <line number="20" hits="0" branch="false" />
            <line number="21" hits="0" branch="false" />
            <line number="24" hits="50" branch="false" />
            <line number="26" hits="50" branch="false" />
            <line number="27" hits="50" branch="false" />
            <line number="28" hits="50" branch="false" />
            <line number="29" hits="9" branch="false" />
            <line number="30" hits="9" branch="false" />
            <line number="31" hits="9" branch="false" />
            <line number="32" hits="5" branch="false" />
            <line number="33" hits="5" branch="false" />
            <line number="34" hits="5" branch="false" />
            <line number="35" hits="9" branch="false" />
            <line number="36" hits="9" branch="false" />
            <line number="37" hits="50" branch="false" />
            <line number="38" hits="10" branch="false" />
            <line number="40" hits="2" branch="false" />
            <line number="42" hits="2" branch="false" />
            <line number="43" hits="2" branch="false" />
            <line number="44" hits="2" branch="false" />
            <line number="45" hits="2" branch="false" />
            <line number="47" hits="2" branch="false" />
            <line number="48" hits="2" branch="false" />
            <line number="49" hits="2" branch="false" />
          </lines>
        </class>
        <class name="Healthbar" filename="D:/Projects/Unity/Avalon/Assets/Scripts/Healthbar.cs" line-rate="1" branch-rate="1" complexity="1">
          <methods>
            <method name="setMaxHealth" signature="(System.Single)" line-rate="1" branch-rate="1" complexity="NaN">
              <lines>
                <line number="12" hits="25" branch="false" />
                <line number="13" hits="25" branch="false" />
                <line number="14" hits="25" branch="false" />
                <line number="15" hits="25" branch="false" />
              </lines>
            </method>
            <method name="setValue" signature="(System.Single)" line-rate="1" branch-rate="1" complexity="NaN">
              <lines>
                <line number="18" hits="77" branch="false" />
                <line number="19" hits="77" branch="false" />
                <line number="20" hits="77" branch="false" />
              </lines>
            </method>
            <method name="setColor" signature="(UnityEngine.Color)" line-rate="1" branch-rate="1" complexity="NaN">
              <lines>
                <line number="23" hits="25" branch="false" />
                <line number="24" hits="25" branch="false" />
                <line number="25" hits="25" branch="false" />
              </lines>
            </method>
            <method name="getValue" signature="()" line-rate="1" branch-rate="1" complexity="1">
              <lines>
                <line number="28" hits="43" branch="false" />
                <line number="29" hits="43" branch="false" />
                <line number="30" hits="43" branch="false" />
              </lines>
            </method>
          </methods>
          <lines>
            <line number="12" hits="25" branch="false" />
            <line number="13" hits="25" branch="false" />
            <line number="14" hits="25" branch="false" />
            <line number="15" hits="25" branch="false" />
            <line number="18" hits="77" branch="false" />
            <line number="19" hits="77" branch="false" />
            <line number="20" hits="77" branch="false" />
            <line number="23" hits="25" branch="false" />
            <line number="24" hits="25" branch="false" />
            <line number="25" hits="25" branch="false" />
            <line number="28" hits="43" branch="false" />
            <line number="29" hits="43" branch="false" />
            <line number="30" hits="43" branch="false" />
          </lines>
        </class>
        <class name="HeroTwo" filename="D:/Projects/Unity/Avalon/Assets/Scripts/Units/Heroes/HeroTwo.cs" line-rate="1" branch-rate="1" complexity="NaN">
          <methods>
            <method name="Attack" signature="(BaseUnit)" line-rate="1" branch-rate="1" complexity="NaN">
              <lines>
                <line number="8" hits="12" branch="false" />
                <line number="9" hits="12" branch="false" />
                <line number="10" hits="12" branch="false" />
                <line number="11" hits="12" branch="false" />
                <line number="12" hits="12" branch="false" />
                <line number="13" hits="12" branch="false" />
                <line number="14" hits="12" branch="false" />
                <line number="15" hits="12" branch="false" />
              </lines>
            </method>
          </methods>
          <lines>
            <line number="8" hits="12" branch="false" />
            <line number="9" hits="12" branch="false" />
            <line number="10" hits="12" branch="false" />
            <line number="11" hits="12" branch="false" />
            <line number="12" hits="12" branch="false" />
            <line number="13" hits="12" branch="false" />
            <line number="14" hits="12" branch="false" />
            <line number="15" hits="12" branch="false" />
          </lines>
        </class>
        <class name="InputManager" filename="D:/Projects/Unity/Avalon/Assets/Scripts/Managers/InputManager.cs" line-rate="0.612903225806452" branch-rate="1" complexity="8">
          <methods>
            <method name="Start" signature="()" line-rate="1" branch-rate="1" complexity="1">
              <lines>
                <line number="14" hits="2" branch="false" />
                <line number="15" hits="2" branch="false" />
                <line number="16" hits="2" branch="false" />
              </lines>
            </method>
            <method name="Update" signature="()" line-rate="0.555555555555556" branch-rate="1" complexity="6">
              <lines>
                <line number="19" hits="71055" branch="false" />
                <line number="20" hits="71055" branch="false" />
                <line number="22" hits="71055" branch="false" />
                <line number="23" hits="0" branch="false" />
                <line number="24" hits="0" branch="false" />
                <line number="25" hits="0" branch="false" />
                <line number="26" hits="71055" branch="false" />
                <line number="27" hits="0" branch="false" />
                <line number="28" hits="0" branch="false" />
                <line number="29" hits="0" branch="false" />
                <line number="30" hits="71055" branch="false" />
                <line number="31" hits="0" branch="false" />
                <line number="32" hits="0" branch="false" />
                <line number="33" hits="0" branch="false" />
                <line number="34" hits="71055" branch="false" />
                <line number="35" hits="0" branch="false" />
                <line number="36" hits="0" branch="false" />
                <line number="37" hits="0" branch="false" />
                <line number="39" hits="71055" branch="false" />
                <line number="40" hits="71055" branch="false" />
                <line number="42" hits="71055" branch="false" />
                <line number="44" hits="71055" branch="false" />
                <line number="45" hits="72" branch="false" />
                <line number="46" hits="72" branch="false" />
                <line number="47" hits="72" branch="false" />
                <line number="48" hits="72" branch="false" />
                <line number="49" hits="71055" branch="false" />
              </lines>
            </method>
            <method name="InputManager" signature="()" line-rate="1" branch-rate="1" complexity="1">
              <lines>
                <line number="9" hits="2" branch="false" />
              </lines>
            </method>
          </methods>
          <lines>
            <line number="9" hits="2" branch="false" />
            <line number="14" hits="2" branch="false" />
            <line number="15" hits="2" branch="false" />
            <line number="16" hits="2" branch="false" />
            <line number="19" hits="71055" branch="false" />
            <line number="20" hits="71055" branch="false" />
            <line number="22" hits="71055" branch="false" />
            <line number="23" hits="0" branch="false" />
            <line number="24" hits="0" branch="false" />
            <line number="25" hits="0" branch="false" />
            <line number="26" hits="71055" branch="false" />
            <line number="27" hits="0" branch="false" />
            <line number="28" hits="0" branch="false" />
            <line number="29" hits="0" branch="false" />
            <line number="30" hits="71055" branch="false" />
            <line number="31" hits="0" branch="false" />
            <line number="32" hits="0" branch="false" />
            <line number="33" hits="0" branch="false" />
            <line number="34" hits="71055" branch="false" />
            <line number="35" hits="0" branch="false" />
            <line number="36" hits="0" branch="false" />
            <line number="37" hits="0" branch="false" />
            <line number="39" hits="71055" branch="false" />
            <line number="40" hits="71055" branch="false" />
            <line number="42" hits="71055" branch="false" />
            <line number="44" hits="71055" branch="false" />
            <line number="45" hits="72" branch="false" />
            <line number="46" hits="72" branch="false" />
            <line number="47" hits="72" branch="false" />
            <line number="48" hits="72" branch="false" />
            <line number="49" hits="71055" branch="false" />
          </lines>
        </class>
        <class name="MenuManager" filename="D:/Projects/Unity/Avalon/Assets/Scripts/Managers/MenuManager.cs" line-rate="0.730994152046784" branch-rate="1" complexity="32">
          <methods>
            <method name="subMenuActive" signature="()" line-rate="1" branch-rate="1" complexity="NaN">
              <lines>
                <line number="19" hits="15" branch="false" />
              </lines>
            </method>
            <method name="Awake" signature="()" line-rate="1" branch-rate="1" complexity="1">
              <lines>
                <line number="22" hits="6" branch="false" />
                <line number="23" hits="6" branch="false" />
                <line number="24" hits="6" branch="false" />
              </lines>
            </method>
            <method name="showTileInfo" signature="(Tile)" line-rate="1" branch-rate="1" complexity="NaN">
              <lines>
                <line number="27" hits="2530" branch="false" />
                <line number="28" hits="2530" branch="false" />
                <line number="29" hits="1264" branch="false" />
                <line number="30" hits="1264" branch="false" />
                <line number="31" hits="1264" branch="false" />
                <line number="32" hits="1264" branch="false" />
                <line number="34" hits="1266" branch="false" />
                <line number="35" hits="1266" branch="false" />
                <line number="37" hits="1266" branch="false" />
                <line number="38" hits="281" branch="false" />
                <line number="39" hits="281" branch="false" />
                <line number="40" hits="281" branch="false" />
                <line number="41" hits="281" branch="false" />
                <line number="42" hits="2530" branch="false" />
              </lines>
            </method>
            <method name="showFullTileInfo" signature="(Tile)" line-rate="0.6" branch-rate="1" complexity="NaN">
              <lines>
                <line number="45" hits="72" branch="false" />
                <line number="46" hits="72" branch="false" />
                <line number="47" hits="72" branch="false" />
                <line number="48" hits="72" branch="false" />
                <line number="49" hits="72" branch="false" />
                <line number="51" hits="0" branch="false" />
                <line number="52" hits="0" branch="false" />
                <line number="53" hits="0" branch="false" />
                <line number="54" hits="0" branch="false" />
                <line number="55" hits="72" branch="false" />
              </lines>
            </method>
            <method name="showSelectedUnit" signature="(BaseUnit)" line-rate="0.821428571428571" branch-rate="1" complexity="NaN">
              <lines>
                <line number="58" hits="153" branch="false" />
                <line number="59" hits="153" branch="false" />
                <line number="60" hits="72" branch="false" />
                <line number="61" hits="72" branch="false" />
                <line number="62" hits="72" branch="false" />
                <line number="65" hits="81" branch="false" />
                <line number="66" hits="81" branch="false" />
                <line number="67" hits="81" branch="false" />
                <line number="68" hits="81" branch="false" />
                <line number="69" hits="81" branch="false" />
                <line number="70" hits="81" branch="false" />
                <line number="71" hits="81" branch="false" />
                <line number="72" hits="81" branch="false" />
                <line number="73" hits="81" branch="false" />
                <line number="74" hits="81" branch="false" />
                <line number="75" hits="81" branch="false" />
                <line number="76" hits="81" branch="false" />
                <line number="77" hits="81" branch="false" />
                <line number="79" hits="0" branch="false" />
                <line number="80" hits="0" branch="false" />
                <line number="81" hits="0" branch="false" />
                <line number="82" hits="0" branch="false" />
                <line number="83" hits="0" branch="false" />
                <line number="84" hits="81" branch="false" />
                <line number="85" hits="81" branch="false" />
                <line number="86" hits="81" branch="false" />
                <line number="87" hits="81" branch="false" />
                <line number="88" hits="153" branch="false" />
              </lines>
            </method>
            <method name="buttonsActivity" signature="(System.Boolean)" line-rate="1" branch-rate="1" complexity="NaN">
              <lines>
                <line number="91" hits="114" branch="false" />
                <line number="92" hits="114" branch="false" />
                <line number="93" hits="89" branch="false" />
                <line number="94" hits="89" branch="false" />
                <line number="95" hits="70" branch="false" />
                <line number="96" hits="70" branch="false" />
                <line number="97" hits="70" branch="false" />
                <line number="99" hits="19" branch="false" />
                <line number="100" hits="19" branch="false" />
                <line number="101" hits="19" branch="false" />
                <line number="102" hits="89" branch="false" />
                <line number="104" hits="114" branch="false" />
                <line number="105" hits="57" branch="false" />
                <line number="106" hits="57" branch="false" />
                <line number="107" hits="57" branch="false" />
                <line number="108" hits="57" branch="false" />
                <line number="109" hits="114" branch="false" />
                <line number="110" hits="114" branch="false" />
                <line number="111" hits="114" branch="false" />
              </lines>
            </method>
            <method name="subMenuActivity" signature="(System.Boolean, System.Boolean)" line-rate="1" branch-rate="1" complexity="NaN">
              <lines>
                <line number="114" hits="64" branch="false" />
                <line number="115" hits="64" branch="false" />
                <line number="116" hits="64" branch="false" />
              </lines>
            </method>
            <method name="attackButton" signature="()" line-rate="1" branch-rate="1" complexity="1">
              <lines>
                <line number="119" hits="32" branch="false" />
                <line number="120" hits="32" branch="false" />
                <line number="121" hits="32" branch="false" />
                <line number="122" hits="32" branch="false" />
                <line number="123" hits="32" branch="false" />
                <line number="124" hits="32" branch="false" />
              </lines>
            </method>
            <method name="skillsButton" signature="()" line-rate="0" branch-rate="1" complexity="1">
              <lines>
                <line number="126" hits="0" branch="false" />
                <line number="127" hits="0" branch="false" />
                <line number="128" hits="0" branch="false" />
                <line number="129" hits="0" branch="false" />
                <line number="130" hits="0" branch="false" />
              </lines>
            </method>
            <method name="unitSkillButton" signature="()" line-rate="1" branch-rate="1" complexity="2">
              <lines>
                <line number="133" hits="8" branch="false" />
                <line number="134" hits="8" branch="false" />
                <line number="135" hits="8" branch="false" />
                <line number="136" hits="6" branch="false" />
                <line number="137" hits="6" branch="false" />
                <line number="138" hits="6" branch="false" />
                <line number="139" hits="8" branch="false" />
              </lines>
            </method>
            <method name="cancelButton" signature="()" line-rate="0" branch-rate="1" complexity="1">
              <lines>
                <line number="142" hits="0" branch="false" />
                <line number="143" hits="0" branch="false" />
                <line number="144" hits="0" branch="false" />
                <line number="145" hits="0" branch="false" />
                <line number="146" hits="0" branch="false" />
                <line number="147" hits="0" branch="false" />
                <line number="148" hits="0" branch="false" />
              </lines>
            </method>
            <method name="waitButton" signature="()" line-rate="1" branch-rate="1" complexity="1">
              <lines>
                <line number="151" hits="23" branch="false" />
                <line number="152" hits="23" branch="false" />
                <line number="153" hits="23" branch="false" />
                <line number="154" hits="23" branch="false" />
              </lines>
            </method>
            <method name="victoryScreen" signature="()" line-rate="1" branch-rate="1" complexity="1">
              <lines>
                <line number="175" hits="2" branch="false" />
                <line number="176" hits="2" branch="false" />
                <line number="177" hits="2" branch="false" />
              </lines>
            </method>
            <method name="loseScreen" signature="()" line-rate="0" branch-rate="1" complexity="1">
              <lines>
                <line number="180" hits="0" branch="false" />
                <line number="181" hits="0" branch="false" />
                <line number="182" hits="0" branch="false" />
              </lines>
            </method>
            <method name="pauseMenuActivity" signature="(System.Boolean)" line-rate="0" branch-rate="1" complexity="NaN">
              <lines>
                <line number="185" hits="0" branch="false" />
                <line number="186" hits="0" branch="false" />
                <line number="187" hits="0" branch="false" />
              </lines>
            </method>
            <method name="resumeButton" signature="()" line-rate="0" branch-rate="1" complexity="1">
              <lines>
                <line number="190" hits="0" branch="false" />
                <line number="191" hits="0" branch="false" />
                <line number="192" hits="0" branch="false" />
              </lines>
            </method>
            <method name="restartButton" signature="()" line-rate="0" branch-rate="1" complexity="1">
              <lines>
                <line number="194" hits="0" branch="false" />
                <line number="195" hits="0" branch="false" />
                <line number="196" hits="0" branch="false" />
              </lines>
            </method>
            <method name="exitButton" signature="()" line-rate="1" branch-rate="1" complexity="1">
              <lines>
                <line number="199" hits="1" branch="false" />
                <line number="200" hits="1" branch="false" />
                <line number="201" hits="1" branch="false" />
              </lines>
            </method>
            <method name="tileScreenButton" signature="()" line-rate="0" branch-rate="1" complexity="1">
              <lines>
                <line number="204" hits="0" branch="false" />
                <line number="205" hits="0" branch="false" />
                <line number="206" hits="0" branch="false" />
              </lines>
            </method>
            <method name="levelSelectButton" signature="()" line-rate="1" branch-rate="1" complexity="1">
              <lines>
                <line number="209" hits="3" branch="false" />
                <line number="210" hits="3" branch="false" />
                <line number="211" hits="3" branch="false" />
              </lines>
            </method>
            <method name="optionsButton" signature="()" line-rate="1" branch-rate="1" complexity="1">
              <lines>
                <line number="214" hits="1" branch="false" />
                <line number="215" hits="1" branch="false" />
                <line number="216" hits="1" branch="false" />
              </lines>
            </method>
            <method name="levelOneButton" signature="()" line-rate="1" branch-rate="1" complexity="1">
              <lines>
                <line number="219" hits="1" branch="false" />
                <line number="220" hits="1" branch="false" />
                <line number="221" hits="1" branch="false" />
              </lines>
            </method>
            <method name="levelOTwoButton" signature="()" line-rate="0" branch-rate="1" complexity="1">
              <lines>
                <line number="224" hits="0" branch="false" />
                <line number="225" hits="0" branch="false" />
                <line number="226" hits="0" branch="false" />
              </lines>
            </method>
            <method name="levelThreeButton" signature="()" line-rate="0" branch-rate="1" complexity="1">
              <lines>
                <line number="229" hits="0" branch="false" />
                <line number="230" hits="0" branch="false" />
                <line number="231" hits="0" branch="false" />
              </lines>
            </method>
            <method name="levelTwoButton" signature="()" line-rate="1" branch-rate="1" complexity="1">
              <lines>
                <line number="234" hits="1" branch="false" />
                <line number="235" hits="1" branch="false" />
                <line number="236" hits="1" branch="false" />
              </lines>
            </method>
            <method name="warriorUpgradeButton" signature="()" line-rate="0" branch-rate="1" complexity="1">
              <lines>
                <line number="239" hits="0" branch="false" />
                <line number="240" hits="0" branch="false" />
                <line number="241" hits="0" branch="false" />
                <line number="242" hits="0" branch="false" />
              </lines>
            </method>
            <method name="lancerUpgradeButton" signature="()" line-rate="1" branch-rate="1" complexity="1">
              <lines>
                <line number="244" hits="1" branch="false" />
                <line number="245" hits="1" branch="false" />
                <line number="246" hits="1" branch="false" />
                <line number="247" hits="1" branch="false" />
              </lines>
            </method>
            <method name="MenuManager" signature="()" line-rate="1" branch-rate="1" complexity="1">
              <lines>
                <line number="16" hits="7" branch="false" />
                <line number="17" hits="7" branch="false" />
                <line number="18" hits="7" branch="false" />
              </lines>
            </method>
            <method name="playerPhase" signature="()" line-rate="1" branch-rate="1" complexity="5">
              <lines>
                <line number="157" hits="11" branch="false" />
                <line number="158" hits="11" branch="false" />
                <line number="159" hits="11" branch="false" />
                <line number="160" hits="11" branch="false" />
                <line number="161" hits="11" branch="false" />
                <line number="162" hits="11" branch="false" />
                <line number="163" hits="11" branch="false" />
              </lines>
            </method>
            <method name="enemyPhase" signature="()" line-rate="1" branch-rate="1" complexity="5">
              <lines>
                <line number="166" hits="9" branch="false" />
                <line number="167" hits="9" branch="false" />
                <line number="168" hits="9" branch="false" />
                <line number="169" hits="9" branch="false" />
                <line number="170" hits="9" branch="false" />
                <line number="171" hits="9" branch="false" />
                <line number="172" hits="9" branch="false" />
              </lines>
            </method>
          </methods>
          <lines>
            <line number="16" hits="7" branch="false" />
            <line number="17" hits="7" branch="false" />
            <line number="18" hits="7" branch="false" />
            <line number="19" hits="15" branch="false" />
            <line number="22" hits="6" branch="false" />
            <line number="23" hits="6" branch="false" />
            <line number="24" hits="6" branch="false" />
            <line number="27" hits="2530" branch="false" />
            <line number="28" hits="2530" branch="false" />
            <line number="29" hits="1264" branch="false" />
            <line number="30" hits="1264" branch="false" />
            <line number="31" hits="1264" branch="false" />
            <line number="32" hits="1264" branch="false" />
            <line number="34" hits="1266" branch="false" />
            <line number="35" hits="1266" branch="false" />
            <line number="37" hits="1266" branch="false" />
            <line number="38" hits="281" branch="false" />
            <line number="39" hits="281" branch="false" />
            <line number="40" hits="281" branch="false" />
            <line number="41" hits="281" branch="false" />
            <line number="42" hits="2530" branch="false" />
            <line number="45" hits="72" branch="false" />
[...]
            <line number="134" hits="64" branch="false" />
            <line number="136" hits="680" branch="false" />
            <line number="137" hits="276" branch="false" />
            <line number="138" hits="3336" branch="false" />
            <line number="139" hits="1392" branch="false" />
            <line number="140" hits="1392" branch="false" />
            <line number="141" hits="1392" branch="false" />
            <line number="142" hits="70" branch="false" />
            <line number="143" hits="70" branch="false" />
            <line number="146" hits="1322" branch="false" />
            <line number="148" hits="1322" branch="false" />
            <line number="149" hits="1322" branch="false" />
            <line number="150" hits="1322" branch="false" />
            <line number="151" hits="654" branch="false" />
            <line number="152" hits="654" branch="false" />
            <line number="153" hits="72" branch="false" />
            <line number="154" hits="72" branch="false" />
            <line number="155" hits="72" branch="false" />
            <line number="157" hits="582" branch="false" />
            <line number="158" hits="582" branch="false" />
            <line number="159" hits="582" branch="false" />
            <line number="160" hits="654" branch="false" />
            <line number="161" hits="1322" branch="false" />
            <line number="162" hits="276" branch="false" />
            <line number="163" hits="64" branch="false" />
            <line number="166" hits="90" branch="false" />
            <line number="167" hits="90" branch="false" />
            <line number="168" hits="65" branch="false" />
            <line number="169" hits="65" branch="false" />
            <line number="170" hits="65" branch="false" />
            <line number="171" hits="90" branch="false" />
            <line number="172" hits="90" branch="false" />
            <line number="173" hits="90" branch="false" />
            <line number="174" hits="90" branch="false" />
            <line number="175" hits="90" branch="false" />
            <line number="178" hits="150" branch="false" />
            <line number="179" hits="150" branch="false" />
            <line number="180" hits="150" branch="false" />
            <line number="182" hits="0" branch="false" />
          </lines>
        </class>
        <class name="UnitManager" filename="D:/Projects/Unity/Avalon/Assets/Scripts/Managers/UnitManager.cs" line-rate="0.769911504424779" branch-rate="1" complexity="30">
          <methods>
            <method name="Awake" signature="()" line-rate="1" branch-rate="1" complexity="1">
              <lines>
                <line number="24" hits="2" branch="false" />
                <line number="25" hits="2" branch="false" />
                <line number="26" hits="2" branch="false" />
                <line number="27" hits="2" branch="false" />
              </lines>
            </method>
            <method name="spawnHeroes" signature="()" line-rate="1" branch-rate="1" complexity="3">
              <lines>
                <line number="30" hits="2" branch="false" />
                <line number="31" hits="28" branch="false" />
                <line number="32" hits="11" branch="false" />
                <line number="33" hits="11" branch="false" />
                <line number="34" hits="11" branch="false" />
                <line number="35" hits="11" branch="false" />
                <line number="36" hits="11" branch="false" />
                <line number="37" hits="11" branch="false" />
                <line number="38" hits="11" branch="false" />
                <line number="39" hits="11" branch="false" />
                <line number="40" hits="11" branch="false" />
                <line number="42" hits="2" branch="false" />
                <line number="43" hits="2" branch="false" />
              </lines>
            </method>
            <method name="spawnEnemies" signature="()" line-rate="1" branch-rate="1" complexity="3">
              <lines>
                <line number="46" hits="2" branch="false" />
                <line number="47" hits="34" branch="false" />
                <line number="48" hits="14" branch="false" />
                <line number="49" hits="14" branch="false" />
                <line number="50" hits="14" branch="false" />
                <line number="51" hits="14" branch="false" />
                <line number="52" hits="14" branch="false" />
                <line number="53" hits="14" branch="false" />
                <line number="54" hits="14" branch="false" />
                <line number="55" hits="14" branch="false" />
                <line number="56" hits="14" branch="false" />
                <line number="57" hits="14" branch="false" />
                <line number="58" hits="14" branch="false" />
                <line number="59" hits="14" branch="false" />
                <line number="60" hits="14" branch="false" />
                <line number="62" hits="2" branch="false" />
                <line number="63" hits="2" branch="false" />
              </lines>
            </method>
            <method name="GetRandomUnit[T]" signature="(Faction)" line-rate="0" branch-rate="1" complexity="NaN">
              <lines>
                <line number="66" hits="0" branch="false" />
                <line number="67" hits="0" branch="false" />
                <line number="69" hits="0" branch="false" />
                <line number="70" hits="0" branch="false" />
                <line number="71" hits="0" branch="false" />
                <line number="72" hits="0" branch="false" />
                <line number="75" hits="0" branch="false" />
                <line number="76" hits="0" branch="false" />
              </lines>
            </method>
            <method name="SetSeclectedHero" signature="(BaseHero)" line-rate="1" branch-rate="1" complexity="NaN">
              <lines>
                <line number="79" hits="270" branch="false" />
                <line number="80" hits="270" branch="false" />
                <line number="81" hits="270" branch="false" />
              </lines>
            </method>
            <method name="SetSelectedEnemy" signature="(BaseEnemy)" line-rate="0" branch-rate="1" complexity="NaN">
              <lines>
                <line number="84" hits="0" branch="false" />
                <line number="85" hits="0" branch="false" />
                <line number="86" hits="0" branch="false" />
              </lines>
            </method>
            <method name="checkUnitActivity" signature="()" line-rate="1" branch-rate="1" complexity="3">
              <lines>
                <line number="108" hits="55" branch="false" />
                <line number="109" hits="381" branch="false" />
                <line number="110" hits="131" branch="false" />
                <line number="111" hits="131" branch="false" />
                <line number="112" hits="46" branch="false" />
                <line number="113" hits="46" branch="false" />
                <line number="115" hits="85" branch="false" />
                <line number="116" hits="9" branch="false" />
                <line number="117" hits="55" branch="false" />
              </lines>
            </method>
            <method name="endUnitTurn" signature="()" line-rate="1" branch-rate="1" complexity="1">
              <lines>
                <line number="120" hits="25" branch="false" />
                <line number="121" hits="25" branch="false" />
                <line number="122" hits="25" branch="false" />
                <line number="123" hits="25" branch="false" />
                <line number="124" hits="25" branch="false" />
              </lines>
            </method>
            <method name="enemiesRemain" signature="()" line-rate="1" branch-rate="1" complexity="2">
              <lines>
                <line number="127" hits="32" branch="false" />
                <line number="128" hits="32" branch="false" />
                <line number="129" hits="2" branch="false" />
                <line number="130" hits="2" branch="false" />
                <line number="131" hits="2" branch="false" />
                <line number="134" hits="30" branch="false" />
                <line number="135" hits="32" branch="false" />
              </lines>
            </method>
            <method name="heroesRemain" signature="()" line-rate="0.571428571428571" branch-rate="1" complexity="2">
              <lines>
                <line number="138" hits="50" branch="false" />
                <line number="139" hits="50" branch="false" />
                <line number="140" hits="0" branch="false" />
                <line number="141" hits="0" branch="false" />
                <line number="142" hits="0" branch="false" />
                <line number="145" hits="50" branch="false" />
                <line number="146" hits="50" branch="false" />
              </lines>
            </method>
            <method name="upgradeWarrior" signature="()" line-rate="0" branch-rate="1" complexity="3">
              <lines>
                <line number="149" hits="0" branch="false" />
                <line number="150" hits="0" branch="false" />
                <line number="151" hits="0" branch="false" />
                <line number="152" hits="0" branch="false" />
                <line number="153" hits="0" branch="false" />
                <line number="154" hits="0" branch="false" />
                <line number="155" hits="0" branch="false" />
                <line number="156" hits="0" branch="false" />
                <line number="157" hits="0" branch="false" />
                <line number="158" hits="0" branch="false" />
              </lines>
            </method>
            <method name="upgradeLancer" signature="()" line-rate="1" branch-rate="1" complexity="3">
              <lines>
                <line number="160" hits="1" branch="false" />
                <line number="161" hits="17" branch="false" />
                <line number="162" hits="7" branch="false" />
                <line number="163" hits="7" branch="false" />
                <line number="164" hits="2" branch="false" />
                <line number="165" hits="2" branch="false" />
                <line number="166" hits="2" branch="false" />
                <line number="167" hits="7" branch="false" />
                <line number="168" hits="1" branch="false" />
              </lines>
            </method>
            <method name="UnitManager" signature="()" line-rate="1" branch-rate="1" complexity="1">
              <lines>
                <line number="14" hits="2" branch="false" />
                <line number="15" hits="2" branch="false" />
              </lines>
            </method>
            <method name="EnemyContoller" signature="()" line-rate="0.875" branch-rate="1" complexity="8">
              <lines>
                <line number="89" hits="9" branch="false" />
                <line number="90" hits="9" branch="false" />
                <line number="91" hits="105" branch="false" />
                <line number="92" hits="39" branch="false" />
                <line number="93" hits="39" branch="false" />
                <line number="94" hits="39" branch="false" />
                <line number="95" hits="39" branch="false" />
                <line number="96" hits="39" branch="false" />
                <line number="97" hits="39" branch="false" />
                <line number="98" hits="39" branch="false" />
                <line number="99" hits="0" branch="false" />
                <line number="100" hits="0" branch="false" />
                <line number="102" hits="39" branch="false" />
                <line number="103" hits="9" branch="false" />
                <line number="104" hits="9" branch="false" />
                <line number="105" hits="9" branch="false" />
              </lines>
            </method>
          </methods>
          <lines>
            <line number="14" hits="2" branch="false" />
            <line number="15" hits="2" branch="false" />
            <line number="24" hits="2" branch="false" />
            <line number="25" hits="2" branch="false" />
            <line number="26" hits="2" branch="false" />
            <line number="27" hits="2" branch="false" />
            <line number="30" hits="2" branch="false" />
            <line number="31" hits="28" branch="false" />
            <line number="32" hits="11" branch="false" />
            <line number="33" hits="11" branch="false" />
            <line number="34" hits="11" branch="false" />
            <line number="35" hits="11" branch="false" />
            <line number="36" hits="11" branch="false" />
            <line number="37" hits="11" branch="false" />
            <line number="38" hits="11" branch="false" />
            <line number="39" hits="11" branch="false" />
            <line number="40" hits="11" branch="false" />
            <line number="42" hits="2" branch="false" />
            <line number="43" hits="2" branch="false" />
            <line number="46" hits="2" branch="false" />
            <line number="47" hits="34" branch="false" />
            <line number="48" hits="14" branch="false" />
            <line number="49" hits="14" branch="false" />
            <line number="50" hits="14" branch="false" />
            <line number="51" hits="14" branch="false" />
            <line number="52" hits="14" branch="false" />
            <line number="53" hits="14" branch="false" />
            <line number="54" hits="14" branch="false" />
            <line number="55" hits="14" branch="false" />
            <line number="56" hits="14" branch="false" />
            <line number="57" hits="14" branch="false" />
            <line number="58" hits="14" branch="false" />
            <line number="59" hits="14" branch="false" />
            <line number="60" hits="14" branch="false" />
            <line number="62" hits="2" branch="false" />
            <line number="63" hits="2" branch="false" />
            <line number="66" hits="0" branch="false" />
            <line number="67" hits="0" branch="false" />
            <line number="69" hits="0" branch="false" />
            <line number="70" hits="0" branch="false" />
            <line number="71" hits="0" branch="false" />
            <line number="72" hits="0" branch="false" />
            <line number="75" hits="0" branch="false" />
            <line number="76" hits="0" branch="false" />
            <line number="79" hits="270" branch="false" />
            <line number="80" hits="270" branch="false" />
            <line number="81" hits="270" branch="false" />
            <line number="84" hits="0" branch="false" />
            <line number="85" hits="0" branch="false" />
            <line number="86" hits="0" branch="false" />
            <line number="89" hits="9" branch="false" />
            <line number="90" hits="9" branch="false" />
            <line number="91" hits="105" branch="false" />
            <line number="92" hits="39" branch="false" />
            <line number="93" hits="39" branch="false" />
            <line number="94" hits="39" branch="false" />
            <line number="95" hits="39" branch="false" />
            <line number="96" hits="39" branch="false" />
            <line number="97" hits="39" branch="false" />
            <line number="98" hits="39" branch="false" />
            <line number="99" hits="0" branch="false" />
            <line number="100" hits="0" branch="false" />
            <line number="102" hits="39" branch="false" />
            <line number="103" hits="9" branch="false" />
            <line number="104" hits="9" branch="false" />
            <line number="105" hits="9" branch="false" />
            <line number="108" hits="55" branch="false" />
            <line number="109" hits="381" branch="false" />
            <line number="110" hits="131" branch="false" />
            <line number="111" hits="131" branch="false" />
            <line number="112" hits="46" branch="false" />
            <line number="113" hits="46" branch="false" />
            <line number="115" hits="85" branch="false" />
            <line number="116" hits="9" branch="false" />
            <line number="117" hits="55" branch="false" />
            <line number="120" hits="25" branch="false" />
            <line number="121" hits="25" branch="false" />
            <line number="122" hits="25" branch="false" />
            <line number="123" hits="25" branch="false" />
            <line number="124" hits="25" branch="false" />
            <line number="127" hits="32" branch="false" />
            <line number="128" hits="32" branch="false" />
            <line number="129" hits="2" branch="false" />
            <line number="130" hits="2" branch="false" />
            <line number="131" hits="2" branch="false" />
            <line number="134" hits="30" branch="false" />
            <line number="135" hits="32" branch="false" />
            <line number="138" hits="50" branch="false" />
            <line number="139" hits="50" branch="false" />
            <line number="140" hits="0" branch="false" />
            <line number="141" hits="0" branch="false" />
            <line number="142" hits="0" branch="false" />
            <line number="145" hits="50" branch="false" />
            <line number="146" hits="50" branch="false" />
            <line number="149" hits="0" branch="false" />
            <line number="150" hits="0" branch="false" />
            <line number="151" hits="0" branch="false" />
            <line number="152" hits="0" branch="false" />
            <line number="153" hits="0" branch="false" />
            <line number="154" hits="0" branch="false" />
            <line number="155" hits="0" branch="false" />
            <line number="156" hits="0" branch="false" />
            <line number="157" hits="0" branch="false" />
            <line number="158" hits="0" branch="false" />
            <line number="160" hits="1" branch="false" />
            <line number="161" hits="17" branch="false" />
            <line number="162" hits="7" branch="false" />
            <line number="163" hits="7" branch="false" />
            <line number="164" hits="2" branch="false" />
            <line number="165" hits="2" branch="false" />
            <line number="166" hits="2" branch="false" />
            <line number="167" hits="7" branch="false" />
            <line number="168" hits="1" branch="false" />
          </lines>
        </class>
      </classes>
    </package>
    <package name="Tests" line-rate="0" branch-rate="1" complexity="4">
      <classes>
        <class name="NewTestScript" filename="D:/Projects/Unity/Avalon/Assets/Tests/NewTestScript.cs" line-rate="0" branch-rate="1" complexity="4">
          <methods>
            <method name="NewTestScriptSimplePasses" signature="()" line-rate="0" branch-rate="1" complexity="1">
              <lines>
                <line number="12" hits="0" branch="false" />
                <line number="14" hits="0" branch="false" />
              </lines>
            </method>
            <method name="NewTestScriptWithEnumeratorPasses" signature="()" line-rate="0" branch-rate="1" complexity="3">
              <lines>
                <line number="20" hits="0" branch="false" />
                <line number="23" hits="0" branch="false" />
                <line number="24" hits="0" branch="false" />
              </lines>
            </method>
          </methods>
          <lines>
            <line number="12" hits="0" branch="false" />
            <line number="14" hits="0" branch="false" />
            <line number="20" hits="0" branch="false" />
            <line number="23" hits="0" branch="false" />
            <line number="24" hits="0" branch="false" />
          </lines>
        </class>
      </classes>
    </package>
  </packages>
</coverage>