TN:
SF:D:/Projects/Unity/Avalon/Assets/Scripts/Managers/AudioManager.cs
FN:11,Awake()
FN:16,playSound(UnityEngine.AudioClip)
FN:21,pauseMusic()
FN:26,playMusic()
FN:31,setEffectsVolume(System.Single)
FNDA:6,Awake()
FNDA:128,playSound(UnityEngine.AudioClip)
FNDA:2,pauseMusic()
FNDA:0,playMusic()
FNDA:0,setEffectsVolume(System.Single)
FNF:5
FNH:3
BRF:0
BRH:0
DA:11,6
DA:12,6
DA:13,6
DA:16,128
DA:17,128
DA:18,128
DA:21,2
DA:22,2
DA:23,2
DA:26,0
DA:27,0
DA:28,0
DA:31,0
DA:32,0
DA:33,0
LH:9
LF:15
end_of_record
SF:D:/Projects/Unity/Avalon/Assets/Scripts/Units/Enemies/BaseEnemy.cs
FN:88,newAI()
FNDA:39,newAI()
FNF:1
FNH:1
BRF:0
BRH:0
DA:88,39
DA:89,39
DA:91,39
DA:93,581
DA:94,232
DA:95,232
DA:96,154
DA:97,154
DA:100,78
DA:101,78
DA:103,78
DA:105,78
DA:106,78
DA:108,78
DA:109,76
DA:110,76
DA:111,76
DA:112,78
DA:114,39
DA:115,16
DA:116,16
DA:119,23
DA:120,23
DA:122,198
DA:123,76
DA:124,76
DA:125,10
DA:126,10
DA:127,10
DA:128,10
DA:129,76
DA:131,23
DA:133,325
DA:134,128
DA:135,128
DA:136,56
DA:137,56
DA:138,56
DA:139,128
DA:141,23
DA:143,23
DA:144,23
DA:146,23
DA:147,23
DA:149,333
DA:150,132
DA:151,132
DA:152,14
DA:153,14
DA:154,14
DA:155,132
DA:157,23
DA:158,11
DA:159,11
DA:160,11
DA:161,11
DA:162,0
DA:163,0
DA:165,11
DA:166,23
LH:58
LF:60
end_of_record
SF:D:/Projects/Unity/Avalon/Assets/Scripts/Units/Heroes/BaseHero.cs
FN:9,Start()
FN:15,Update()
FNDA:11,Start()
FNDA:412871,Update()
FNF:2
FNH:2
BRF:0
BRH:0
DA:9,11
DA:11,11
DA:15,412871
DA:17,412871
LH:4
LF:4
end_of_record
SF:D:/Projects/Unity/Avalon/Assets/Scripts/Units/BaseUnit.cs
FN:29,Awake()
FN:38,Attack(BaseUnit)
FN:47,attackValue(BaseUnit)
FN:59,modifyHealth(System.Single)
FN:76,findValidMovement()
FN:118,setUnitMovementHighlight(System.Boolean)
FN:126,calculateBuffs()
FN:132,deactivateUnit()
FN:18,BaseUnit()
FNDA:25,Awake()
FNDA:31,Attack(BaseUnit)
FNDA:43,attackValue(BaseUnit)
FNDA:43,modifyHealth(System.Single)
FNDA:96,findValidMovement()
FNDA:2089,setUnitMovementHighlight(System.Boolean)
FNDA:90,calculateBuffs()
FNDA:0,deactivateUnit()
FNDA:33,BaseUnit()
FNF:9
FNH:8
BRF:0
BRH:0
DA:18,33
DA:19,33
DA:20,33
DA:21,33
DA:29,25
DA:30,25
DA:31,25
DA:32,11
DA:33,11
DA:34,11
DA:35,25
DA:38,31
DA:39,31
DA:40,31
DA:41,31
DA:42,31
DA:43,31
DA:44,31
DA:47,43
DA:48,43
DA:49,43
DA:50,3
DA:51,3
DA:52,3
DA:53,43
DA:54,43
DA:55,43
DA:56,43
DA:59,43
DA:60,43
DA:61,43
DA:62,15
DA:63,15
DA:64,14
DA:65,14
DA:66,14
DA:68,1
DA:69,1
DA:70,1
DA:71,15
DA:72,15
DA:73,43
DA:76,96
DA:77,1536
DA:78,672
DA:79,10752
DA:80,4704
DA:81,4704
DA:82,662
DA:83,662
DA:86,4042
DA:87,4042
DA:88,579
DA:89,579
DA:92,3463
DA:94,3463
DA:95,73
DA:96,73
DA:97,73
DA:98,73
DA:100,3463
DA:101,1376
DA:102,1376
DA:103,747
DA:104,747
DA:105,747
DA:106,1376
DA:107,1376
DA:109,3463
DA:110,2089
DA:111,2089
DA:112,2089
DA:113,3463
DA:114,672
DA:115,96
DA:118,2089
DA:119,36367
DA:120,15050
DA:121,15050
DA:122,15050
DA:123,2089
DA:126,90
DA:127,90
DA:128,90
DA:129,90
DA:132,0
DA:134,0
LH:85
LF:87
end_of_record
SF:D:/Projects/Unity/Avalon/Assets/Colorblind/ColorBlindFilter.cs
FN:42,Awake()
FN:50,OnRenderImage(UnityEngine.RenderTexture, UnityEngine.RenderTexture)
FN:21,ColorBlindFilter()
FN:28,ColorBlindFilter()
FNDA:2,Awake()
FNDA:71055,OnRenderImage(UnityEngine.RenderTexture, UnityEngine.RenderTexture)
FNDA:2,ColorBlindFilter()
FNDA:1,ColorBlindFilter()
FNF:4
FNH:4
BRF:0
BRH:0
DA:21,2
DA:22,2
DA:24,2
DA:28,1
DA:42,2
DA:43,2
DA:44,2
DA:45,2
DA:46,2
DA:47,2
DA:50,71055
DA:52,71055
DA:53,71055
DA:54,71055
DA:55,71055
DA:59,0
DA:60,0
DA:61,0
DA:62,0
DA:63,0
DA:64,0
DA:65,0
DA:68,0
DA:69,71055
LH:16
LF:24
end_of_record
SF:D:/Projects/Unity/Avalon/Assets/Scripts/Skills/Debilitate.cs
FN:11,Activate(BaseUnit, BaseUnit)
FNDA:12,Activate(BaseUnit, BaseUnit)
FNF:1
FNH:1
BRF:0
BRH:0
DA:11,12
DA:12,12
DA:13,12
DA:14,10
DA:15,10
DA:16,10
DA:17,10
DA:18,12
LH:8
LF:8
end_of_record
SF:D:/Projects/Unity/Avalon/Assets/Scripts/Units/Enemies/EnemyOne.cs
FN:9,Start()
FN:15,Update()
FNDA:14,Start()
FNDA:353045,Update()
FNF:2
FNH:2
BRF:0
BRH:0
DA:9,14
DA:11,14
DA:15,353045
DA:17,353045
LH:4
LF:4
end_of_record
SF:D:/Projects/Unity/Avalon/Assets/Scripts/Managers/GameManager.cs
FN:16,Awake()
FN:22,Start()
FN:27,Update()
FN:43,ChangeState(GameState)
FN:88,turnChange()
FN:106,victory()
FN:113,gameOver()
FN:120,pauseGame()
FN:125,unpauseGame()
FN:11,GameManager()
FNDA:2,Awake()
FNDA:2,Start()
FNDA:71055,Update()
FNDA:37,ChangeState(GameState)
FNDA:9,turnChange()
FNDA:2,victory()
FNDA:0,gameOver()
FNDA:0,pauseGame()
FNDA:0,unpauseGame()
FNDA:2,GameManager()
FNF:10
FNH:7
BRF:0
BRH:0
DA:11,2
DA:16,2
DA:17,2
DA:18,2
DA:22,2
DA:23,2
DA:24,2
DA:27,71055
DA:28,71055
DA:29,0
DA:30,0
DA:31,0
DA:32,0
DA:33,0
DA:35,0
DA:36,0
DA:37,0
DA:38,0
DA:39,0
DA:40,71055
DA:43,37
DA:44,37
DA:45,0
DA:46,0
DA:47,0
DA:50,37
DA:52,37
DA:55,2
DA:56,2
DA:58,2
DA:59,2
DA:61,2
DA:62,2
DA:64,11
DA:65,11
DA:67,9
DA:68,9
DA:69,9
DA:71,9
DA:72,9
DA:74,2
DA:75,2
DA:77,0
DA:78,0
DA:80,0
DA:81,0
DA:83,0
DA:85,37
DA:88,9
DA:89,125
DA:90,49
DA:91,49
DA:92,49
DA:93,105
DA:94,39
DA:95,39
DA:96,39
DA:98,9
DA:100,9
DA:102,9
DA:103,9
DA:106,2
DA:107,2
DA:108,2
DA:109,2
DA:110,2
DA:113,0
DA:114,0
DA:115,0
DA:116,0
DA:117,0
DA:120,0
DA:121,0
DA:122,0
DA:125,0
DA:126,0
DA:127,0
DA:128,0
LH:48
LF:78
end_of_record
SF:D:/Projects/Unity/Avalon/Assets/Scripts/Tiles/GrassTile.cs
FN:10,Init(System.Int32, System.Int32)
FNDA:0,Init(System.Int32, System.Int32)
FNF:1
FNH:0
BRF:0
BRH:0
DA:10,0
DA:11,0
DA:12,0
DA:13,0
LH:0
LF:4
end_of_record
SF:D:/Projects/Unity/Avalon/Assets/Scripts/Managers/GridManager.cs
FN:19,Awake()
FN:24,generateGrid()
FN:61,GetTileAtPoint(UnityEngine.Vector2)
FN:71,GetAiPathTileAtPoint(UnityEngine.Vector2)
FN:14,GridManager()
FNDA:2,Awake()
FNDA:2,generateGrid()
FNDA:105716,GetTileAtPoint(UnityEngine.Vector2)
FNDA:0,GetAiPathTileAtPoint(UnityEngine.Vector2)
FNDA:2,GridManager()
FNF:5
FNH:4
BRF:0
BRH:0
DA:14,2
DA:19,2
DA:20,2
DA:21,2
DA:24,2
DA:25,2
DA:26,2
DA:28,56
DA:29,26
DA:30,520
DA:31,234
DA:32,234
DA:33,234
DA:35,234
DA:36,234
DA:37,234
DA:38,26
DA:40,106
DA:41,50
DA:42,50
DA:43,50
DA:44,50
DA:45,50
DA:46,50
DA:47,50
DA:48,50
DA:49,50
DA:50,50
DA:51,50
DA:52,50
DA:53,50
DA:55,2
DA:57,2
DA:58,2
DA:61,105716
DA:62,105716
DA:63,103319
DA:64,103319
DA:67,2397
DA:68,105716
DA:71,0
DA:72,0
DA:73,0
DA:74,0
DA:77,0
DA:78,0
LH:40
LF:46
end_of_record
SF:D:/Projects/Unity/Avalon/Assets/Scripts/Skills/Heal.cs
FN:10,Activate(BaseUnit, BaseUnit)
FNDA:2,Activate(BaseUnit, BaseUnit)
FNF:1
FNH:1
BRF:0
BRH:0
DA:10,2
DA:11,2
DA:12,2
DA:14,24
DA:15,10
DA:16,120
DA:17,50
DA:18,50
DA:19,50
DA:20,0
DA:21,0
DA:24,50
DA:26,50
DA:27,50
DA:28,50
DA:29,9
DA:30,9
DA:31,9
DA:32,5
DA:33,5
DA:34,5
DA:35,9
DA:36,9
DA:37,50
DA:38,10
DA:40,2
DA:42,2
DA:43,2
DA:44,2
DA:45,2
DA:47,2
DA:48,2
DA:49,2
LH:31
LF:33
end_of_record
SF:D:/Projects/Unity/Avalon/Assets/Scripts/Healthbar.cs
FN:12,setMaxHealth(System.Single)
FN:18,setValue(System.Single)
FN:23,setColor(UnityEngine.Color)
FN:28,getValue()
FNDA:25,setMaxHealth(System.Single)
FNDA:77,setValue(System.Single)
FNDA:25,setColor(UnityEngine.Color)
FNDA:43,getValue()
FNF:4
FNH:4
BRF:0
BRH:0
DA:12,25
DA:13,25
DA:14,25
DA:15,25
DA:18,77
DA:19,77
DA:20,77
DA:23,25
DA:24,25
DA:25,25
DA:28,43
DA:29,43
DA:30,43
LH:13
LF:13
end_of_record
SF:D:/Projects/Unity/Avalon/Assets/Scripts/Units/Heroes/HeroTwo.cs
FN:8,Attack(BaseUnit)
FNDA:12,Attack(BaseUnit)
FNF:1
FNH:1
BRF:0
BRH:0
DA:8,12
DA:9,12
DA:10,12
DA:11,12
DA:12,12
DA:13,12
DA:14,12
DA:15,12
LH:8
LF:8
end_of_record
SF:D:/Projects/Unity/Avalon/Assets/Scripts/Managers/InputManager.cs
FN:14,Start()
FN:19,Update()
FN:9,InputManager()
FNDA:2,Start()
FNDA:71055,Update()
FNDA:2,InputManager()
FNF:3
FNH:3
BRF:0
BRH:0
DA:9,2
DA:14,2
DA:15,2
DA:16,2
DA:19,71055
DA:20,71055
DA:22,71055
DA:23,0
DA:24,0
DA:25,0
DA:26,71055
DA:27,0
DA:28,0
DA:29,0
DA:30,71055
DA:31,0
DA:32,0
DA:33,0
DA:34,71055
DA:35,0
DA:36,0
DA:37,0
DA:39,71055
DA:40,71055
DA:42,71055
DA:44,71055
DA:45,72
DA:46,72
DA:47,72
DA:48,72
DA:49,71055
LH:19
LF:31
end_of_record
SF:D:/Projects/Unity/Avalon/Assets/Scripts/Managers/MenuManager.cs
FN:19,subMenuActive()
FN:22,Awake()
FN:27,showTileInfo(Tile)
FN:45,showFullTileInfo(Tile)
FN:58,showSelectedUnit(BaseUnit)
FN:91,buttonsActivity(System.Boolean)
FN:114,subMenuActivity(System.Boolean, System.Boolean)
FN:119,attackButton()
FN:126,skillsButton()
FN:133,unitSkillButton()
FN:142,cancelButton()
FN:151,waitButton()
FN:175,victoryScreen()
FN:180,loseScreen()
FN:185,pauseMenuActivity(System.Boolean)
FN:190,resumeButton()
FN:194,restartButton()
FN:199,exitButton()
FN:204,tileScreenButton()
FN:209,levelSelectButton()
FN:214,optionsButton()
FN:219,levelOneButton()
FN:224,levelOTwoButton()
FN:229,levelThreeButton()
FN:234,levelTwoButton()
FN:239,warriorUpgradeButton()
FN:244,lancerUpgradeButton()
FN:16,MenuManager()
FN:157,playerPhase()
FN:166,enemyPhase()
FNDA:15,subMenuActive()
FNDA:6,Awake()
FNDA:2530,showTileInfo(Tile)
FNDA:72,showFullTileInfo(Tile)
FNDA:153,showSelectedUnit(BaseUnit)
FNDA:114,buttonsActivity(System.Boolean)
FNDA:64,subMenuActivity(System.Boolean, System.Boolean)
FNDA:32,attackButton()
FNDA:0,skillsButton()
FNDA:8,unitSkillButton()
FNDA:0,cancelButton()
FNDA:23,waitButton()
FNDA:2,victoryScreen()
FNDA:0,loseScreen()
FNDA:0,pauseMenuActivity(System.Boolean)
FNDA:0,resumeButton()
FNDA:0,restartButton()
FNDA:1,exitButton()
FNDA:0,tileScreenButton()
FNDA:3,levelSelectButton()
FNDA:1,optionsButton()
FNDA:1,levelOneButton()
FNDA:0,levelOTwoButton()
FNDA:0,levelThreeButton()
FNDA:1,levelTwoButton()
FNDA:0,warriorUpgradeButton()
FNDA:1,lancerUpgradeButton()
FNDA:7,MenuManager()
FNDA:11,playerPhase()
FNDA:9,enemyPhase()
FNF:30
FNH:20
BRF:0
BRH:0
DA:16,7
DA:17,7
DA:18,7
DA:19,15
DA:22,6
DA:23,6
DA:24,6
DA:27,2530
DA:28,2530
DA:29,1264
DA:30,1264
DA:31,1264
DA:32,1264
DA:34,1266
DA:35,1266
DA:37,1266
DA:38,281
DA:39,281
DA:40,281
DA:41,281
DA:42,2530
DA:45,72
DA:46,72
DA:47,72
DA:48,72
DA:49,72
DA:51,0
DA:52,0
DA:53,0
DA:54,0
DA:55,72
DA:58,153
DA:59,153
DA:60,72
DA:61,72
DA:62,72
DA:65,81
DA:66,81
DA:67,81
DA:68,81
DA:69,81
DA:70,81
DA:71,81
DA:72,81
DA:73,81
DA:74,81
DA:75,81
DA:76,81
DA:77,81
DA:79,0
DA:80,0
DA:81,0
DA:82,0
DA:83,0
DA:84,81
DA:85,81
DA:86,81
DA:87,81
DA:88,153
DA:91,114
DA:92,114
DA:93,89
DA:94,89
DA:95,70
DA:96,70
DA:97,70
DA:99,19
DA:100,19
DA:101,19
DA:102,89
DA:104,114
DA:105,57
DA:106,57
DA:107,57
DA:108,57
DA:109,114
DA:110,114
DA:111,114
DA:114,64
DA:115,64
DA:116,64
DA:119,32
DA:120,32
DA:121,32
DA:122,32
DA:123,32
DA:124,32
DA:126,0
DA:127,0
DA:128,0
DA:129,0
DA:130,0
DA:133,8
DA:134,8
DA:135,8
DA:136,6
DA:137,6
DA:138,6
DA:139,8
DA:142,0
DA:143,0
DA:144,0
DA:145,0
DA:146,0
DA:147,0
DA:148,0
DA:151,23
DA:152,23
DA:153,23
DA:154,23
DA:157,11
DA:158,11
DA:159,11
DA:160,11
DA:161,11
DA:162,11
DA:163,11
DA:166,9
DA:167,9
DA:168,9
DA:169,9
DA:170,9
DA:171,9
DA:172,9
DA:175,2
DA:176,2
DA:177,2
DA:180,0
DA:181,0
DA:182,0
DA:185,0
DA:186,0
DA:187,0
DA:190,0
DA:191,0
DA:192,0
DA:194,0
DA:195,0
DA:196,0
DA:199,1
DA:200,1
DA:201,1
DA:204,0
DA:205,0
DA:206,0
DA:209,3
DA:210,3
DA:211,3
DA:214,1
DA:215,1
DA:216,1
DA:219,1
DA:220,1
DA:221,1
DA:224,0
DA:225,0
DA:226,0
DA:229,0
DA:230,0
DA:231,0
DA:234,1
DA:235,1
DA:236,1
DA:239,0
DA:240,0
DA:241,0
DA:242,0
DA:244,1
DA:245,1
DA:246,1
DA:247,1
LH:125
LF:171
end_of_record
SF:D:/Projects/Unity/Avalon/Assets/Scripts/Managers/OptionsManager.cs
FN:9,returnButton()
FN:14,fullscreenToggle(System.Boolean)
FNDA:1,returnButton()
FNDA:2,fullscreenToggle(System.Boolean)
FNF:2
FNH:2
BRF:0
BRH:0
DA:9,1
DA:10,1
DA:11,1
DA:14,2
DA:15,2
DA:16,2
LH:6
LF:6
end_of_record
SF:D:/Projects/Unity/Avalon/Assets/Scripts/Pathfinding.cs
FN:8,FindPath(Tile, Tile)
FN:54,HeuristicCostEstimate(Tile, Tile)
FN:60,GetTileWithLowestFScore(System.Collections.Generic.List[Tile], System.Collections.Generic.Dictionary[Tile,Single])
FN:77,ReconstructPath(System.Collections.Generic.Dictionary[Tile,Tile], Tile)
FN:94,GetNeighbors(Tile)
FN:114,GetDistanceBetween(Tile, Tile)
FNDA:3541,FindPath(Tile, Tile)
FNDA:52719,HeuristicCostEstimate(Tile, Tile)
FNDA:28529,GetTileWithLowestFScore(System.Collections.Generic.List[Tile], System.Collections.Generic.Dictionary[Tile,Single])
FNDA:3466,ReconstructPath(System.Collections.Generic.Dictionary[Tile,Tile], Tile)
FNDA:25063,GetNeighbors(Tile)
FNDA:0,GetDistanceBetween(Tile, Tile)
FNF:6
FNH:5
BRF:0
BRH:0
DA:8,3541
DA:9,3541
DA:10,3541
DA:11,3541
DA:12,3541
DA:13,3541
DA:15,3541
DA:16,3541
DA:17,3541
DA:19,28604
DA:20,28529
DA:21,28529
DA:23,28529
DA:24,3466
DA:25,3466
DA:28,25063
DA:29,25063
DA:31,233731
DA:32,79271
DA:33,79271
DA:34,20967
DA:36,58304
DA:38,58304
DA:39,49178
DA:40,49178
DA:41,49178
DA:42,49178
DA:44,49178
DA:45,48505
DA:46,49178
DA:47,58304
DA:48,25063
DA:50,75
DA:51,3541
DA:54,52719
DA:56,52719
DA:57,52719
DA:60,28529
DA:61,28529
DA:62,28529
DA:64,459269
DA:65,186841
DA:66,186841
DA:67,54903
DA:68,54903
DA:69,54903
DA:70,54903
DA:71,186841
DA:73,28529
DA:74,28529
DA:77,3466
DA:78,3466
DA:80,16732
DA:81,13266
DA:82,29968
DA:83,1718
DA:84,1718
DA:85,1718
DA:86,13266
DA:87,13266
DA:88,13266
DA:90,3466
DA:91,3466
DA:94,25063
DA:95,25063
DA:97,25063
DA:99,275693
DA:100,100252
DA:101,100252
DA:102,100252
DA:104,100252
DA:105,79271
DA:106,79271
DA:107,79271
DA:108,100252
DA:110,25063
DA:111,25063
DA:114,0
DA:116,0
DA:117,0
LH:77
LF:80
end_of_record
SF:D:/Projects/Unity/Avalon/Assets/Scripts/Skills/Rage.cs
FN:12,Activate(BaseUnit, BaseUnit)
FN:8,Rage()
FNDA:6,Activate(BaseUnit, BaseUnit)
FNDA:7,Rage()
FNF:2
FNH:2
BRF:0
BRH:0
DA:8,7
DA:9,7
DA:12,6
DA:13,6
DA:14,0
DA:15,0
DA:16,0
DA:17,0
DA:18,0
DA:19,0
DA:20,0
DA:21,0
DA:23,6
DA:24,6
DA:25,6
DA:26,6
DA:27,6
DA:28,6
DA:29,6
DA:30,6
DA:31,6
DA:32,6
LH:14
LF:22
end_of_record
SF:D:/Projects/Unity/Avalon/Assets/Scripts/Skills/Skill.cs
FN:18,Preparation(BaseUnit, BaseUnit)
FN:23,Activate(BaseUnit, BaseUnit)
FN:11,Skill()
FNDA:0,Preparation(BaseUnit, BaseUnit)
FNDA:0,Activate(BaseUnit, BaseUnit)
FNDA:14,Skill()
FNF:3
FNH:1
BRF:0
BRH:0
DA:11,14
DA:18,0
DA:20,0
DA:23,0
DA:25,0
LH:1
LF:5
end_of_record
SF:D:/Projects/Unity/Avalon/Assets/Scripts/Managers/SkillManager.cs
FN:11,Awake()
FN:16,addSkill(Skill)
FN:21,checkSkillsAvailable()
FN:7,SkillManager()
FNDA:2,Awake()
FNDA:2,addSkill(Skill)
FNDA:9,checkSkillsAvailable()
FNDA:2,SkillManager()
FNF:4
FNH:4
BRF:0
BRH:0
DA:7,2
DA:11,2
DA:12,2
DA:13,2
DA:16,2
DA:17,2
DA:18,2
DA:21,9
DA:22,9
DA:24,33
DA:25,3
DA:26,3
DA:27,1
DA:28,1
DA:29,1
DA:30,1
DA:31,3
DA:34,29
DA:35,1
DA:36,1
DA:37,1
DA:38,9
LH:22
LF:22
end_of_record
SF:D:/Projects/Unity/Avalon/Assets/Scripts/Tiles/Tile.cs
FN:16,Walkable()
FN:21,Init(System.Int32, System.Int32)
FN:26,OnMouseEnter()
FN:39,OnMouseExit()
FN:45,OnMouseOver()
FN:60,OnMouseDown()
FN:116,prepareUI()
FN:122,turnOffValidMovement()
FN:132,setHighlightsActivity(System.Boolean, System.Int32)
FN:166,setUnit(BaseUnit)
FN:178,destroyTile()
FN:182,SetColor(UnityEngine.Color)
FN:17,Tile()
FNDA:101897,Walkable()
FNDA:0,Init(System.Int32, System.Int32)
FNDA:1266,OnMouseEnter()
FNDA:1264,OnMouseExit()
FNDA:71055,OnMouseOver()
FNDA:216,OnMouseDown()
FNDA:57,prepareUI()
FNDA:57,turnOffValidMovement()
FNDA:64,setHighlightsActivity(System.Boolean, System.Int32)
FNDA:90,setUnit(BaseUnit)
FNDA:150,destroyTile()
FNDA:0,SetColor(UnityEngine.Color)
FNDA:337,Tile()
FNF:13
FNH:11
BRF:0
BRH:0
DA:16,101897
DA:17,337
DA:21,0
DA:23,0
DA:26,1266
DA:27,1266
DA:28,0
DA:29,0
DA:31,1266
DA:32,793
DA:33,793
DA:34,793
DA:35,1266
DA:36,1266
DA:39,1264
DA:40,1264
DA:41,1264
DA:42,1264
DA:45,71055
DA:46,71055
DA:47,81
DA:48,81
DA:49,81
DA:50,81
DA:51,81
DA:53,0
DA:54,0
DA:55,0
DA:56,81
DA:57,71055
DA:60,216
DA:61,219
DA:63,213
DA:64,110
DA:65,110
DA:66,57
DA:67,57
DA:68,0
DA:69,0
DA:70,0
DA:71,57
DA:72,57
DA:73,57
DA:75,53
DA:76,53
DA:77,32
DA:78,32
DA:79,32
DA:80,32
DA:82,32
DA:83,32
DA:84,32
DA:85,32
DA:86,32
DA:87,32
DA:88,32
DA:89,32
DA:90,32
DA:91,2
DA:92,2
DA:94,30
DA:95,30
DA:96,30
DA:98,51
DA:99,15
DA:100,15
DA:101,15
DA:102,51
DA:103,108
DA:105,103
DA:106,103
DA:107,42
DA:108,42
DA:109,42
DA:110,42
DA:111,42
DA:112,103
DA:113,216
DA:116,57
DA:117,57
DA:118,57
DA:119,57
DA:122,57
DA:123,57
DA:124,1608
DA:125,747
DA:126,747
DA:127,747
DA:128,57
DA:129,57
DA:132,64
DA:133,64
DA:134,64
DA:136,680
DA:137,276
DA:138,3336
DA:139,1392
DA:140,1392
DA:141,1392
DA:142,70
DA:143,70
DA:146,1322
DA:148,1322
DA:149,1322
DA:150,1322
DA:151,654
DA:152,654
DA:153,72
DA:154,72
DA:155,72
DA:157,582
DA:158,582
DA:159,582
DA:160,654
DA:161,1322
DA:162,276
DA:163,64
DA:166,90
DA:167,90
DA:168,65
DA:169,65
DA:170,65
DA:171,90
DA:172,90
DA:173,90
DA:174,90
DA:175,90
DA:178,150
DA:179,150
DA:180,150
DA:182,0
LH:120
LF:131
end_of_record
SF:D:/Projects/Unity/Avalon/Assets/Scripts/Managers/UnitManager.cs
FN:24,Awake()
FN:30,spawnHeroes()
FN:46,spawnEnemies()
FN:66,GetRandomUnit[T](Faction)
FN:79,SetSeclectedHero(BaseHero)
FN:84,SetSelectedEnemy(BaseEnemy)
FN:108,checkUnitActivity()
FN:120,endUnitTurn()
FN:127,enemiesRemain()
FN:138,heroesRemain()
FN:149,upgradeWarrior()
FN:160,upgradeLancer()
FN:14,UnitManager()
FN:89,EnemyContoller()
FNDA:2,Awake()
FNDA:2,spawnHeroes()
FNDA:2,spawnEnemies()
FNDA:0,GetRandomUnit[T](Faction)
FNDA:270,SetSeclectedHero(BaseHero)
FNDA:0,SetSelectedEnemy(BaseEnemy)
FNDA:55,checkUnitActivity()
FNDA:25,endUnitTurn()
FNDA:32,enemiesRemain()
FNDA:50,heroesRemain()
FNDA:0,upgradeWarrior()
FNDA:1,upgradeLancer()
FNDA:2,UnitManager()
FNDA:9,EnemyContoller()
FNF:14
FNH:11
BRF:0
BRH:0
DA:14,2
DA:15,2
DA:24,2
DA:25,2
DA:26,2
DA:27,2
DA:30,2
DA:31,28
DA:32,11
DA:33,11
DA:34,11
DA:35,11
DA:36,11
DA:37,11
DA:38,11
DA:39,11
DA:40,11
DA:42,2
DA:43,2
DA:46,2
DA:47,34
DA:48,14
DA:49,14
DA:50,14
DA:51,14
DA:52,14
DA:53,14
DA:54,14
DA:55,14
DA:56,14
DA:57,14
DA:58,14
DA:59,14
DA:60,14
DA:62,2
DA:63,2
DA:66,0
DA:67,0
DA:69,0
DA:70,0
DA:71,0
DA:72,0
DA:75,0
DA:76,0
DA:79,270
DA:80,270
DA:81,270
DA:84,0
DA:85,0
DA:86,0
DA:89,9
DA:90,9
DA:91,105
DA:92,39
DA:93,39
DA:94,39
DA:95,39
DA:96,39
DA:97,39
DA:98,39
DA:99,0
DA:100,0
DA:102,39
DA:103,9
DA:104,9
DA:105,9
DA:108,55
DA:109,381
DA:110,131
DA:111,131
DA:112,46
DA:113,46
DA:115,85
DA:116,9
DA:117,55
DA:120,25
DA:121,25
DA:122,25
DA:123,25
DA:124,25
DA:127,32
DA:128,32
DA:129,2
DA:130,2
DA:131,2
DA:134,30
DA:135,32
DA:138,50
DA:139,50
DA:140,0
DA:141,0
DA:142,0
DA:145,50
DA:146,50
DA:149,0
DA:150,0
DA:151,0
DA:152,0
DA:153,0
DA:154,0
DA:155,0
DA:156,0
DA:157,0
DA:158,0
DA:160,1
DA:161,17
DA:162,7
DA:163,7
DA:164,2
DA:165,2
DA:166,2
DA:167,7
DA:168,1
LH:87
LF:113
end_of_record
SF:D:/Projects/Unity/Avalon/Assets/Tests/NewTestScript.cs
FN:12,NewTestScriptSimplePasses()
FN:20,NewTestScriptWithEnumeratorPasses()
FNDA:0,NewTestScriptSimplePasses()
FNDA:0,NewTestScriptWithEnumeratorPasses()
FNF:2
FNH:0
BRF:0
BRH:0
DA:12,0
DA:14,0
DA:20,0
DA:23,0
DA:24,0
LH:0
LF:5
end_of_record
