<?xml version="1.0" encoding="utf-8"?>
<CoverageSession xmlns:xsd="http://www.w3.org/2001/XMLSchema" xmlns:xsi="http://www.w3.org/2001/XMLSchema-instance" Version="0.0.0.0">
  <Summary numSequencePoints="951" visitedSequencePoints="869" numBranchPoints="0" visitedBranchPoints="0" sequenceCoverage="91.38" branchCoverage="0.0" maxCyclomaticComplexity="20" minCyclomaticComplexity="1" maxCrapScore="20.09" minCrapScore="1" visitedClasses="24" numClasses="26" visitedMethods="97" numMethods="100" />
  <Modules>
    <Module>
      <Summary numSequencePoints="951" visitedSequencePoints="869" numBranchPoints="0" visitedBranchPoints="0" sequenceCoverage="91.38" branchCoverage="0.0" maxCyclomaticComplexity="20" minCyclomaticComplexity="1" maxCrapScore="20.09" minCrapScore="1" visitedClasses="24" numClasses="26" visitedMethods="97" numMethods="100" />
      <ModuleTime>0001-01-01T00:00:00</ModuleTime>
      <ModuleName>Assembly-CSharp</ModuleName>
      <Files>
        <File uid="1" fullPath="D:/Projects/Unity/Avalon/Assets/Colorblind/ColorBlindFilter.cs" />
        <File uid="2" fullPath="D:/Projects/Unity/Avalon/Assets/Scripts/Healthbar.cs" />
        <File uid="3" fullPath="D:/Projects/Unity/Avalon/Assets/Scripts/Managers/AudioManager.cs" />
        <File uid="4" fullPath="D:/Projects/Unity/Avalon/Assets/Scripts/Managers/GameManager.cs" />
        <File uid="5" fullPath="D:/Projects/Unity/Avalon/Assets/Scripts/Managers/GridManager.cs" />
        <File uid="6" fullPath="D:/Projects/Unity/Avalon/Assets/Scripts/Managers/InputManager.cs" />
        <File uid="7" fullPath="D:/Projects/Unity/Avalon/Assets/Scripts/Managers/MenuManager.cs" />
        <File uid="8" fullPath="D:/Projects/Unity/Avalon/Assets/Scripts/Managers/OptionsManager.cs" />
        <File uid="9" fullPath="D:/Projects/Unity/Avalon/Assets/Scripts/Managers/SkillManager.cs" />
        <File uid="10" fullPath="D:/Projects/Unity/Avalon/Assets/Scripts/Managers/UnitManager.cs" />
        <File uid="11" fullPath="D:/Projects/Unity/Avalon/Assets/Scripts/Pathfinding.cs" />
        <File uid="12" fullPath="D:/Projects/Unity/Avalon/Assets/Scripts/Skills/Debilitate.cs" />
        <File uid="13" fullPath="D:/Projects/Unity/Avalon/Assets/Scripts/Skills/Heal.cs" />
        <File uid="14" fullPath="D:/Projects/Unity/Avalon/Assets/Scripts/Skills/Rage.cs" />
        <File uid="15" fullPath="D:/Projects/Unity/Avalon/Assets/Scripts/Skills/Skill.cs" />
        <File uid="16" fullPath="D:/Projects/Unity/Avalon/Assets/Scripts/Tiles/GrassTile.cs" />
        <File uid="17" fullPath="D:/Projects/Unity/Avalon/Assets/Scripts/Tiles/Tile.cs" />
        <File uid="18" fullPath="D:/Projects/Unity/Avalon/Assets/Scripts/Units/BaseUnit.cs" />
        <File uid="19" fullPath="D:/Projects/Unity/Avalon/Assets/Scripts/Units/Enemies/EnemyOne.cs" />
        <File uid="20" fullPath="D:/Projects/Unity/Avalon/Assets/Scripts/Units/Heroes/BaseHero.cs" />
        <File uid="21" fullPath="D:/Projects/Unity/Avalon/Assets/Scripts/Units/Heroes/HeroTwo.cs" />
        <File uid="22" fullPath="D:/Projects/Unity/Avalon/Assets/Scripts/Units/Enemies/BaseEnemy.cs" />
      </Files>
      <Classes>
        <Class>
          <Summary numSequencePoints="24" visitedSequencePoints="16" numBranchPoints="0" visitedBranchPoints="0" sequenceCoverage="66.67" branchCoverage="0.0" maxCyclomaticComplexity="5" minCyclomaticComplexity="1" maxCrapScore="9.66" minCrapScore="1" visitedClasses="1" numClasses="1" visitedMethods="4" numMethods="4" />
          <FullName>ColorBlindFilter</FullName>
          <Methods>
            <Method visited="true" cyclomaticComplexity="1" nPathComplexity="0" sequenceCoverage="100.0" branchCoverage="0" crapScore="1" isConstructor="false" isStatic="false" isGetter="false" isSetter="false">
              <Summary numSequencePoints="6" visitedSequencePoints="6" numBranchPoints="0" visitedBranchPoints="0" sequenceCoverage="100.0" branchCoverage="0" maxCyclomaticComplexity="1" minCyclomaticComplexity="1" maxCrapScore="1" minCrapScore="1" visitedClasses="0" numClasses="0" visitedMethods="1" numMethods="1" />
              <MetadataToken>100663297</MetadataToken>
              <Name>System.Void ColorBlindFilter::Awake()</Name>
              <FileRef uid="1" />
              <SequencePoints>
                <SequencePoint vc="2" uspid="1" ordinal="0" offset="0" sl="42" sc="5" el="42" ec="5" bec="0" bev="0" fileid="1" />
                <SequencePoint vc="2" uspid="2" ordinal="0" offset="1" sl="43" sc="9" el="43" ec="9" bec="0" bev="0" fileid="1" />
                <SequencePoint vc="2" uspid="3" ordinal="0" offset="22" sl="44" sc="9" el="44" ec="9" bec="0" bev="0" fileid="1" />
                <SequencePoint vc="2" uspid="4" ordinal="0" offset="51" sl="45" sc="9" el="45" ec="9" bec="0" bev="0" fileid="1" />
                <SequencePoint vc="2" uspid="5" ordinal="0" offset="80" sl="46" sc="9" el="46" ec="9" bec="0" bev="0" fileid="1" />
                <SequencePoint vc="2" uspid="6" ordinal="0" offset="109" sl="47" sc="5" el="47" ec="5" bec="0" bev="0" fileid="1" />
              </SequencePoints>
              <BranchPoints />
            </Method>
            <Method visited="true" cyclomaticComplexity="5" nPathComplexity="0" sequenceCoverage="42.86" branchCoverage="0" crapScore="9.66" isConstructor="false" isStatic="false" isGetter="false" isSetter="false">
              <Summary numSequencePoints="14" visitedSequencePoints="6" numBranchPoints="0" visitedBranchPoints="0" sequenceCoverage="42.86" branchCoverage="0" maxCyclomaticComplexity="5" minCyclomaticComplexity="5" maxCrapScore="9.66" minCrapScore="9.66" visitedClasses="0" numClasses="0" visitedMethods="1" numMethods="1" />
              <MetadataToken>100663298</MetadataToken>
              <Name>System.Void ColorBlindFilter::OnRenderImage(UnityEngine.RenderTexture, UnityEngine.RenderTexture)</Name>
              <FileRef uid="1" />
              <SequencePoints>
                <SequencePoint vc="71055" uspid="7" ordinal="0" offset="0" sl="50" sc="5" el="50" ec="5" bec="0" bev="0" fileid="1" />
                <SequencePoint vc="71055" uspid="8" ordinal="0" offset="1" sl="52" sc="9" el="52" ec="9" bec="0" bev="0" fileid="1" />
                <SequencePoint vc="71055" uspid="9" ordinal="0" offset="14" sl="53" sc="9" el="53" ec="9" bec="0" bev="0" fileid="1" />
                <SequencePoint vc="71055" uspid="10" ordinal="0" offset="15" sl="54" sc="13" el="54" ec="13" bec="0" bev="0" fileid="1" />
                <SequencePoint vc="71055" uspid="11" ordinal="0" offset="23" sl="55" sc="13" el="55" ec="13" bec="0" bev="0" fileid="1" />
                <SequencePoint vc="0" uspid="12" ordinal="0" offset="28" sl="59" sc="9" el="59" ec="9" bec="0" bev="0" fileid="1" />
                <SequencePoint vc="0" uspid="13" ordinal="0" offset="49" sl="60" sc="9" el="60" ec="9" bec="0" bev="0" fileid="1" />
                <SequencePoint vc="0" uspid="14" ordinal="0" offset="50" sl="61" sc="13" el="61" ec="13" bec="0" bev="0" fileid="1" />
                <SequencePoint vc="0" uspid="15" ordinal="0" offset="84" sl="62" sc="13" el="62" ec="13" bec="0" bev="0" fileid="1" />
                <SequencePoint vc="0" uspid="16" ordinal="0" offset="118" sl="63" sc="13" el="63" ec="13" bec="0" bev="0" fileid="1" />
                <SequencePoint vc="0" uspid="17" ordinal="0" offset="152" sl="64" sc="13" el="64" ec="13" bec="0" bev="0" fileid="1" />
                <SequencePoint vc="0" uspid="18" ordinal="0" offset="164" sl="65" sc="9" el="65" ec="9" bec="0" bev="0" fileid="1" />
                <SequencePoint vc="0" uspid="19" ordinal="0" offset="165" sl="68" sc="9" el="68" ec="9" bec="0" bev="0" fileid="1" />
                <SequencePoint vc="71055" uspid="20" ordinal="0" offset="191" sl="69" sc="5" el="69" ec="5" bec="0" bev="0" fileid="1" />
              </SequencePoints>
              <BranchPoints />
            </Method>
            <Method visited="true" cyclomaticComplexity="1" nPathComplexity="0" sequenceCoverage="100.0" branchCoverage="0" crapScore="1" isConstructor="true" isStatic="false" isGetter="false" isSetter="false">
              <Summary numSequencePoints="3" visitedSequencePoints="3" numBranchPoints="0" visitedBranchPoints="0" sequenceCoverage="100.0" branchCoverage="0" maxCyclomaticComplexity="1" minCyclomaticComplexity="1" maxCrapScore="1" minCrapScore="1" visitedClasses="0" numClasses="0" visitedMethods="1" numMethods="1" />
              <MetadataToken>100663299</MetadataToken>
              <Name>ColorBlindFilter::ColorBlindFilter()</Name>
              <FileRef uid="1" />
              <SequencePoints>
                <SequencePoint vc="2" uspid="21" ordinal="0" offset="0" sl="21" sc="5" el="21" ec="5" bec="0" bev="0" fileid="1" />
                <SequencePoint vc="2" uspid="22" ordinal="0" offset="7" sl="22" sc="5" el="22" ec="5" bec="0" bev="0" fileid="1" />
                <SequencePoint vc="2" uspid="23" ordinal="0" offset="14" sl="24" sc="5" el="24" ec="5" bec="0" bev="0" fileid="1" />
              </SequencePoints>
              <BranchPoints />
            </Method>
            <Method visited="true" cyclomaticComplexity="1" nPathComplexity="0" sequenceCoverage="100.0" branchCoverage="0" crapScore="1" isConstructor="true" isStatic="true" isGetter="false" isSetter="false">
              <Summary numSequencePoints="1" visitedSequencePoints="1" numBranchPoints="0" visitedBranchPoints="0" sequenceCoverage="100.0" branchCoverage="0" maxCyclomaticComplexity="1" minCyclomaticComplexity="1" maxCrapScore="1" minCrapScore="1" visitedClasses="0" numClasses="0" visitedMethods="1" numMethods="1" />
              <MetadataToken>100663300</MetadataToken>
              <Name>static ColorBlindFilter::ColorBlindFilter()</Name>
              <FileRef uid="1" />
              <SequencePoints>
                <SequencePoint vc="1" uspid="24" ordinal="0" offset="0" sl="28" sc="5" el="28" ec="5" bec="0" bev="0" fileid="1" />
              </SequencePoints>
              <BranchPoints />
            </Method>
          </Methods>
        </Class>
        <Class>
          <Summary numSequencePoints="13" visitedSequencePoints="13" numBranchPoints="0" visitedBranchPoints="0" sequenceCoverage="100.0" branchCoverage="0.0" maxCyclomaticComplexity="1" minCyclomaticComplexity="1" maxCrapScore="1" minCrapScore="1" visitedClasses="1" numClasses="1" visitedMethods="4" numMethods="4" />
          <FullName>Healthbar</FullName>
          <Methods>
            <Method visited="true" cyclomaticComplexity="1" nPathComplexity="0" sequenceCoverage="100.0" branchCoverage="0" crapScore="1" isConstructor="false" isStatic="false" isGetter="false" isSetter="false">
              <Summary numSequencePoints="4" visitedSequencePoints="4" numBranchPoints="0" visitedBranchPoints="0" sequenceCoverage="100.0" branchCoverage="0" maxCyclomaticComplexity="1" minCyclomaticComplexity="1" maxCrapScore="1" minCrapScore="1" visitedClasses="0" numClasses="0" visitedMethods="1" numMethods="1" />
              <MetadataToken>100663301</MetadataToken>
              <Name>System.Void Healthbar::setMaxHealth(System.Single)</Name>
              <FileRef uid="2" />
              <SequencePoints>
                <SequencePoint vc="25" uspid="25" ordinal="0" offset="0" sl="12" sc="5" el="12" ec="5" bec="0" bev="0" fileid="2" />
                <SequencePoint vc="25" uspid="26" ordinal="0" offset="1" sl="13" sc="9" el="13" ec="9" bec="0" bev="0" fileid="2" />
                <SequencePoint vc="25" uspid="27" ordinal="0" offset="14" sl="14" sc="9" el="14" ec="9" bec="0" bev="0" fileid="2" />
                <SequencePoint vc="25" uspid="28" ordinal="0" offset="27" sl="15" sc="5" el="15" ec="5" bec="0" bev="0" fileid="2" />
              </SequencePoints>
              <BranchPoints />
            </Method>
            <Method visited="true" cyclomaticComplexity="1" nPathComplexity="0" sequenceCoverage="100.0" branchCoverage="0" crapScore="1" isConstructor="false" isStatic="false" isGetter="false" isSetter="false">
              <Summary numSequencePoints="3" visitedSequencePoints="3" numBranchPoints="0" visitedBranchPoints="0" sequenceCoverage="100.0" branchCoverage="0" maxCyclomaticComplexity="1" minCyclomaticComplexity="1" maxCrapScore="1" minCrapScore="1" visitedClasses="0" numClasses="0" visitedMethods="1" numMethods="1" />
              <MetadataToken>100663302</MetadataToken>
              <Name>System.Void Healthbar::setValue(System.Single)</Name>
              <FileRef uid="2" />
              <SequencePoints>
                <SequencePoint vc="77" uspid="29" ordinal="0" offset="0" sl="18" sc="5" el="18" ec="5" bec="0" bev="0" fileid="2" />
                <SequencePoint vc="77" uspid="30" ordinal="0" offset="1" sl="19" sc="9" el="19" ec="9" bec="0" bev="0" fileid="2" />
                <SequencePoint vc="77" uspid="31" ordinal="0" offset="14" sl="20" sc="5" el="20" ec="5" bec="0" bev="0" fileid="2" />
              </SequencePoints>
              <BranchPoints />
            </Method>
            <Method visited="true" cyclomaticComplexity="1" nPathComplexity="0" sequenceCoverage="100.0" branchCoverage="0" crapScore="1" isConstructor="false" isStatic="false" isGetter="false" isSetter="false">
              <Summary numSequencePoints="3" visitedSequencePoints="3" numBranchPoints="0" visitedBranchPoints="0" sequenceCoverage="100.0" branchCoverage="0" maxCyclomaticComplexity="1" minCyclomaticComplexity="1" maxCrapScore="1" minCrapScore="1" visitedClasses="0" numClasses="0" visitedMethods="1" numMethods="1" />
              <MetadataToken>100663303</MetadataToken>
              <Name>System.Void Healthbar::setColor(UnityEngine.Color)</Name>
              <FileRef uid="2" />
              <SequencePoints>
                <SequencePoint vc="25" uspid="32" ordinal="0" offset="0" sl="23" sc="5" el="23" ec="5" bec="0" bev="0" fileid="2" />
                <SequencePoint vc="25" uspid="33" ordinal="0" offset="1" sl="24" sc="9" el="24" ec="9" bec="0" bev="0" fileid="2" />
                <SequencePoint vc="25" uspid="34" ordinal="0" offset="14" sl="25" sc="5" el="25" ec="5" bec="0" bev="0" fileid="2" />
              </SequencePoints>
              <BranchPoints />
            </Method>
            <Method visited="true" cyclomaticComplexity="1" nPathComplexity="0" sequenceCoverage="100.0" branchCoverage="0" crapScore="1" isConstructor="false" isStatic="false" isGetter="false" isSetter="false">
              <Summary numSequencePoints="3" visitedSequencePoints="3" numBranchPoints="0" visitedBranchPoints="0" sequenceCoverage="100.0" branchCoverage="0" maxCyclomaticComplexity="1" minCyclomaticComplexity="1" maxCrapScore="1" minCrapScore="1" visitedClasses="0" numClasses="0" visitedMethods="1" numMethods="1" />
              <MetadataToken>100663304</MetadataToken>
              <Name>System.Single Healthbar::getValue()</Name>
              <FileRef uid="2" />
              <SequencePoints>
                <SequencePoint vc="43" uspid="35" ordinal="0" offset="0" sl="28" sc="5" el="28" ec="5" bec="0" bev="0" fileid="2" />
                <SequencePoint vc="43" uspid="36" ordinal="0" offset="1" sl="29" sc="9" el="29" ec="9" bec="0" bev="0" fileid="2" />
                <SequencePoint vc="43" uspid="37" ordinal="0" offset="15" sl="30" sc="5" el="30" ec="5" bec="0" bev="0" fileid="2" />
              </SequencePoints>
              <BranchPoints />
            </Method>
          </Methods>
        </Class>
        <Class>
          <Summary numSequencePoints="9" visitedSequencePoints="9" numBranchPoints="0" visitedBranchPoints="0" sequenceCoverage="100.0" branchCoverage="0.0" maxCyclomaticComplexity="1" minCyclomaticComplexity="1" maxCrapScore="1" minCrapScore="1" visitedClasses="1" numClasses="1" visitedMethods="3" numMethods="3" />
          <FullName>AudioManager</FullName>
          <Methods>
            <Method visited="true" cyclomaticComplexity="1" nPathComplexity="0" sequenceCoverage="100.0" branchCoverage="0" crapScore="1" isConstructor="false" isStatic="false" isGetter="false" isSetter="false">
              <Summary numSequencePoints="3" visitedSequencePoints="3" numBranchPoints="0" visitedBranchPoints="0" sequenceCoverage="100.0" branchCoverage="0" maxCyclomaticComplexity="1" minCyclomaticComplexity="1" maxCrapScore="1" minCrapScore="1" visitedClasses="0" numClasses="0" visitedMethods="1" numMethods="1" />
              <MetadataToken>100663306</MetadataToken>
              <Name>System.Void AudioManager::Awake()</Name>
              <FileRef uid="3" />
              <SequencePoints>
                <SequencePoint vc="6" uspid="38" ordinal="0" offset="0" sl="11" sc="5" el="11" ec="5" bec="0" bev="0" fileid="3" />
                <SequencePoint vc="6" uspid="39" ordinal="0" offset="1" sl="12" sc="9" el="12" ec="9" bec="0" bev="0" fileid="3" />
                <SequencePoint vc="6" uspid="40" ordinal="0" offset="7" sl="13" sc="5" el="13" ec="5" bec="0" bev="0" fileid="3" />
              </SequencePoints>
              <BranchPoints />
            </Method>
            <Method visited="true" cyclomaticComplexity="1" nPathComplexity="0" sequenceCoverage="100.0" branchCoverage="0" crapScore="1" isConstructor="false" isStatic="false" isGetter="false" isSetter="false">
              <Summary numSequencePoints="3" visitedSequencePoints="3" numBranchPoints="0" visitedBranchPoints="0" sequenceCoverage="100.0" branchCoverage="0" maxCyclomaticComplexity="1" minCyclomaticComplexity="1" maxCrapScore="1" minCrapScore="1" visitedClasses="0" numClasses="0" visitedMethods="1" numMethods="1" />
              <MetadataToken>100663307</MetadataToken>
              <Name>System.Void AudioManager::playSound(UnityEngine.AudioClip)</Name>
              <FileRef uid="3" />
              <SequencePoints>
                <SequencePoint vc="128" uspid="41" ordinal="0" offset="0" sl="16" sc="5" el="16" ec="5" bec="0" bev="0" fileid="3" />
                <SequencePoint vc="128" uspid="42" ordinal="0" offset="1" sl="17" sc="9" el="17" ec="9" bec="0" bev="0" fileid="3" />
                <SequencePoint vc="128" uspid="43" ordinal="0" offset="14" sl="18" sc="5" el="18" ec="5" bec="0" bev="0" fileid="3" />
              </SequencePoints>
              <BranchPoints />
            </Method>
            <Method visited="true" cyclomaticComplexity="1" nPathComplexity="0" sequenceCoverage="100.0" branchCoverage="0" crapScore="1" isConstructor="false" isStatic="false" isGetter="false" isSetter="false">
              <Summary numSequencePoints="3" visitedSequencePoints="3" numBranchPoints="0" visitedBranchPoints="0" sequenceCoverage="100.0" branchCoverage="0" maxCyclomaticComplexity="1" minCyclomaticComplexity="1" maxCrapScore="1" minCrapScore="1" visitedClasses="0" numClasses="0" visitedMethods="1" numMethods="1" />
              <MetadataToken>100663308</MetadataToken>
              <Name>System.Void AudioManager::pauseMusic()</Name>
              <FileRef uid="3" />
              <SequencePoints>
                <SequencePoint vc="2" uspid="44" ordinal="0" offset="0" sl="21" sc="5" el="21" ec="5" bec="0" bev="0" fileid="3" />
                <SequencePoint vc="2" uspid="45" ordinal="0" offset="1" sl="22" sc="9" el="22" ec="9" bec="0" bev="0" fileid="3" />
                <SequencePoint vc="2" uspid="46" ordinal="0" offset="13" sl="23" sc="5" el="23" ec="5" bec="0" bev="0" fileid="3" />
              </SequencePoints>
              <BranchPoints />
            </Method>
          </Methods>
        </Class>
        <Class>
          <Summary numSequencePoints="72" visitedSequencePoints="54" numBranchPoints="0" visitedBranchPoints="0" sequenceCoverage="75.00" branchCoverage="0.0" maxCyclomaticComplexity="13" minCyclomaticComplexity="1" maxCrapScore="16.94" minCrapScore="1" visitedClasses="1" numClasses="1" visitedMethods="7" numMethods="7" />
          <FullName>GameManager</FullName>
          <Methods>
            <Method visited="true" cyclomaticComplexity="1" nPathComplexity="0" sequenceCoverage="100.0" branchCoverage="0" crapScore="1" isConstructor="false" isStatic="false" isGetter="false" isSetter="false">
              <Summary numSequencePoints="3" visitedSequencePoints="3" numBranchPoints="0" visitedBranchPoints="0" sequenceCoverage="100.0" branchCoverage="0" maxCyclomaticComplexity="1" minCyclomaticComplexity="1" maxCrapScore="1" minCrapScore="1" visitedClasses="0" numClasses="0" visitedMethods="1" numMethods="1" />
              <MetadataToken>100663312</MetadataToken>
              <Name>System.Void GameManager::Awake()</Name>
              <FileRef uid="4" />
              <SequencePoints>
                <SequencePoint vc="2" uspid="53" ordinal="0" offset="0" sl="16" sc="5" el="16" ec="5" bec="0" bev="0" fileid="4" />
                <SequencePoint vc="2" uspid="54" ordinal="0" offset="1" sl="17" sc="9" el="17" ec="9" bec="0" bev="0" fileid="4" />
                <SequencePoint vc="2" uspid="55" ordinal="0" offset="7" sl="18" sc="5" el="18" ec="5" bec="0" bev="0" fileid="4" />
              </SequencePoints>
              <BranchPoints />
            </Method>
            <Method visited="true" cyclomaticComplexity="1" nPathComplexity="0" sequenceCoverage="100.0" branchCoverage="0" crapScore="1" isConstructor="false" isStatic="false" isGetter="false" isSetter="false">
              <Summary numSequencePoints="3" visitedSequencePoints="3" numBranchPoints="0" visitedBranchPoints="0" sequenceCoverage="100.0" branchCoverage="0" maxCyclomaticComplexity="1" minCyclomaticComplexity="1" maxCrapScore="1" minCrapScore="1" visitedClasses="0" numClasses="0" visitedMethods="1" numMethods="1" />
              <MetadataToken>100663313</MetadataToken>
              <Name>System.Void GameManager::Start()</Name>
              <FileRef uid="4" />
              <SequencePoints>
                <SequencePoint vc="2" uspid="56" ordinal="0" offset="0" sl="22" sc="5" el="22" ec="5" bec="0" bev="0" fileid="4" />
                <SequencePoint vc="2" uspid="57" ordinal="0" offset="1" sl="23" sc="9" el="23" ec="9" bec="0" bev="0" fileid="4" />
                <SequencePoint vc="2" uspid="58" ordinal="0" offset="9" sl="24" sc="5" el="24" ec="5" bec="0" bev="0" fileid="4" />
              </SequencePoints>
              <BranchPoints />
            </Method>
            <Method visited="true" cyclomaticComplexity="3" nPathComplexity="0" sequenceCoverage="23.08" branchCoverage="0" crapScore="7.10" isConstructor="false" isStatic="false" isGetter="false" isSetter="false">
              <Summary numSequencePoints="13" visitedSequencePoints="3" numBranchPoints="0" visitedBranchPoints="0" sequenceCoverage="23.08" branchCoverage="0" maxCyclomaticComplexity="3" minCyclomaticComplexity="3" maxCrapScore="7.10" minCrapScore="7.10" visitedClasses="0" numClasses="0" visitedMethods="1" numMethods="1" />
              <MetadataToken>100663314</MetadataToken>
              <Name>System.Void GameManager::Update()</Name>
              <FileRef uid="4" />
              <SequencePoints>
                <SequencePoint vc="71055" uspid="59" ordinal="0" offset="0" sl="27" sc="5" el="27" ec="5" bec="0" bev="0" fileid="4" />
                <SequencePoint vc="71055" uspid="60" ordinal="0" offset="1" sl="28" sc="9" el="28" ec="9" bec="0" bev="0" fileid="4" />
                <SequencePoint vc="0" uspid="61" ordinal="0" offset="12" sl="29" sc="9" el="29" ec="9" bec="0" bev="0" fileid="4" />
                <SequencePoint vc="0" uspid="62" ordinal="0" offset="13" sl="30" sc="13" el="30" ec="13" bec="0" bev="0" fileid="4" />
                <SequencePoint vc="0" uspid="63" ordinal="0" offset="26" sl="31" sc="13" el="31" ec="13" bec="0" bev="0" fileid="4" />
                <SequencePoint vc="0" uspid="64" ordinal="0" offset="27" sl="32" sc="17" el="32" ec="17" bec="0" bev="0" fileid="4" />
                <SequencePoint vc="0" uspid="65" ordinal="0" offset="34" sl="33" sc="13" el="33" ec="13" bec="0" bev="0" fileid="4" />
                <SequencePoint vc="0" uspid="66" ordinal="0" offset="37" sl="35" sc="13" el="35" ec="13" bec="0" bev="0" fileid="4" />
                <SequencePoint vc="0" uspid="67" ordinal="0" offset="38" sl="36" sc="17" el="36" ec="17" bec="0" bev="0" fileid="4" />
                <SequencePoint vc="0" uspid="68" ordinal="0" offset="50" sl="37" sc="17" el="37" ec="17" bec="0" bev="0" fileid="4" />
                <SequencePoint vc="0" uspid="69" ordinal="0" offset="58" sl="38" sc="13" el="38" ec="13" bec="0" bev="0" fileid="4" />
                <SequencePoint vc="0" uspid="70" ordinal="0" offset="59" sl="39" sc="9" el="39" ec="9" bec="0" bev="0" fileid="4" />
                <SequencePoint vc="71055" uspid="71" ordinal="0" offset="60" sl="40" sc="5" el="40" ec="5" bec="0" bev="0" fileid="4" />
              </SequencePoints>
              <BranchPoints />
            </Method>
            <Method visited="true" cyclomaticComplexity="13" nPathComplexity="0" sequenceCoverage="71.43" branchCoverage="0" crapScore="16.94" isConstructor="false" isStatic="false" isGetter="false" isSetter="false">
              <Summary numSequencePoints="28" visitedSequencePoints="20" numBranchPoints="0" visitedBranchPoints="0" sequenceCoverage="71.43" branchCoverage="0" maxCyclomaticComplexity="13" minCyclomaticComplexity="13" maxCrapScore="16.94" minCrapScore="16.94" visitedClasses="0" numClasses="0" visitedMethods="1" numMethods="1" />
              <MetadataToken>100663315</MetadataToken>
              <Name>System.Void GameManager::ChangeState(GameState)</Name>
              <FileRef uid="4" />
              <SequencePoints>
                <SequencePoint vc="37" uspid="72" ordinal="0" offset="0" sl="43" sc="5" el="43" ec="5" bec="0" bev="0" fileid="4" />
                <SequencePoint vc="37" uspid="73" ordinal="0" offset="1" sl="44" sc="9" el="44" ec="9" bec="0" bev="0" fileid="4" />
                <SequencePoint vc="0" uspid="74" ordinal="0" offset="26" sl="45" sc="9" el="45" ec="9" bec="0" bev="0" fileid="4" />
                <SequencePoint vc="0" uspid="75" ordinal="0" offset="27" sl="46" sc="13" el="46" ec="13" bec="0" bev="0" fileid="4" />
                <SequencePoint vc="0" uspid="76" ordinal="0" offset="38" sl="47" sc="13" el="47" ec="13" bec="0" bev="0" fileid="4" />
                <SequencePoint vc="37" uspid="77" ordinal="0" offset="43" sl="50" sc="9" el="50" ec="9" bec="0" bev="0" fileid="4" />
                <SequencePoint vc="37" uspid="78" ordinal="0" offset="50" sl="52" sc="9" el="52" ec="9" bec="0" bev="0" fileid="4" />
                <SequencePoint vc="2" uspid="79" ordinal="0" offset="101" sl="55" sc="17" el="55" ec="17" bec="0" bev="0" fileid="4" />
                <SequencePoint vc="2" uspid="80" ordinal="0" offset="112" sl="56" sc="17" el="56" ec="17" bec="0" bev="0" fileid="4" />
                <SequencePoint vc="2" uspid="81" ordinal="0" offset="117" sl="58" sc="17" el="58" ec="17" bec="0" bev="0" fileid="4" />
                <SequencePoint vc="2" uspid="82" ordinal="0" offset="128" sl="59" sc="17" el="59" ec="17" bec="0" bev="0" fileid="4" />
                <SequencePoint vc="2" uspid="83" ordinal="0" offset="130" sl="61" sc="17" el="61" ec="17" bec="0" bev="0" fileid="4" />
                <SequencePoint vc="2" uspid="84" ordinal="0" offset="141" sl="62" sc="17" el="62" ec="17" bec="0" bev="0" fileid="4" />
                <SequencePoint vc="11" uspid="85" ordinal="0" offset="143" sl="64" sc="17" el="64" ec="17" bec="0" bev="0" fileid="4" />
                <SequencePoint vc="11" uspid="86" ordinal="0" offset="160" sl="65" sc="17" el="65" ec="17" bec="0" bev="0" fileid="4" />
                <SequencePoint vc="9" uspid="87" ordinal="0" offset="162" sl="67" sc="17" el="67" ec="17" bec="0" bev="0" fileid="4" />
                <SequencePoint vc="9" uspid="88" ordinal="0" offset="179" sl="68" sc="17" el="68" ec="17" bec="0" bev="0" fileid="4" />
                <SequencePoint vc="9" uspid="89" ordinal="0" offset="196" sl="69" sc="17" el="69" ec="17" bec="0" bev="0" fileid="4" />
                <SequencePoint vc="9" uspid="90" ordinal="0" offset="198" sl="71" sc="17" el="71" ec="17" bec="0" bev="0" fileid="4" />
                <SequencePoint vc="9" uspid="91" ordinal="0" offset="205" sl="72" sc="17" el="72" ec="17" bec="0" bev="0" fileid="4" />
                <SequencePoint vc="2" uspid="92" ordinal="0" offset="207" sl="74" sc="17" el="74" ec="17" bec="0" bev="0" fileid="4" />
                <SequencePoint vc="2" uspid="93" ordinal="0" offset="214" sl="75" sc="17" el="75" ec="17" bec="0" bev="0" fileid="4" />
                <SequencePoint vc="0" uspid="94" ordinal="0" offset="216" sl="77" sc="17" el="77" ec="17" bec="0" bev="0" fileid="4" />
                <SequencePoint vc="0" uspid="95" ordinal="0" offset="223" sl="78" sc="17" el="78" ec="17" bec="0" bev="0" fileid="4" />
                <SequencePoint vc="0" uspid="96" ordinal="0" offset="225" sl="80" sc="17" el="80" ec="17" bec="0" bev="0" fileid="4" />
                <SequencePoint vc="0" uspid="97" ordinal="0" offset="232" sl="81" sc="17" el="81" ec="17" bec="0" bev="0" fileid="4" />
                <SequencePoint vc="0" uspid="98" ordinal="0" offset="234" sl="83" sc="17" el="83" ec="17" bec="0" bev="0" fileid="4" />
                <SequencePoint vc="37" uspid="99" ordinal="0" offset="252" sl="85" sc="5" el="85" ec="5" bec="0" bev="0" fileid="4" />
              </SequencePoints>
              <BranchPoints />
            </Method>
            <Method visited="true" cyclomaticComplexity="3" nPathComplexity="0" sequenceCoverage="100.0" branchCoverage="0" crapScore="3" isConstructor="false" isStatic="false" isGetter="false" isSetter="false">
              <Summary numSequencePoints="19" visitedSequencePoints="19" numBranchPoints="0" visitedBranchPoints="0" sequenceCoverage="100.0" branchCoverage="0" maxCyclomaticComplexity="3" minCyclomaticComplexity="3" maxCrapScore="3" minCrapScore="3" visitedClasses="0" numClasses="0" visitedMethods="1" numMethods="1" />
              <MetadataToken>100663316</MetadataToken>
              <Name>System.Void GameManager::turnChange()</Name>
              <FileRef uid="4" />
              <SequencePoints>
                <SequencePoint vc="9" uspid="100" ordinal="0" offset="0" sl="88" sc="5" el="88" ec="5" bec="0" bev="0" fileid="4" />
                <SequencePoint vc="9" uspid="101" ordinal="0" offset="1" sl="89" sc="9" el="89" ec="9" bec="0" bev="0" fileid="4" />
                <SequencePoint vc="9" uspid="102" ordinal="0" offset="2" sl="89" sc="35" el="89" ec="35" bec="0" bev="0" fileid="4" />
                <SequencePoint vc="49" uspid="103" ordinal="0" offset="20" sl="89" sc="18" el="89" ec="18" bec="0" bev="0" fileid="4" />
                <SequencePoint vc="49" uspid="104" ordinal="0" offset="28" sl="90" sc="9" el="90" ec="9" bec="0" bev="0" fileid="4" />
                <SequencePoint vc="49" uspid="105" ordinal="0" offset="29" sl="91" sc="13" el="91" ec="13" bec="0" bev="0" fileid="4" />
                <SequencePoint vc="49" uspid="106" ordinal="0" offset="36" sl="92" sc="9" el="92" ec="9" bec="0" bev="0" fileid="4" />
                <SequencePoint vc="58" uspid="107" ordinal="0" offset="37" sl="89" sc="32" el="89" ec="32" bec="0" bev="0" fileid="4" />
                <SequencePoint vc="9" uspid="108" ordinal="0" offset="63" sl="93" sc="9" el="93" ec="9" bec="0" bev="0" fileid="4" />
                <SequencePoint vc="9" uspid="109" ordinal="0" offset="64" sl="93" sc="37" el="93" ec="37" bec="0" bev="0" fileid="4" />
                <SequencePoint vc="39" uspid="110" ordinal="0" offset="82" sl="93" sc="18" el="93" ec="18" bec="0" bev="0" fileid="4" />
                <SequencePoint vc="39" uspid="111" ordinal="0" offset="90" sl="94" sc="9" el="94" ec="9" bec="0" bev="0" fileid="4" />
                <SequencePoint vc="39" uspid="112" ordinal="0" offset="91" sl="95" sc="13" el="95" ec="13" bec="0" bev="0" fileid="4" />
                <SequencePoint vc="39" uspid="113" ordinal="0" offset="98" sl="96" sc="9" el="96" ec="9" bec="0" bev="0" fileid="4" />
                <SequencePoint vc="48" uspid="114" ordinal="0" offset="99" sl="93" sc="34" el="93" ec="34" bec="0" bev="0" fileid="4" />
                <SequencePoint vc="9" uspid="115" ordinal="0" offset="125" sl="98" sc="9" el="98" ec="9" bec="0" bev="0" fileid="4" />
                <SequencePoint vc="9" uspid="116" ordinal="0" offset="139" sl="100" sc="9" el="100" ec="9" bec="0" bev="0" fileid="4" />
                <SequencePoint vc="9" uspid="117" ordinal="0" offset="150" sl="102" sc="9" el="102" ec="9" bec="0" bev="0" fileid="4" />
                <SequencePoint vc="9" uspid="118" ordinal="0" offset="158" sl="103" sc="5" el="103" ec="5" bec="0" bev="0" fileid="4" />
              </SequencePoints>
              <BranchPoints />
            </Method>
            <Method visited="true" cyclomaticComplexity="1" nPathComplexity="0" sequenceCoverage="100.0" branchCoverage="0" crapScore="1" isConstructor="false" isStatic="false" isGetter="false" isSetter="false">
              <Summary numSequencePoints="5" visitedSequencePoints="5" numBranchPoints="0" visitedBranchPoints="0" sequenceCoverage="100.0" branchCoverage="0" maxCyclomaticComplexity="1" minCyclomaticComplexity="1" maxCrapScore="1" minCrapScore="1" visitedClasses="0" numClasses="0" visitedMethods="1" numMethods="1" />
              <MetadataToken>100663317</MetadataToken>
              <Name>System.Void GameManager::victory()</Name>
              <FileRef uid="4" />
              <SequencePoints>
                <SequencePoint vc="2" uspid="119" ordinal="0" offset="0" sl="106" sc="5" el="106" ec="5" bec="0" bev="0" fileid="4" />
                <SequencePoint vc="2" uspid="120" ordinal="0" offset="1" sl="107" sc="9" el="107" ec="9" bec="0" bev="0" fileid="4" />
                <SequencePoint vc="2" uspid="121" ordinal="0" offset="12" sl="108" sc="9" el="108" ec="9" bec="0" bev="0" fileid="4" />
                <SequencePoint vc="2" uspid="122" ordinal="0" offset="29" sl="109" sc="9" el="109" ec="9" bec="0" bev="0" fileid="4" />
                <SequencePoint vc="2" uspid="123" ordinal="0" offset="40" sl="110" sc="5" el="110" ec="5" bec="0" bev="0" fileid="4" />
              </SequencePoints>
              <BranchPoints />
            </Method>
            <Method visited="true" cyclomaticComplexity="1" nPathComplexity="0" sequenceCoverage="100.0" branchCoverage="0" crapScore="1" isConstructor="true" isStatic="false" isGetter="false" isSetter="false">
              <Summary numSequencePoints="1" visitedSequencePoints="1" numBranchPoints="0" visitedBranchPoints="0" sequenceCoverage="100.0" branchCoverage="0" maxCyclomaticComplexity="1" minCyclomaticComplexity="1" maxCrapScore="1" minCrapScore="1" visitedClasses="0" numClasses="0" visitedMethods="1" numMethods="1" />
              <MetadataToken>100663321</MetadataToken>
              <Name>GameManager::GameManager()</Name>
              <FileRef uid="4" />
              <SequencePoints>
                <SequencePoint vc="2" uspid="136" ordinal="0" offset="0" sl="11" sc="5" el="11" ec="5" bec="0" bev="0" fileid="4" />
              </SequencePoints>
              <BranchPoints />
            </Method>
          </Methods>
        </Class>
        <Class>
          <Summary numSequencePoints="47" visitedSequencePoints="47" numBranchPoints="0" visitedBranchPoints="0" sequenceCoverage="100.0" branchCoverage="0.0" maxCyclomaticComplexity="5" minCyclomaticComplexity="1" maxCrapScore="5" minCrapScore="1" visitedClasses="1" numClasses="1" visitedMethods="4" numMethods="4" />
          <FullName>GridManager</FullName>
          <Methods>
            <Method visited="true" cyclomaticComplexity="1" nPathComplexity="0" sequenceCoverage="100.0" branchCoverage="0" crapScore="1" isConstructor="false" isStatic="false" isGetter="false" isSetter="false">
              <Summary numSequencePoints="3" visitedSequencePoints="3" numBranchPoints="0" visitedBranchPoints="0" sequenceCoverage="100.0" branchCoverage="0" maxCyclomaticComplexity="1" minCyclomaticComplexity="1" maxCrapScore="1" minCrapScore="1" visitedClasses="0" numClasses="0" visitedMethods="1" numMethods="1" />
              <MetadataToken>100663322</MetadataToken>
              <Name>System.Void GridManager::Awake()</Name>
              <FileRef uid="5" />
              <SequencePoints>
                <SequencePoint vc="2" uspid="137" ordinal="0" offset="0" sl="19" sc="5" el="19" ec="5" bec="0" bev="0" fileid="5" />
                <SequencePoint vc="2" uspid="138" ordinal="0" offset="1" sl="20" sc="9" el="20" ec="9" bec="0" bev="0" fileid="5" />
                <SequencePoint vc="2" uspid="139" ordinal="0" offset="7" sl="21" sc="5" el="21" ec="5" bec="0" bev="0" fileid="5" />
              </SequencePoints>
              <BranchPoints />
            </Method>
            <Method visited="true" cyclomaticComplexity="5" nPathComplexity="0" sequenceCoverage="100.0" branchCoverage="0" crapScore="5" isConstructor="false" isStatic="false" isGetter="false" isSetter="false">
              <Summary numSequencePoints="37" visitedSequencePoints="37" numBranchPoints="0" visitedBranchPoints="0" sequenceCoverage="100.0" branchCoverage="0" maxCyclomaticComplexity="5" minCyclomaticComplexity="5" maxCrapScore="5" minCrapScore="5" visitedClasses="0" numClasses="0" visitedMethods="1" numMethods="1" />
              <MetadataToken>100663323</MetadataToken>
              <Name>System.Void GridManager::generateGrid()</Name>
              <FileRef uid="5" />
              <SequencePoints>
                <SequencePoint vc="2" uspid="140" ordinal="0" offset="0" sl="24" sc="5" el="24" ec="5" bec="0" bev="0" fileid="5" />
                <SequencePoint vc="2" uspid="141" ordinal="0" offset="1" sl="25" sc="9" el="25" ec="9" bec="0" bev="0" fileid="5" />
                <SequencePoint vc="2" uspid="142" ordinal="0" offset="12" sl="26" sc="9" el="26" ec="9" bec="0" bev="0" fileid="5" />
                <SequencePoint vc="2" uspid="143" ordinal="0" offset="23" sl="28" sc="14" el="28" ec="14" bec="0" bev="0" fileid="5" />
                <SequencePoint vc="26" uspid="144" ordinal="0" offset="30" sl="29" sc="9" el="29" ec="9" bec="0" bev="0" fileid="5" />
                <SequencePoint vc="26" uspid="145" ordinal="0" offset="31" sl="30" sc="18" el="30" ec="18" bec="0" bev="0" fileid="5" />
                <SequencePoint vc="234" uspid="146" ordinal="0" offset="35" sl="31" sc="13" el="31" ec="13" bec="0" bev="0" fileid="5" />
                <SequencePoint vc="234" uspid="147" ordinal="0" offset="36" sl="32" sc="17" el="32" ec="17" bec="0" bev="0" fileid="5" />
                <SequencePoint vc="234" uspid="148" ordinal="0" offset="62" sl="33" sc="17" el="33" ec="17" bec="0" bev="0" fileid="5" />
                <SequencePoint vc="234" uspid="149" ordinal="0" offset="91" sl="35" sc="17" el="35" ec="17" bec="0" bev="0" fileid="5" />
                <SequencePoint vc="234" uspid="150" ordinal="0" offset="113" sl="36" sc="17" el="36" ec="17" bec="0" bev="0" fileid="5" />
                <SequencePoint vc="234" uspid="151" ordinal="0" offset="135" sl="37" sc="13" el="37" ec="13" bec="0" bev="0" fileid="5" />
                <SequencePoint vc="234" uspid="152" ordinal="0" offset="136" sl="30" sc="41" el="30" ec="41" bec="0" bev="0" fileid="5" />
                <SequencePoint vc="260" uspid="153" ordinal="0" offset="140" sl="30" sc="29" el="30" ec="29" bec="0" bev="0" fileid="5" />
                <SequencePoint vc="26" uspid="154" ordinal="0" offset="154" sl="38" sc="9" el="38" ec="9" bec="0" bev="0" fileid="5" />
                <SequencePoint vc="26" uspid="155" ordinal="0" offset="155" sl="28" sc="36" el="28" ec="36" bec="0" bev="0" fileid="5" />
                <SequencePoint vc="28" uspid="156" ordinal="0" offset="159" sl="28" sc="25" el="28" ec="25" bec="0" bev="0" fileid="5" />
                <SequencePoint vc="2" uspid="157" ordinal="0" offset="178" sl="40" sc="9" el="40" ec="9" bec="0" bev="0" fileid="5" />
                <SequencePoint vc="2" uspid="158" ordinal="0" offset="179" sl="40" sc="37" el="40" ec="37" bec="0" bev="0" fileid="5" />
                <SequencePoint vc="50" uspid="159" ordinal="0" offset="208" sl="40" sc="18" el="40" ec="18" bec="0" bev="0" fileid="5" />
                <SequencePoint vc="50" uspid="160" ordinal="0" offset="222" sl="41" sc="9" el="41" ec="9" bec="0" bev="0" fileid="5" />
                <SequencePoint vc="50" uspid="161" ordinal="0" offset="223" sl="42" sc="13" el="42" ec="13" bec="0" bev="0" fileid="5" />
                <SequencePoint vc="50" uspid="162" ordinal="0" offset="244" sl="43" sc="13" el="43" ec="13" bec="0" bev="0" fileid="5" />
                <SequencePoint vc="50" uspid="163" ordinal="0" offset="253" sl="44" sc="13" el="44" ec="13" bec="0" bev="0" fileid="5" />
                <SequencePoint vc="50" uspid="164" ordinal="0" offset="266" sl="45" sc="13" el="45" ec="13" bec="0" bev="0" fileid="5" />
                <SequencePoint vc="50" uspid="165" ordinal="0" offset="283" sl="46" sc="13" el="46" ec="13" bec="0" bev="0" fileid="5" />
                <SequencePoint vc="50" uspid="166" ordinal="0" offset="312" sl="47" sc="13" el="47" ec="13" bec="0" bev="0" fileid="5" />
                <SequencePoint vc="50" uspid="167" ordinal="0" offset="341" sl="48" sc="13" el="48" ec="13" bec="0" bev="0" fileid="5" />
                <SequencePoint vc="50" uspid="168" ordinal="0" offset="361" sl="49" sc="13" el="49" ec="13" bec="0" bev="0" fileid="5" />
                <SequencePoint vc="50" uspid="169" ordinal="0" offset="395" sl="50" sc="13" el="50" ec="13" bec="0" bev="0" fileid="5" />
                <SequencePoint vc="50" uspid="170" ordinal="0" offset="426" sl="51" sc="13" el="51" ec="13" bec="0" bev="0" fileid="5" />
                <SequencePoint vc="50" uspid="171" ordinal="0" offset="460" sl="52" sc="13" el="52" ec="13" bec="0" bev="0" fileid="5" />
                <SequencePoint vc="50" uspid="172" ordinal="0" offset="491" sl="53" sc="9" el="53" ec="9" bec="0" bev="0" fileid="5" />
                <SequencePoint vc="52" uspid="173" ordinal="0" offset="492" sl="40" sc="34" el="40" ec="34" bec="0" bev="0" fileid="5" />
                <SequencePoint vc="2" uspid="174" ordinal="0" offset="528" sl="55" sc="9" el="55" ec="9" bec="0" bev="0" fileid="5" />
                <SequencePoint vc="2" uspid="175" ordinal="0" offset="550" sl="57" sc="9" el="57" ec="9" bec="0" bev="0" fileid="5" />
                <SequencePoint vc="2" uspid="176" ordinal="0" offset="562" sl="58" sc="5" el="58" ec="5" bec="0" bev="0" fileid="5" />
              </SequencePoints>
              <BranchPoints />
            </Method>
            <Method visited="true" cyclomaticComplexity="2" nPathComplexity="0" sequenceCoverage="100.0" branchCoverage="0" crapScore="2" isConstructor="false" isStatic="false" isGetter="false" isSetter="false">
              <Summary numSequencePoints="6" visitedSequencePoints="6" numBranchPoints="0" visitedBranchPoints="0" sequenceCoverage="100.0" branchCoverage="0" maxCyclomaticComplexity="2" minCyclomaticComplexity="2" maxCrapScore="2" minCrapScore="2" visitedClasses="0" numClasses="0" visitedMethods="1" numMethods="1" />
              <MetadataToken>100663324</MetadataToken>
              <Name>Tile GridManager::GetTileAtPoint(UnityEngine.Vector2)</Name>
              <FileRef uid="5" />
              <SequencePoints>
                <SequencePoint vc="105716" uspid="177" ordinal="0" offset="0" sl="61" sc="5" el="61" ec="5" bec="0" bev="0" fileid="5" />
                <SequencePoint vc="105716" uspid="178" ordinal="0" offset="1" sl="62" sc="9" el="62" ec="9" bec="0" bev="0" fileid="5" />
                <SequencePoint vc="103319" uspid="179" ordinal="0" offset="19" sl="63" sc="9" el="63" ec="9" bec="0" bev="0" fileid="5" />
                <SequencePoint vc="103319" uspid="180" ordinal="0" offset="20" sl="64" sc="13" el="64" ec="13" bec="0" bev="0" fileid="5" />
                <SequencePoint vc="2397" uspid="181" ordinal="0" offset="24" sl="67" sc="9" el="67" ec="9" bec="0" bev="0" fileid="5" />
                <SequencePoint vc="105716" uspid="182" ordinal="0" offset="28" sl="68" sc="5" el="68" ec="5" bec="0" bev="0" fileid="5" />
              </SequencePoints>
              <BranchPoints />
            </Method>
            <Method visited="true" cyclomaticComplexity="1" nPathComplexity="0" sequenceCoverage="100.0" branchCoverage="0" crapScore="1" isConstructor="true" isStatic="false" isGetter="false" isSetter="false">
              <Summary numSequencePoints="1" visitedSequencePoints="1" numBranchPoints="0" visitedBranchPoints="0" sequenceCoverage="100.0" branchCoverage="0" maxCyclomaticComplexity="1" minCyclomaticComplexity="1" maxCrapScore="1" minCrapScore="1" visitedClasses="0" numClasses="0" visitedMethods="1" numMethods="1" />
              <MetadataToken>100663326</MetadataToken>
              <Name>GridManager::GridManager()</Name>
              <FileRef uid="5" />
              <SequencePoints>
                <SequencePoint vc="2" uspid="189" ordinal="0" offset="0" sl="14" sc="5" el="14" ec="5" bec="0" bev="0" fileid="5" />
              </SequencePoints>
              <BranchPoints />
            </Method>
          </Methods>
        </Class>
        <Class>
          <Summary numSequencePoints="31" visitedSequencePoints="19" numBranchPoints="0" visitedBranchPoints="0" sequenceCoverage="61.29" branchCoverage="0.0" maxCyclomaticComplexity="6" minCyclomaticComplexity="1" maxCrapScore="9.16" minCrapScore="1" visitedClasses="1" numClasses="1" visitedMethods="3" numMethods="3" />
          <FullName>InputManager</FullName>
          <Methods>
            <Method visited="true" cyclomaticComplexity="1" nPathComplexity="0" sequenceCoverage="100.0" branchCoverage="0" crapScore="1" isConstructor="false" isStatic="false" isGetter="false" isSetter="false">
              <Summary numSequencePoints="3" visitedSequencePoints="3" numBranchPoints="0" visitedBranchPoints="0" sequenceCoverage="100.0" branchCoverage="0" maxCyclomaticComplexity="1" minCyclomaticComplexity="1" maxCrapScore="1" minCrapScore="1" visitedClasses="0" numClasses="0" visitedMethods="1" numMethods="1" />
              <MetadataToken>100663327</MetadataToken>
              <Name>System.Void InputManager::Start()</Name>
              <FileRef uid="6" />
              <SequencePoints>
                <SequencePoint vc="2" uspid="190" ordinal="0" offset="0" sl="14" sc="5" el="14" ec="5" bec="0" bev="0" fileid="6" />
                <SequencePoint vc="2" uspid="191" ordinal="0" offset="1" sl="15" sc="9" el="15" ec="9" bec="0" bev="0" fileid="6" />
                <SequencePoint vc="2" uspid="192" ordinal="0" offset="32" sl="16" sc="5" el="16" ec="5" bec="0" bev="0" fileid="6" />
              </SequencePoints>
              <BranchPoints />
            </Method>
            <Method visited="true" cyclomaticComplexity="6" nPathComplexity="0" sequenceCoverage="55.56" branchCoverage="0" crapScore="9.16" isConstructor="false" isStatic="false" isGetter="false" isSetter="false">
              <Summary numSequencePoints="27" visitedSequencePoints="15" numBranchPoints="0" visitedBranchPoints="0" sequenceCoverage="55.56" branchCoverage="0" maxCyclomaticComplexity="6" minCyclomaticComplexity="6" maxCrapScore="9.16" minCrapScore="9.16" visitedClasses="0" numClasses="0" visitedMethods="1" numMethods="1" />
              <MetadataToken>100663328</MetadataToken>
              <Name>System.Void InputManager::Update()</Name>
              <FileRef uid="6" />
              <SequencePoints>
                <SequencePoint vc="71055" uspid="193" ordinal="0" offset="0" sl="19" sc="5" el="19" ec="5" bec="0" bev="0" fileid="6" />
                <SequencePoint vc="71055" uspid="194" ordinal="0" offset="1" sl="20" sc="9" el="20" ec="9" bec="0" bev="0" fileid="6" />
                <SequencePoint vc="71055" uspid="195" ordinal="0" offset="18" sl="22" sc="9" el="22" ec="9" bec="0" bev="0" fileid="6" />
                <SequencePoint vc="0" uspid="196" ordinal="0" offset="32" sl="23" sc="9" el="23" ec="9" bec="0" bev="0" fileid="6" />
                <SequencePoint vc="0" uspid="197" ordinal="0" offset="33" sl="24" sc="13" el="24" ec="13" bec="0" bev="0" fileid="6" />
                <SequencePoint vc="0" uspid="198" ordinal="0" offset="56" sl="25" sc="9" el="25" ec="9" bec="0" bev="0" fileid="6" />
                <SequencePoint vc="71055" uspid="199" ordinal="0" offset="57" sl="26" sc="9" el="26" ec="9" bec="0" bev="0" fileid="6" />
                <SequencePoint vc="0" uspid="200" ordinal="0" offset="71" sl="27" sc="9" el="27" ec="9" bec="0" bev="0" fileid="6" />
                <SequencePoint vc="0" uspid="201" ordinal="0" offset="72" sl="28" sc="13" el="28" ec="13" bec="0" bev="0" fileid="6" />
                <SequencePoint vc="0" uspid="202" ordinal="0" offset="95" sl="29" sc="9" el="29" ec="9" bec="0" bev="0" fileid="6" />
                <SequencePoint vc="71055" uspid="203" ordinal="0" offset="96" sl="30" sc="9" el="30" ec="9" bec="0" bev="0" fileid="6" />
                <SequencePoint vc="0" uspid="204" ordinal="0" offset="110" sl="31" sc="9" el="31" ec="9" bec="0" bev="0" fileid="6" />
                <SequencePoint vc="0" uspid="205" ordinal="0" offset="111" sl="32" sc="13" el="32" ec="13" bec="0" bev="0" fileid="6" />
                <SequencePoint vc="0" uspid="206" ordinal="0" offset="134" sl="33" sc="9" el="33" ec="9" bec="0" bev="0" fileid="6" />
                <SequencePoint vc="71055" uspid="207" ordinal="0" offset="135" sl="34" sc="9" el="34" ec="9" bec="0" bev="0" fileid="6" />
                <SequencePoint vc="0" uspid="208" ordinal="0" offset="151" sl="35" sc="9" el="35" ec="9" bec="0" bev="0" fileid="6" />
                <SequencePoint vc="0" uspid="209" ordinal="0" offset="152" sl="36" sc="13" el="36" ec="13" bec="0" bev="0" fileid="6" />
                <SequencePoint vc="0" uspid="210" ordinal="0" offset="175" sl="37" sc="9" el="37" ec="9" bec="0" bev="0" fileid="6" />
                <SequencePoint vc="71055" uspid="211" ordinal="0" offset="176" sl="39" sc="9" el="39" ec="9" bec="0" bev="0" fileid="6" />
                <SequencePoint vc="71055" uspid="212" ordinal="0" offset="216" sl="40" sc="9" el="40" ec="9" bec="0" bev="0" fileid="6" />
                <SequencePoint vc="71055" uspid="213" ordinal="0" offset="256" sl="42" sc="9" el="42" ec="9" bec="0" bev="0" fileid="6" />
                <SequencePoint vc="71055" uspid="214" ordinal="0" offset="274" sl="44" sc="9" el="44" ec="9" bec="0" bev="0" fileid="6" />
                <SequencePoint vc="72" uspid="215" ordinal="0" offset="287" sl="45" sc="9" el="45" ec="9" bec="0" bev="0" fileid="6" />
                <SequencePoint vc="72" uspid="216" ordinal="0" offset="288" sl="46" sc="13" el="46" ec="13" bec="0" bev="0" fileid="6" />
                <SequencePoint vc="72" uspid="217" ordinal="0" offset="300" sl="47" sc="13" el="47" ec="13" bec="0" bev="0" fileid="6" />
                <SequencePoint vc="72" uspid="218" ordinal="0" offset="312" sl="48" sc="9" el="48" ec="9" bec="0" bev="0" fileid="6" />
                <SequencePoint vc="71055" uspid="219" ordinal="0" offset="313" sl="49" sc="5" el="49" ec="5" bec="0" bev="0" fileid="6" />
              </SequencePoints>
              <BranchPoints />
            </Method>
            <Method visited="true" cyclomaticComplexity="1" nPathComplexity="0" sequenceCoverage="100.0" branchCoverage="0" crapScore="1" isConstructor="true" isStatic="false" isGetter="false" isSetter="false">
              <Summary numSequencePoints="1" visitedSequencePoints="1" numBranchPoints="0" visitedBranchPoints="0" sequenceCoverage="100.0" branchCoverage="0" maxCyclomaticComplexity="1" minCyclomaticComplexity="1" maxCrapScore="1" minCrapScore="1" visitedClasses="0" numClasses="0" visitedMethods="1" numMethods="1" />
              <MetadataToken>100663329</MetadataToken>
              <Name>InputManager::InputManager()</Name>
              <FileRef uid="6" />
              <SequencePoints>
                <SequencePoint vc="2" uspid="220" ordinal="0" offset="0" sl="9" sc="5" el="9" ec="5" bec="0" bev="0" fileid="6" />
              </SequencePoints>
              <BranchPoints />
            </Method>
          </Methods>
        </Class>
        <Class>
          <Summary numSequencePoints="120" visitedSequencePoints="111" numBranchPoints="0" visitedBranchPoints="0" sequenceCoverage="92.50" branchCoverage="0.0" maxCyclomaticComplexity="4" minCyclomaticComplexity="1" maxCrapScore="4" minCrapScore="1" visitedClasses="1" numClasses="1" visitedMethods="18" numMethods="18" />
          <FullName>MenuManager</FullName>
          <Methods>
            <Method visited="true" cyclomaticComplexity="3" nPathComplexity="0" sequenceCoverage="100.0" branchCoverage="0" crapScore="3" isConstructor="false" isStatic="false" isGetter="true" isSetter="false">
              <Summary numSequencePoints="1" visitedSequencePoints="1" numBranchPoints="0" visitedBranchPoints="0" sequenceCoverage="100.0" branchCoverage="0" maxCyclomaticComplexity="3" minCyclomaticComplexity="3" maxCrapScore="3" minCrapScore="3" visitedClasses="0" numClasses="0" visitedMethods="1" numMethods="1" />
              <MetadataToken>100663330</MetadataToken>
              <Name>System.Boolean MenuManager::get_subMenuActive()</Name>
              <FileRef uid="7" />
              <SequencePoints>
                <SequencePoint vc="15" uspid="221" ordinal="0" offset="0" sl="19" sc="34" el="19" ec="34" bec="0" bev="0" fileid="7" />
              </SequencePoints>
              <BranchPoints />
            </Method>
            <Method visited="true" cyclomaticComplexity="1" nPathComplexity="0" sequenceCoverage="100.0" branchCoverage="0" crapScore="1" isConstructor="false" isStatic="false" isGetter="false" isSetter="false">
              <Summary numSequencePoints="3" visitedSequencePoints="3" numBranchPoints="0" visitedBranchPoints="0" sequenceCoverage="100.0" branchCoverage="0" maxCyclomaticComplexity="1" minCyclomaticComplexity="1" maxCrapScore="1" minCrapScore="1" visitedClasses="0" numClasses="0" visitedMethods="1" numMethods="1" />
              <MetadataToken>100663331</MetadataToken>
              <Name>System.Void MenuManager::Awake()</Name>
              <FileRef uid="7" />
              <SequencePoints>
                <SequencePoint vc="6" uspid="222" ordinal="0" offset="0" sl="22" sc="5" el="22" ec="5" bec="0" bev="0" fileid="7" />
                <SequencePoint vc="6" uspid="223" ordinal="0" offset="1" sl="23" sc="9" el="23" ec="9" bec="0" bev="0" fileid="7" />
                <SequencePoint vc="6" uspid="224" ordinal="0" offset="7" sl="24" sc="5" el="24" ec="5" bec="0" bev="0" fileid="7" />
              </SequencePoints>
              <BranchPoints />
            </Method>
            <Method visited="true" cyclomaticComplexity="3" nPathComplexity="0" sequenceCoverage="100.0" branchCoverage="0" crapScore="3" isConstructor="false" isStatic="false" isGetter="false" isSetter="false">
              <Summary numSequencePoints="14" visitedSequencePoints="14" numBranchPoints="0" visitedBranchPoints="0" sequenceCoverage="100.0" branchCoverage="0" maxCyclomaticComplexity="3" minCyclomaticComplexity="3" maxCrapScore="3" minCrapScore="3" visitedClasses="0" numClasses="0" visitedMethods="1" numMethods="1" />
              <MetadataToken>100663332</MetadataToken>
              <Name>System.Void MenuManager::showTileInfo(Tile)</Name>
              <FileRef uid="7" />
              <SequencePoints>
                <SequencePoint vc="2530" uspid="225" ordinal="0" offset="0" sl="27" sc="5" el="27" ec="5" bec="0" bev="0" fileid="7" />
                <SequencePoint vc="2530" uspid="226" ordinal="0" offset="1" sl="28" sc="9" el="28" ec="9" bec="0" bev="0" fileid="7" />
                <SequencePoint vc="1264" uspid="227" ordinal="0" offset="12" sl="29" sc="9" el="29" ec="9" bec="0" bev="0" fileid="7" />
                <SequencePoint vc="1264" uspid="228" ordinal="0" offset="13" sl="30" sc="13" el="30" ec="13" bec="0" bev="0" fileid="7" />
                <SequencePoint vc="1264" uspid="229" ordinal="0" offset="26" sl="31" sc="13" el="31" ec="13" bec="0" bev="0" fileid="7" />
                <SequencePoint vc="1264" uspid="230" ordinal="0" offset="39" sl="32" sc="13" el="32" ec="13" bec="0" bev="0" fileid="7" />
                <SequencePoint vc="1266" uspid="231" ordinal="0" offset="41" sl="34" sc="9" el="34" ec="9" bec="0" bev="0" fileid="7" />
                <SequencePoint vc="1266" uspid="232" ordinal="0" offset="64" sl="35" sc="9" el="35" ec="9" bec="0" bev="0" fileid="7" />
                <SequencePoint vc="1266" uspid="233" ordinal="0" offset="77" sl="37" sc="9" el="37" ec="9" bec="0" bev="0" fileid="7" />
                <SequencePoint vc="281" uspid="234" ordinal="0" offset="93" sl="38" sc="9" el="38" ec="9" bec="0" bev="0" fileid="7" />
                <SequencePoint vc="281" uspid="235" ordinal="0" offset="94" sl="39" sc="13" el="39" ec="13" bec="0" bev="0" fileid="7" />
                <SequencePoint vc="281" uspid="236" ordinal="0" offset="122" sl="40" sc="13" el="40" ec="13" bec="0" bev="0" fileid="7" />
                <SequencePoint vc="281" uspid="237" ordinal="0" offset="135" sl="41" sc="9" el="41" ec="9" bec="0" bev="0" fileid="7" />
                <SequencePoint vc="2530" uspid="238" ordinal="0" offset="136" sl="42" sc="5" el="42" ec="5" bec="0" bev="0" fileid="7" />
              </SequencePoints>
              <BranchPoints />
            </Method>
            <Method visited="true" cyclomaticComplexity="2" nPathComplexity="0" sequenceCoverage="60.00" branchCoverage="0" crapScore="2.26" isConstructor="false" isStatic="false" isGetter="false" isSetter="false">
              <Summary numSequencePoints="10" visitedSequencePoints="6" numBranchPoints="0" visitedBranchPoints="0" sequenceCoverage="60.00" branchCoverage="0" maxCyclomaticComplexity="2" minCyclomaticComplexity="2" maxCrapScore="2.26" minCrapScore="2.26" visitedClasses="0" numClasses="0" visitedMethods="1" numMethods="1" />
              <MetadataToken>100663333</MetadataToken>
              <Name>System.Void MenuManager::showFullTileInfo(Tile)</Name>
              <FileRef uid="7" />
              <SequencePoints>
                <SequencePoint vc="72" uspid="239" ordinal="0" offset="0" sl="45" sc="5" el="45" ec="5" bec="0" bev="0" fileid="7" />
                <SequencePoint vc="72" uspid="240" ordinal="0" offset="1" sl="46" sc="9" el="46" ec="9" bec="0" bev="0" fileid="7" />
                <SequencePoint vc="72" uspid="241" ordinal="0" offset="12" sl="47" sc="9" el="47" ec="9" bec="0" bev="0" fileid="7" />
                <SequencePoint vc="72" uspid="242" ordinal="0" offset="13" sl="48" sc="13" el="48" ec="13" bec="0" bev="0" fileid="7" />
                <SequencePoint vc="72" uspid="243" ordinal="0" offset="26" sl="49" sc="13" el="49" ec="13" bec="0" bev="0" fileid="7" />
                <SequencePoint vc="0" uspid="244" ordinal="0" offset="31" sl="51" sc="9" el="51" ec="9" bec="0" bev="0" fileid="7" />
                <SequencePoint vc="0" uspid="245" ordinal="0" offset="65" sl="52" sc="9" el="52" ec="9" bec="0" bev="0" fileid="7" />
                <SequencePoint vc="0" uspid="246" ordinal="0" offset="123" sl="53" sc="9" el="53" ec="9" bec="0" bev="0" fileid="7" />
                <SequencePoint vc="0" uspid="247" ordinal="0" offset="181" sl="54" sc="9" el="54" ec="9" bec="0" bev="0" fileid="7" />
                <SequencePoint vc="72" uspid="248" ordinal="0" offset="194" sl="55" sc="5" el="55" ec="5" bec="0" bev="0" fileid="7" />
              </SequencePoints>
              <BranchPoints />
            </Method>
            <Method visited="true" cyclomaticComplexity="3" nPathComplexity="0" sequenceCoverage="82.14" branchCoverage="0" crapScore="3.05" isConstructor="false" isStatic="false" isGetter="false" isSetter="false">
              <Summary numSequencePoints="28" visitedSequencePoints="23" numBranchPoints="0" visitedBranchPoints="0" sequenceCoverage="82.14" branchCoverage="0" maxCyclomaticComplexity="3" minCyclomaticComplexity="3" maxCrapScore="3.05" minCrapScore="3.05" visitedClasses="0" numClasses="0" visitedMethods="1" numMethods="1" />
              <MetadataToken>100663334</MetadataToken>
              <Name>System.Void MenuManager::showSelectedUnit(BaseUnit)</Name>
              <FileRef uid="7" />
              <SequencePoints>
                <SequencePoint vc="153" uspid="249" ordinal="0" offset="0" sl="58" sc="5" el="58" ec="5" bec="0" bev="0" fileid="7" />
                <SequencePoint vc="153" uspid="250" ordinal="0" offset="1" sl="59" sc="9" el="59" ec="9" bec="0" bev="0" fileid="7" />
                <SequencePoint vc="72" uspid="251" ordinal="0" offset="12" sl="60" sc="9" el="60" ec="9" bec="0" bev="0" fileid="7" />
                <SequencePoint vc="72" uspid="252" ordinal="0" offset="13" sl="61" sc="13" el="61" ec="13" bec="0" bev="0" fileid="7" />
                <SequencePoint vc="72" uspid="253" ordinal="0" offset="26" sl="62" sc="13" el="62" ec="13" bec="0" bev="0" fileid="7" />
                <SequencePoint vc="81" uspid="254" ordinal="0" offset="31" sl="65" sc="9" el="65" ec="9" bec="0" bev="0" fileid="7" />
                <SequencePoint vc="81" uspid="255" ordinal="0" offset="65" sl="66" sc="9" el="66" ec="9" bec="0" bev="0" fileid="7" />
                <SequencePoint vc="81" uspid="256" ordinal="0" offset="110" sl="67" sc="9" el="67" ec="9" bec="0" bev="0" fileid="7" />
                <SequencePoint vc="81" uspid="257" ordinal="0" offset="170" sl="68" sc="9" el="68" ec="9" bec="0" bev="0" fileid="7" />
                <SequencePoint vc="81" uspid="258" ordinal="0" offset="219" sl="69" sc="9" el="69" ec="9" bec="0" bev="0" fileid="7" />
                <SequencePoint vc="81" uspid="259" ordinal="0" offset="259" sl="70" sc="9" el="70" ec="9" bec="0" bev="0" fileid="7" />
                <SequencePoint vc="81" uspid="260" ordinal="0" offset="298" sl="71" sc="9" el="71" ec="9" bec="0" bev="0" fileid="7" />
                <SequencePoint vc="81" uspid="261" ordinal="0" offset="337" sl="72" sc="9" el="72" ec="9" bec="0" bev="0" fileid="7" />
                <SequencePoint vc="81" uspid="262" ordinal="0" offset="353" sl="73" sc="9" el="73" ec="9" bec="0" bev="0" fileid="7" />
                <SequencePoint vc="81" uspid="263" ordinal="0" offset="354" sl="74" sc="13" el="74" ec="13" bec="0" bev="0" fileid="7" />
                <SequencePoint vc="81" uspid="264" ordinal="0" offset="393" sl="75" sc="13" el="75" ec="13" bec="0" bev="0" fileid="7" />
                <SequencePoint vc="81" uspid="265" ordinal="0" offset="432" sl="76" sc="13" el="76" ec="13" bec="0" bev="0" fileid="7" />
                <SequencePoint vc="81" uspid="266" ordinal="0" offset="466" sl="77" sc="9" el="77" ec="9" bec="0" bev="0" fileid="7" />
                <SequencePoint vc="0" uspid="267" ordinal="0" offset="469" sl="79" sc="9" el="79" ec="9" bec="0" bev="0" fileid="7" />
                <SequencePoint vc="0" uspid="268" ordinal="0" offset="470" sl="80" sc="13" el="80" ec="13" bec="0" bev="0" fileid="7" />
                <SequencePoint vc="0" uspid="269" ordinal="0" offset="503" sl="81" sc="13" el="81" ec="13" bec="0" bev="0" fileid="7" />
                <SequencePoint vc="0" uspid="270" ordinal="0" offset="536" sl="82" sc="13" el="82" ec="13" bec="0" bev="0" fileid="7" />
                <SequencePoint vc="0" uspid="271" ordinal="0" offset="570" sl="83" sc="9" el="83" ec="9" bec="0" bev="0" fileid="7" />
                <SequencePoint vc="81" uspid="272" ordinal="0" offset="571" sl="84" sc="9" el="84" ec="9" bec="0" bev="0" fileid="7" />
                <SequencePoint vc="81" uspid="273" ordinal="0" offset="610" sl="85" sc="9" el="85" ec="9" bec="0" bev="0" fileid="7" />
                <SequencePoint vc="81" uspid="274" ordinal="0" offset="674" sl="86" sc="9" el="86" ec="9" bec="0" bev="0" fileid="7" />
                <SequencePoint vc="81" uspid="275" ordinal="0" offset="738" sl="87" sc="9" el="87" ec="9" bec="0" bev="0" fileid="7" />
                <SequencePoint vc="153" uspid="276" ordinal="0" offset="751" sl="88" sc="5" el="88" ec="5" bec="0" bev="0" fileid="7" />
              </SequencePoints>
              <BranchPoints />
            </Method>
            <Method visited="true" cyclomaticComplexity="4" nPathComplexity="0" sequenceCoverage="100.0" branchCoverage="0" crapScore="4" isConstructor="false" isStatic="false" isGetter="false" isSetter="false">
              <Summary numSequencePoints="19" visitedSequencePoints="19" numBranchPoints="0" visitedBranchPoints="0" sequenceCoverage="100.0" branchCoverage="0" maxCyclomaticComplexity="4" minCyclomaticComplexity="4" maxCrapScore="4" minCrapScore="4" visitedClasses="0" numClasses="0" visitedMethods="1" numMethods="1" />
              <MetadataToken>100663335</MetadataToken>
              <Name>System.Void MenuManager::buttonsActivity(System.Boolean)</Name>
              <FileRef uid="7" />
              <SequencePoints>
                <SequencePoint vc="114" uspid="277" ordinal="0" offset="0" sl="91" sc="5" el="91" ec="5" bec="0" bev="0" fileid="7" />
                <SequencePoint vc="114" uspid="278" ordinal="0" offset="1" sl="92" sc="9" el="92" ec="9" bec="0" bev="0" fileid="7" />
                <SequencePoint vc="89" uspid="279" ordinal="0" offset="24" sl="93" sc="9" el="93" ec="9" bec="0" bev="0" fileid="7" />
                <SequencePoint vc="89" uspid="280" ordinal="0" offset="25" sl="94" sc="13" el="94" ec="13" bec="0" bev="0" fileid="7" />
                <SequencePoint vc="70" uspid="281" ordinal="0" offset="72" sl="95" sc="13" el="95" ec="13" bec="0" bev="0" fileid="7" />
                <SequencePoint vc="70" uspid="282" ordinal="0" offset="73" sl="96" sc="17" el="96" ec="17" bec="0" bev="0" fileid="7" />
                <SequencePoint vc="70" uspid="283" ordinal="0" offset="133" sl="97" sc="13" el="97" ec="13" bec="0" bev="0" fileid="7" />
                <SequencePoint vc="19" uspid="284" ordinal="0" offset="136" sl="99" sc="13" el="99" ec="13" bec="0" bev="0" fileid="7" />
                <SequencePoint vc="19" uspid="285" ordinal="0" offset="137" sl="100" sc="17" el="100" ec="17" bec="0" bev="0" fileid="7" />
                <SequencePoint vc="19" uspid="286" ordinal="0" offset="190" sl="101" sc="13" el="101" ec="13" bec="0" bev="0" fileid="7" />
                <SequencePoint vc="89" uspid="287" ordinal="0" offset="191" sl="102" sc="9" el="102" ec="9" bec="0" bev="0" fileid="7" />
                <SequencePoint vc="114" uspid="288" ordinal="0" offset="192" sl="104" sc="9" el="104" ec="9" bec="0" bev="0" fileid="7" />
                <SequencePoint vc="57" uspid="289" ordinal="0" offset="197" sl="105" sc="9" el="105" ec="9" bec="0" bev="0" fileid="7" />
                <SequencePoint vc="57" uspid="290" ordinal="0" offset="198" sl="106" sc="13" el="106" ec="13" bec="0" bev="0" fileid="7" />
                <SequencePoint vc="57" uspid="291" ordinal="0" offset="230" sl="107" sc="13" el="107" ec="13" bec="0" bev="0" fileid="7" />
                <SequencePoint vc="57" uspid="292" ordinal="0" offset="262" sl="108" sc="9" el="108" ec="9" bec="0" bev="0" fileid="7" />
                <SequencePoint vc="114" uspid="293" ordinal="0" offset="263" sl="109" sc="9" el="109" ec="9" bec="0" bev="0" fileid="7" />
                <SequencePoint vc="114" uspid="294" ordinal="0" offset="270" sl="110" sc="9" el="110" ec="9" bec="0" bev="0" fileid="7" />
                <SequencePoint vc="114" uspid="295" ordinal="0" offset="283" sl="111" sc="5" el="111" ec="5" bec="0" bev="0" fileid="7" />
              </SequencePoints>
              <BranchPoints />
            </Method>
            <Method visited="true" cyclomaticComplexity="1" nPathComplexity="0" sequenceCoverage="100.0" branchCoverage="0" crapScore="1" isConstructor="false" isStatic="false" isGetter="false" isSetter="false">
              <Summary numSequencePoints="3" visitedSequencePoints="3" numBranchPoints="0" visitedBranchPoints="0" sequenceCoverage="100.0" branchCoverage="0" maxCyclomaticComplexity="1" minCyclomaticComplexity="1" maxCrapScore="1" minCrapScore="1" visitedClasses="0" numClasses="0" visitedMethods="1" numMethods="1" />
              <MetadataToken>100663336</MetadataToken>
              <Name>System.Void MenuManager::subMenuActivity(System.Boolean, System.Boolean)</Name>
              <FileRef uid="7" />
              <SequencePoints>
                <SequencePoint vc="64" uspid="296" ordinal="0" offset="0" sl="114" sc="5" el="114" ec="5" bec="0" bev="0" fileid="7" />
                <SequencePoint vc="64" uspid="297" ordinal="0" offset="1" sl="115" sc="9" el="115" ec="9" bec="0" bev="0" fileid="7" />
                <SequencePoint vc="64" uspid="298" ordinal="0" offset="14" sl="116" sc="5" el="116" ec="5" bec="0" bev="0" fileid="7" />
              </SequencePoints>
              <BranchPoints />
            </Method>
            <Method visited="true" cyclomaticComplexity="1" nPathComplexity="0" sequenceCoverage="100.0" branchCoverage="0" crapScore="1" isConstructor="false" isStatic="false" isGetter="false" isSetter="false">
              <Summary numSequencePoints="6" visitedSequencePoints="6" numBranchPoints="0" visitedBranchPoints="0" sequenceCoverage="100.0" branchCoverage="0" maxCyclomaticComplexity="1" minCyclomaticComplexity="1" maxCrapScore="1" minCrapScore="1" visitedClasses="0" numClasses="0" visitedMethods="1" numMethods="1" />
              <MetadataToken>100663337</MetadataToken>
              <Name>System.Void MenuManager::attackButton()</Name>
              <FileRef uid="7" />
              <SequencePoints>
                <SequencePoint vc="32" uspid="299" ordinal="0" offset="0" sl="119" sc="5" el="119" ec="5" bec="0" bev="0" fileid="7" />
                <SequencePoint vc="32" uspid="300" ordinal="0" offset="1" sl="120" sc="9" el="120" ec="9" bec="0" bev="0" fileid="7" />
                <SequencePoint vc="32" uspid="301" ordinal="0" offset="13" sl="121" sc="9" el="121" ec="9" bec="0" bev="0" fileid="7" />
                <SequencePoint vc="32" uspid="302" ordinal="0" offset="26" sl="122" sc="9" el="122" ec="9" bec="0" bev="0" fileid="7" />
                <SequencePoint vc="32" uspid="303" ordinal="0" offset="37" sl="123" sc="9" el="123" ec="9" bec="0" bev="0" fileid="7" />
                <SequencePoint vc="32" uspid="304" ordinal="0" offset="74" sl="124" sc="5" el="124" ec="5" bec="0" bev="0" fileid="7" />
              </SequencePoints>
              <BranchPoints />
            </Method>
            <Method visited="true" cyclomaticComplexity="2" nPathComplexity="0" sequenceCoverage="100.0" branchCoverage="0" crapScore="2" isConstructor="false" isStatic="false" isGetter="false" isSetter="false">
              <Summary numSequencePoints="7" visitedSequencePoints="7" numBranchPoints="0" visitedBranchPoints="0" sequenceCoverage="100.0" branchCoverage="0" maxCyclomaticComplexity="2" minCyclomaticComplexity="2" maxCrapScore="2" minCrapScore="2" visitedClasses="0" numClasses="0" visitedMethods="1" numMethods="1" />
              <MetadataToken>100663339</MetadataToken>
              <Name>System.Void MenuManager::unitSkillButton()</Name>
              <FileRef uid="7" />
              <SequencePoints>
                <SequencePoint vc="8" uspid="310" ordinal="0" offset="0" sl="133" sc="5" el="133" ec="5" bec="0" bev="0" fileid="7" />
                <SequencePoint vc="8" uspid="311" ordinal="0" offset="1" sl="134" sc="9" el="134" ec="9" bec="0" bev="0" fileid="7" />
                <SequencePoint vc="8" uspid="312" ordinal="0" offset="33" sl="135" sc="9" el="135" ec="9" bec="0" bev="0" fileid="7" />
                <SequencePoint vc="6" uspid="313" ordinal="0" offset="53" sl="136" sc="9" el="136" ec="9" bec="0" bev="0" fileid="7" />
                <SequencePoint vc="6" uspid="314" ordinal="0" offset="54" sl="137" sc="13" el="137" ec="13" bec="0" bev="0" fileid="7" />
                <SequencePoint vc="6" uspid="315" ordinal="0" offset="86" sl="138" sc="9" el="138" ec="9" bec="0" bev="0" fileid="7" />
                <SequencePoint vc="8" uspid="316" ordinal="0" offset="87" sl="139" sc="5" el="139" ec="5" bec="0" bev="0" fileid="7" />
              </SequencePoints>
              <BranchPoints />
            </Method>
            <Method visited="true" cyclomaticComplexity="1" nPathComplexity="0" sequenceCoverage="100.0" branchCoverage="0" crapScore="1" isConstructor="false" isStatic="false" isGetter="false" isSetter="false">
              <Summary numSequencePoints="4" visitedSequencePoints="4" numBranchPoints="0" visitedBranchPoints="0" sequenceCoverage="100.0" branchCoverage="0" maxCyclomaticComplexity="1" minCyclomaticComplexity="1" maxCrapScore="1" minCrapScore="1" visitedClasses="0" numClasses="0" visitedMethods="1" numMethods="1" />
              <MetadataToken>100663341</MetadataToken>
              <Name>System.Void MenuManager::waitButton()</Name>
              <FileRef uid="7" />
              <SequencePoints>
                <SequencePoint vc="23" uspid="324" ordinal="0" offset="0" sl="151" sc="5" el="151" ec="5" bec="0" bev="0" fileid="7" />
                <SequencePoint vc="23" uspid="325" ordinal="0" offset="1" sl="152" sc="9" el="152" ec="9" bec="0" bev="0" fileid="7" />
                <SequencePoint vc="23" uspid="326" ordinal="0" offset="12" sl="153" sc="9" el="153" ec="9" bec="0" bev="0" fileid="7" />
                <SequencePoint vc="23" uspid="327" ordinal="0" offset="24" sl="154" sc="5" el="154" ec="5" bec="0" bev="0" fileid="7" />
              </SequencePoints>
              <BranchPoints />
            </Method>
            <Method visited="true" cyclomaticComplexity="1" nPathComplexity="0" sequenceCoverage="100.0" branchCoverage="0" crapScore="1" isConstructor="false" isStatic="false" isGetter="false" isSetter="false">
              <Summary numSequencePoints="3" visitedSequencePoints="3" numBranchPoints="0" visitedBranchPoints="0" sequenceCoverage="100.0" branchCoverage="0" maxCyclomaticComplexity="1" minCyclomaticComplexity="1" maxCrapScore="1" minCrapScore="1" visitedClasses="0" numClasses="0" visitedMethods="1" numMethods="1" />
              <MetadataToken>100663344</MetadataToken>
              <Name>System.Void MenuManager::victoryScreen()</Name>
              <FileRef uid="7" />
              <SequencePoints>
                <SequencePoint vc="2" uspid="328" ordinal="0" offset="0" sl="175" sc="5" el="175" ec="5" bec="0" bev="0" fileid="7" />
                <SequencePoint vc="2" uspid="329" ordinal="0" offset="1" sl="176" sc="9" el="176" ec="9" bec="0" bev="0" fileid="7" />
                <SequencePoint vc="2" uspid="330" ordinal="0" offset="14" sl="177" sc="5" el="177" ec="5" bec="0" bev="0" fileid="7" />
              </SequencePoints>
              <BranchPoints />
            </Method>
            <Method visited="true" cyclomaticComplexity="1" nPathComplexity="0" sequenceCoverage="100.0" branchCoverage="0" crapScore="1" isConstructor="false" isStatic="false" isGetter="false" isSetter="false">
              <Summary numSequencePoints="3" visitedSequencePoints="3" numBranchPoints="0" visitedBranchPoints="0" sequenceCoverage="100.0" branchCoverage="0" maxCyclomaticComplexity="1" minCyclomaticComplexity="1" maxCrapScore="1" minCrapScore="1" visitedClasses="0" numClasses="0" visitedMethods="1" numMethods="1" />
              <MetadataToken>100663349</MetadataToken>
              <Name>System.Void MenuManager::exitButton()</Name>
              <FileRef uid="7" />
              <SequencePoints>
                <SequencePoint vc="1" uspid="343" ordinal="0" offset="0" sl="199" sc="5" el="199" ec="5" bec="0" bev="0" fileid="7" />
                <SequencePoint vc="1" uspid="344" ordinal="0" offset="1" sl="200" sc="9" el="200" ec="9" bec="0" bev="0" fileid="7" />
                <SequencePoint vc="1" uspid="345" ordinal="0" offset="7" sl="201" sc="5" el="201" ec="5" bec="0" bev="0" fileid="7" />
              </SequencePoints>
              <BranchPoints />
            </Method>
            <Method visited="true" cyclomaticComplexity="1" nPathComplexity="0" sequenceCoverage="100.0" branchCoverage="0" crapScore="1" isConstructor="false" isStatic="false" isGetter="false" isSetter="false">
              <Summary numSequencePoints="3" visitedSequencePoints="3" numBranchPoints="0" visitedBranchPoints="0" sequenceCoverage="100.0" branchCoverage="0" maxCyclomaticComplexity="1" minCyclomaticComplexity="1" maxCrapScore="1" minCrapScore="1" visitedClasses="0" numClasses="0" visitedMethods="1" numMethods="1" />
              <MetadataToken>100663351</MetadataToken>
              <Name>System.Void MenuManager::levelSelectButton()</Name>
              <FileRef uid="7" />
              <SequencePoints>
                <SequencePoint vc="3" uspid="349" ordinal="0" offset="0" sl="209" sc="5" el="209" ec="5" bec="0" bev="0" fileid="7" />
                <SequencePoint vc="3" uspid="350" ordinal="0" offset="1" sl="210" sc="9" el="210" ec="9" bec="0" bev="0" fileid="7" />
                <SequencePoint vc="3" uspid="351" ordinal="0" offset="12" sl="211" sc="5" el="211" ec="5" bec="0" bev="0" fileid="7" />
              </SequencePoints>
              <BranchPoints />
            </Method>
            <Method visited="true" cyclomaticComplexity="1" nPathComplexity="0" sequenceCoverage="100.0" branchCoverage="0" crapScore="1" isConstructor="false" isStatic="false" isGetter="false" isSetter="false">
              <Summary numSequencePoints="3" visitedSequencePoints="3" numBranchPoints="0" visitedBranchPoints="0" sequenceCoverage="100.0" branchCoverage="0" maxCyclomaticComplexity="1" minCyclomaticComplexity="1" maxCrapScore="1" minCrapScore="1" visitedClasses="0" numClasses="0" visitedMethods="1" numMethods="1" />
              <MetadataToken>100663352</MetadataToken>
              <Name>System.Void MenuManager::optionsButton()</Name>
              <FileRef uid="7" />
              <SequencePoints>
                <SequencePoint vc="1" uspid="352" ordinal="0" offset="0" sl="214" sc="5" el="214" ec="5" bec="0" bev="0" fileid="7" />
                <SequencePoint vc="1" uspid="353" ordinal="0" offset="1" sl="215" sc="9" el="215" ec="9" bec="0" bev="0" fileid="7" />
                <SequencePoint vc="1" uspid="354" ordinal="0" offset="13" sl="216" sc="5" el="216" ec="5" bec="0" bev="0" fileid="7" />
              </SequencePoints>
              <BranchPoints />
            </Method>
            <Method visited="true" cyclomaticComplexity="1" nPathComplexity="0" sequenceCoverage="100.0" branchCoverage="0" crapScore="1" isConstructor="false" isStatic="false" isGetter="false" isSetter="false">
              <Summary numSequencePoints="3" visitedSequencePoints="3" numBranchPoints="0" visitedBranchPoints="0" sequenceCoverage="100.0" branchCoverage="0" maxCyclomaticComplexity="1" minCyclomaticComplexity="1" maxCrapScore="1" minCrapScore="1" visitedClasses="0" numClasses="0" visitedMethods="1" numMethods="1" />
              <MetadataToken>100663353</MetadataToken>
              <Name>System.Void MenuManager::levelOneButton()</Name>
              <FileRef uid="7" />
              <SequencePoints>
                <SequencePoint vc="1" uspid="355" ordinal="0" offset="0" sl="219" sc="5" el="219" ec="5" bec="0" bev="0" fileid="7" />
                <SequencePoint vc="1" uspid="356" ordinal="0" offset="1" sl="220" sc="9" el="220" ec="9" bec="0" bev="0" fileid="7" />
                <SequencePoint vc="1" uspid="357" ordinal="0" offset="12" sl="221" sc="5" el="221" ec="5" bec="0" bev="0" fileid="7" />
[...]
              <Summary numSequencePoints="7" visitedSequencePoints="7" numBranchPoints="0" visitedBranchPoints="0" sequenceCoverage="100.0" branchCoverage="0" maxCyclomaticComplexity="5" minCyclomaticComplexity="5" maxCrapScore="5" minCrapScore="5" visitedClasses="0" numClasses="0" visitedMethods="1" numMethods="1" />
              <MetadataToken>100663442</MetadataToken>
              <Name>System.Boolean MenuManager/&lt;enemyPhase&gt;d__32::MoveNext()</Name>
              <FileRef uid="7" />
              <SequencePoints>
                <SequencePoint vc="9" uspid="946" ordinal="0" offset="45" sl="166" sc="5" el="166" ec="5" bec="0" bev="0" fileid="7" />
                <SequencePoint vc="9" uspid="947" ordinal="0" offset="46" sl="167" sc="9" el="167" ec="9" bec="0" bev="0" fileid="7" />
                <SequencePoint vc="9" uspid="948" ordinal="0" offset="78" sl="168" sc="9" el="168" ec="9" bec="0" bev="0" fileid="7" />
                <SequencePoint vc="9" uspid="949" ordinal="0" offset="125" sl="169" sc="9" el="169" ec="9" bec="0" bev="0" fileid="7" />
                <SequencePoint vc="9" uspid="950" ordinal="0" offset="143" sl="170" sc="9" el="170" ec="9" bec="0" bev="0" fileid="7" />
                <SequencePoint vc="9" uspid="951" ordinal="0" offset="175" sl="171" sc="9" el="171" ec="9" bec="0" bev="0" fileid="7" />
                <SequencePoint vc="9" uspid="952" ordinal="0" offset="193" sl="172" sc="5" el="172" ec="5" bec="0" bev="0" fileid="7" />
              </SequencePoints>
              <BranchPoints />
            </Method>
          </Methods>
        </Class>
        <Class>
          <Summary numSequencePoints="1" visitedSequencePoints="0" numBranchPoints="0" visitedBranchPoints="0" sequenceCoverage="0.0" branchCoverage="0.0" maxCyclomaticComplexity="1" minCyclomaticComplexity="1" maxCrapScore="2" minCrapScore="2" visitedClasses="0" numClasses="1" visitedMethods="0" numMethods="1" />
          <FullName>UnitManager&lt;&gt;c__DisplayClass11_0[T]</FullName>
          <Methods>
            <Method visited="false" cyclomaticComplexity="1" nPathComplexity="0" sequenceCoverage="0.0" branchCoverage="0" crapScore="2" isConstructor="false" isStatic="false" isGetter="false" isSetter="false">
              <Summary numSequencePoints="1" visitedSequencePoints="0" numBranchPoints="0" visitedBranchPoints="0" sequenceCoverage="0.0" branchCoverage="0" maxCyclomaticComplexity="1" minCyclomaticComplexity="1" maxCrapScore="2" minCrapScore="2" visitedClasses="0" numClasses="0" visitedMethods="0" numMethods="1" />
              <MetadataToken>100663447</MetadataToken>
              <Name>System.Boolean UnitManager&lt;&gt;c__DisplayClass11_0[T]::&lt;GetRandomUnit&gt;b__0(ScriptableUnit)</Name>
              <FileRef uid="10" />
              <SequencePoints>
                <SequencePoint vc="0" uspid="953" ordinal="0" offset="0" sl="67" sc="0" el="67" ec="0" bec="0" bev="0" fileid="10" />
              </SequencePoints>
              <BranchPoints />
            </Method>
          </Methods>
        </Class>
        <Class>
          <Summary numSequencePoints="1" visitedSequencePoints="0" numBranchPoints="0" visitedBranchPoints="0" sequenceCoverage="0.0" branchCoverage="0.0" maxCyclomaticComplexity="1" minCyclomaticComplexity="1" maxCrapScore="2" minCrapScore="2" visitedClasses="0" numClasses="1" visitedMethods="0" numMethods="1" />
          <FullName>UnitManager&lt;&gt;c__11[T]</FullName>
          <Methods>
            <Method visited="false" cyclomaticComplexity="1" nPathComplexity="0" sequenceCoverage="0.0" branchCoverage="0" crapScore="2" isConstructor="false" isStatic="false" isGetter="false" isSetter="false">
              <Summary numSequencePoints="1" visitedSequencePoints="0" numBranchPoints="0" visitedBranchPoints="0" sequenceCoverage="0.0" branchCoverage="0" maxCyclomaticComplexity="1" minCyclomaticComplexity="1" maxCrapScore="2" minCrapScore="2" visitedClasses="0" numClasses="0" visitedMethods="0" numMethods="1" />
              <MetadataToken>100663450</MetadataToken>
              <Name>System.Single UnitManager&lt;&gt;c__11[T]::&lt;GetRandomUnit&gt;b__11_1(ScriptableUnit)</Name>
              <FileRef uid="10" />
              <SequencePoints>
                <SequencePoint vc="0" uspid="954" ordinal="0" offset="0" sl="75" sc="0" el="75" ec="0" bec="0" bev="0" fileid="10" />
              </SequencePoints>
              <BranchPoints />
            </Method>
          </Methods>
        </Class>
        <Class>
          <Summary numSequencePoints="19" visitedSequencePoints="17" numBranchPoints="0" visitedBranchPoints="0" sequenceCoverage="89.47" branchCoverage="0.0" maxCyclomaticComplexity="8" minCyclomaticComplexity="8" maxCrapScore="8.07" minCrapScore="8.07" visitedClasses="1" numClasses="1" visitedMethods="1" numMethods="1" />
          <FullName>UnitManager/&lt;EnemyContoller&gt;d__14</FullName>
          <Methods>
            <Method visited="true" cyclomaticComplexity="8" nPathComplexity="0" sequenceCoverage="89.47" branchCoverage="0" crapScore="8.07" isConstructor="false" isStatic="false" isGetter="false" isSetter="false">
              <Summary numSequencePoints="19" visitedSequencePoints="17" numBranchPoints="0" visitedBranchPoints="0" sequenceCoverage="89.47" branchCoverage="0" maxCyclomaticComplexity="8" minCyclomaticComplexity="8" maxCrapScore="8.07" minCrapScore="8.07" visitedClasses="0" numClasses="0" visitedMethods="1" numMethods="1" />
              <MetadataToken>100663453</MetadataToken>
              <Name>System.Boolean UnitManager/&lt;EnemyContoller&gt;d__14::MoveNext()</Name>
              <FileRef uid="10" />
              <SequencePoints>
                <SequencePoint vc="9" uspid="955" ordinal="0" offset="45" sl="89" sc="5" el="89" ec="5" bec="0" bev="0" fileid="10" />
                <SequencePoint vc="9" uspid="956" ordinal="0" offset="46" sl="90" sc="9" el="90" ec="9" bec="0" bev="0" fileid="10" />
                <SequencePoint vc="9" uspid="957" ordinal="0" offset="78" sl="91" sc="9" el="91" ec="9" bec="0" bev="0" fileid="10" />
                <SequencePoint vc="9" uspid="958" ordinal="0" offset="79" sl="91" sc="37" el="91" ec="37" bec="0" bev="0" fileid="10" />
                <SequencePoint vc="39" uspid="959" ordinal="0" offset="102" sl="91" sc="18" el="91" ec="18" bec="0" bev="0" fileid="10" />
                <SequencePoint vc="39" uspid="960" ordinal="0" offset="119" sl="92" sc="9" el="92" ec="9" bec="0" bev="0" fileid="10" />
                <SequencePoint vc="39" uspid="961" ordinal="0" offset="120" sl="93" sc="13" el="93" ec="13" bec="0" bev="0" fileid="10" />
                <SequencePoint vc="39" uspid="962" ordinal="0" offset="135" sl="94" sc="13" el="94" ec="13" bec="0" bev="0" fileid="10" />
                <SequencePoint vc="39" uspid="963" ordinal="0" offset="136" sl="95" sc="17" el="95" ec="17" bec="0" bev="0" fileid="10" />
                <SequencePoint vc="39" uspid="964" ordinal="0" offset="159" sl="96" sc="13" el="96" ec="13" bec="0" bev="0" fileid="10" />
                <SequencePoint vc="39" uspid="965" ordinal="0" offset="160" sl="97" sc="13" el="97" ec="13" bec="0" bev="0" fileid="10" />
                <SequencePoint vc="39" uspid="966" ordinal="0" offset="172" sl="98" sc="13" el="98" ec="13" bec="0" bev="0" fileid="10" />
                <SequencePoint vc="0" uspid="967" ordinal="0" offset="189" sl="99" sc="13" el="99" ec="13" bec="0" bev="0" fileid="10" />
                <SequencePoint vc="0" uspid="968" ordinal="0" offset="190" sl="100" sc="17" el="100" ec="17" bec="0" bev="0" fileid="10" />
                <SequencePoint vc="39" uspid="969" ordinal="0" offset="194" sl="102" sc="9" el="102" ec="9" bec="0" bev="0" fileid="10" />
                <SequencePoint vc="48" uspid="970" ordinal="0" offset="202" sl="91" sc="34" el="91" ec="34" bec="0" bev="0" fileid="10" />
                <SequencePoint vc="9" uspid="971" ordinal="0" offset="248" sl="103" sc="9" el="103" ec="9" bec="0" bev="0" fileid="10" />
                <SequencePoint vc="9" uspid="972" ordinal="0" offset="280" sl="104" sc="9" el="104" ec="9" bec="0" bev="0" fileid="10" />
                <SequencePoint vc="9" uspid="973" ordinal="0" offset="292" sl="105" sc="5" el="105" ec="5" bec="0" bev="0" fileid="10" />
              </SequencePoints>
              <BranchPoints />
            </Method>
          </Methods>
        </Class>
        <Class>
          <Summary numSequencePoints="71" visitedSequencePoints="69" numBranchPoints="0" visitedBranchPoints="0" sequenceCoverage="97.18" branchCoverage="0.0" maxCyclomaticComplexity="16" minCyclomaticComplexity="16" maxCrapScore="16.01" minCrapScore="16.01" visitedClasses="1" numClasses="1" visitedMethods="1" numMethods="1" />
          <FullName>BaseEnemy/&lt;newAI&gt;d__0</FullName>
          <Methods>
            <Method visited="true" cyclomaticComplexity="16" nPathComplexity="0" sequenceCoverage="97.18" branchCoverage="0" crapScore="16.01" isConstructor="false" isStatic="false" isGetter="false" isSetter="false">
              <Summary numSequencePoints="71" visitedSequencePoints="69" numBranchPoints="0" visitedBranchPoints="0" sequenceCoverage="97.18" branchCoverage="0" maxCyclomaticComplexity="16" minCyclomaticComplexity="16" maxCrapScore="16.01" minCrapScore="16.01" visitedClasses="0" numClasses="0" visitedMethods="1" numMethods="1" />
              <MetadataToken>100663459</MetadataToken>
              <Name>System.Boolean BaseEnemy/&lt;newAI&gt;d__0::MoveNext()</Name>
              <FileRef uid="22" />
              <SequencePoints>
                <SequencePoint vc="39" uspid="974" ordinal="0" offset="34" sl="88" sc="5" el="88" ec="5" bec="0" bev="0" fileid="22" />
                <SequencePoint vc="39" uspid="975" ordinal="0" offset="35" sl="89" sc="9" el="89" ec="9" bec="0" bev="0" fileid="22" />
                <SequencePoint vc="39" uspid="976" ordinal="0" offset="47" sl="91" sc="9" el="91" ec="9" bec="0" bev="0" fileid="22" />
                <SequencePoint vc="39" uspid="977" ordinal="0" offset="58" sl="93" sc="9" el="93" ec="9" bec="0" bev="0" fileid="22" />
                <SequencePoint vc="39" uspid="978" ordinal="0" offset="59" sl="93" sc="35" el="93" ec="35" bec="0" bev="0" fileid="22" />
                <SequencePoint vc="232" uspid="979" ordinal="0" offset="85" sl="93" sc="18" el="93" ec="18" bec="0" bev="0" fileid="22" />
                <SequencePoint vc="232" uspid="980" ordinal="0" offset="102" sl="94" sc="9" el="94" ec="9" bec="0" bev="0" fileid="22" />
                <SequencePoint vc="232" uspid="981" ordinal="0" offset="103" sl="95" sc="13" el="95" ec="13" bec="0" bev="0" fileid="22" />
                <SequencePoint vc="154" uspid="982" ordinal="0" offset="167" sl="96" sc="13" el="96" ec="13" bec="0" bev="0" fileid="22" />
                <SequencePoint vc="154" uspid="983" ordinal="0" offset="168" sl="97" sc="17" el="97" ec="17" bec="0" bev="0" fileid="22" />
                <SequencePoint vc="78" uspid="984" ordinal="0" offset="173" sl="100" sc="13" el="100" ec="13" bec="0" bev="0" fileid="22" />
                <SequencePoint vc="78" uspid="985" ordinal="0" offset="190" sl="101" sc="13" el="101" ec="13" bec="0" bev="0" fileid="22" />
                <SequencePoint vc="78" uspid="986" ordinal="0" offset="211" sl="103" sc="13" el="103" ec="13" bec="0" bev="0" fileid="22" />
                <SequencePoint vc="78" uspid="987" ordinal="0" offset="244" sl="105" sc="13" el="105" ec="13" bec="0" bev="0" fileid="22" />
                <SequencePoint vc="78" uspid="988" ordinal="0" offset="274" sl="106" sc="13" el="106" ec="13" bec="0" bev="0" fileid="22" />
                <SequencePoint vc="78" uspid="989" ordinal="0" offset="286" sl="108" sc="13" el="108" ec="13" bec="0" bev="0" fileid="22" />
                <SequencePoint vc="76" uspid="990" ordinal="0" offset="299" sl="109" sc="13" el="109" ec="13" bec="0" bev="0" fileid="22" />
                <SequencePoint vc="76" uspid="991" ordinal="0" offset="300" sl="110" sc="17" el="110" ec="17" bec="0" bev="0" fileid="22" />
                <SequencePoint vc="76" uspid="992" ordinal="0" offset="318" sl="111" sc="13" el="111" ec="13" bec="0" bev="0" fileid="22" />
                <SequencePoint vc="78" uspid="993" ordinal="0" offset="319" sl="112" sc="9" el="112" ec="9" bec="0" bev="0" fileid="22" />
                <SequencePoint vc="271" uspid="994" ordinal="0" offset="334" sl="93" sc="32" el="93" ec="32" bec="0" bev="0" fileid="22" />
                <SequencePoint vc="39" uspid="995" ordinal="0" offset="383" sl="114" sc="9" el="114" ec="9" bec="0" bev="0" fileid="22" />
                <SequencePoint vc="16" uspid="996" ordinal="0" offset="401" sl="115" sc="9" el="115" ec="9" bec="0" bev="0" fileid="22" />
                <SequencePoint vc="16" uspid="997" ordinal="0" offset="402" sl="116" sc="13" el="116" ec="13" bec="0" bev="0" fileid="22" />
                <SequencePoint vc="23" uspid="998" ordinal="0" offset="404" sl="119" sc="9" el="119" ec="9" bec="0" bev="0" fileid="22" />
                <SequencePoint vc="23" uspid="999" ordinal="0" offset="411" sl="120" sc="9" el="120" ec="9" bec="0" bev="0" fileid="22" />
                <SequencePoint vc="23" uspid="1000" ordinal="0" offset="434" sl="122" sc="14" el="122" ec="14" bec="0" bev="0" fileid="22" />
                <SequencePoint vc="76" uspid="1001" ordinal="0" offset="443" sl="123" sc="9" el="123" ec="9" bec="0" bev="0" fileid="22" />
                <SequencePoint vc="76" uspid="1002" ordinal="0" offset="444" sl="124" sc="13" el="124" ec="13" bec="0" bev="0" fileid="22" />
                <SequencePoint vc="10" uspid="1003" ordinal="0" offset="480" sl="125" sc="13" el="125" ec="13" bec="0" bev="0" fileid="22" />
                <SequencePoint vc="10" uspid="1004" ordinal="0" offset="481" sl="126" sc="17" el="126" ec="17" bec="0" bev="0" fileid="22" />
                <SequencePoint vc="10" uspid="1005" ordinal="0" offset="493" sl="127" sc="17" el="127" ec="17" bec="0" bev="0" fileid="22" />
                <SequencePoint vc="10" uspid="1006" ordinal="0" offset="521" sl="128" sc="13" el="128" ec="13" bec="0" bev="0" fileid="22" />
                <SequencePoint vc="76" uspid="1007" ordinal="0" offset="522" sl="129" sc="9" el="129" ec="9" bec="0" bev="0" fileid="22" />
                <SequencePoint vc="76" uspid="1008" ordinal="0" offset="523" sl="122" sc="49" el="122" ec="49" bec="0" bev="0" fileid="22" />
                <SequencePoint vc="99" uspid="1009" ordinal="0" offset="541" sl="122" sc="25" el="122" ec="25" bec="0" bev="0" fileid="22" />
                <SequencePoint vc="23" uspid="1010" ordinal="0" offset="566" sl="131" sc="9" el="131" ec="9" bec="0" bev="0" fileid="22" />
                <SequencePoint vc="23" uspid="1011" ordinal="0" offset="583" sl="133" sc="9" el="133" ec="9" bec="0" bev="0" fileid="22" />
                <SequencePoint vc="23" uspid="1012" ordinal="0" offset="584" sl="133" sc="31" el="133" ec="31" bec="0" bev="0" fileid="22" />
                <SequencePoint vc="128" uspid="1013" ordinal="0" offset="614" sl="133" sc="18" el="133" ec="18" bec="0" bev="0" fileid="22" />
                <SequencePoint vc="128" uspid="1014" ordinal="0" offset="631" sl="134" sc="9" el="134" ec="9" bec="0" bev="0" fileid="22" />
                <SequencePoint vc="128" uspid="1015" ordinal="0" offset="632" sl="135" sc="13" el="135" ec="13" bec="0" bev="0" fileid="22" />
                <SequencePoint vc="56" uspid="1016" ordinal="0" offset="660" sl="136" sc="13" el="136" ec="13" bec="0" bev="0" fileid="22" />
                <SequencePoint vc="56" uspid="1017" ordinal="0" offset="661" sl="137" sc="17" el="137" ec="17" bec="0" bev="0" fileid="22" />
                <SequencePoint vc="56" uspid="1018" ordinal="0" offset="673" sl="138" sc="13" el="138" ec="13" bec="0" bev="0" fileid="22" />
                <SequencePoint vc="128" uspid="1019" ordinal="0" offset="674" sl="139" sc="9" el="139" ec="9" bec="0" bev="0" fileid="22" />
                <SequencePoint vc="151" uspid="1020" ordinal="0" offset="682" sl="133" sc="28" el="133" ec="28" bec="0" bev="0" fileid="22" />
                <SequencePoint vc="23" uspid="1021" ordinal="0" offset="728" sl="141" sc="9" el="141" ec="9" bec="0" bev="0" fileid="22" />
                <SequencePoint vc="23" uspid="1022" ordinal="0" offset="740" sl="143" sc="9" el="143" ec="9" bec="0" bev="0" fileid="22" />
                <SequencePoint vc="23" uspid="1023" ordinal="0" offset="758" sl="144" sc="9" el="144" ec="9" bec="0" bev="0" fileid="22" />
                <SequencePoint vc="23" uspid="1024" ordinal="0" offset="785" sl="146" sc="9" el="146" ec="9" bec="0" bev="0" fileid="22" />
                <SequencePoint vc="23" uspid="1025" ordinal="0" offset="792" sl="147" sc="9" el="147" ec="9" bec="0" bev="0" fileid="22" />
                <SequencePoint vc="23" uspid="1026" ordinal="0" offset="803" sl="149" sc="9" el="149" ec="9" bec="0" bev="0" fileid="22" />
                <SequencePoint vc="23" uspid="1027" ordinal="0" offset="804" sl="149" sc="35" el="149" ec="35" bec="0" bev="0" fileid="22" />
                <SequencePoint vc="132" uspid="1028" ordinal="0" offset="830" sl="149" sc="18" el="149" ec="18" bec="0" bev="0" fileid="22" />
                <SequencePoint vc="132" uspid="1029" ordinal="0" offset="847" sl="150" sc="9" el="150" ec="9" bec="0" bev="0" fileid="22" />
                <SequencePoint vc="132" uspid="1030" ordinal="0" offset="848" sl="151" sc="13" el="151" ec="13" bec="0" bev="0" fileid="22" />
                <SequencePoint vc="14" uspid="1031" ordinal="0" offset="938" sl="152" sc="13" el="152" ec="13" bec="0" bev="0" fileid="22" />
                <SequencePoint vc="14" uspid="1032" ordinal="0" offset="939" sl="153" sc="17" el="153" ec="17" bec="0" bev="0" fileid="22" />
                <SequencePoint vc="14" uspid="1033" ordinal="0" offset="951" sl="154" sc="13" el="154" ec="13" bec="0" bev="0" fileid="22" />
                <SequencePoint vc="132" uspid="1034" ordinal="0" offset="952" sl="155" sc="9" el="155" ec="9" bec="0" bev="0" fileid="22" />
                <SequencePoint vc="155" uspid="1035" ordinal="0" offset="960" sl="149" sc="32" el="149" ec="32" bec="0" bev="0" fileid="22" />
                <SequencePoint vc="23" uspid="1036" ordinal="0" offset="1009" sl="157" sc="9" el="157" ec="9" bec="0" bev="0" fileid="22" />
                <SequencePoint vc="11" uspid="1037" ordinal="0" offset="1027" sl="158" sc="9" el="158" ec="9" bec="0" bev="0" fileid="22" />
                <SequencePoint vc="11" uspid="1038" ordinal="0" offset="1028" sl="159" sc="13" el="159" ec="13" bec="0" bev="0" fileid="22" />
                <SequencePoint vc="11" uspid="1039" ordinal="0" offset="1060" sl="160" sc="13" el="160" ec="13" bec="0" bev="0" fileid="22" />
                <SequencePoint vc="11" uspid="1040" ordinal="0" offset="1078" sl="161" sc="13" el="161" ec="13" bec="0" bev="0" fileid="22" />
                <SequencePoint vc="0" uspid="1041" ordinal="0" offset="1097" sl="162" sc="13" el="162" ec="13" bec="0" bev="0" fileid="22" />
                <SequencePoint vc="0" uspid="1042" ordinal="0" offset="1098" sl="163" sc="17" el="163" ec="17" bec="0" bev="0" fileid="22" />
                <SequencePoint vc="11" uspid="1043" ordinal="0" offset="1100" sl="165" sc="9" el="165" ec="9" bec="0" bev="0" fileid="22" />
                <SequencePoint vc="23" uspid="1044" ordinal="0" offset="1101" sl="166" sc="5" el="166" ec="5" bec="0" bev="0" fileid="22" />
              </SequencePoints>
              <BranchPoints />
            </Method>
          </Methods>
        </Class>
      </Classes>
    </Module>
  </Modules>
</CoverageSession>